Log file open, 11/06/18 21:12:57
LogWindows: Failed to load 'aqProf.dll' (GetLastError=126)
LogWindows: File 'aqProf.dll' does not exist
LogWindows: Failed to load 'VtuneApi.dll' (GetLastError=126)
LogWindows: File 'VtuneApi.dll' does not exist
LogWindows: Failed to load 'VtuneApi32e.dll' (GetLastError=126)
LogWindows: File 'VtuneApi32e.dll' does not exist
LogInit: Display: Running engine for game: Demons_World_Game
LogPlatformFile: Not using cached read wrapper
LogInit: Display: RandInit(-811701336) SRandInit(-811701336).
LogInit: Read version file with build ID '3944462'
LogInit: Overriding engine version to CL 4033788, compatible CL 3944462
LogInit: Registered custom module enumerator with build ID '3944462'
LogTaskGraph: Started task graph with 5 named threads and 23 total threads with 3 sets of task threads.
LogStats: Stats thread started at 0.313037
LogD3D11RHI: Aftermath initialized
LogICUInternationalization: Display: ICU TimeZone Detection - Raw Offset: -3:00, Platform Override: ''
LogModuleManager: Display: Found up-to-date module file ../../../Engine/Plugins/2D/Paper2D/Binaries/Win64/UE4Editor-Paper2D.dll (API version 3944462).
LogModuleManager: Display: Found up-to-date module file ../../../Engine/Plugins/2D/Paper2D/Binaries/Win64/UE4Editor-Paper2DEditor.dll (API version 3944462).
LogModuleManager: Display: Found up-to-date module file ../../../Engine/Plugins/2D/Paper2D/Binaries/Win64/UE4Editor-PaperSpriteSheetImporter.dll (API version 3944462).
LogModuleManager: Display: Found up-to-date module file ../../../Engine/Plugins/2D/Paper2D/Binaries/Win64/UE4Editor-PaperTiledImporter.dll (API version 3944462).
LogModuleManager: Display: Found up-to-date module file ../../../Engine/Plugins/2D/Paper2D/Binaries/Win64/UE4Editor-SmartSnapping.dll (API version 3944462).
LogModuleManager: Display: Found up-to-date module file ../../../Engine/Plugins/Blendables/LightPropagationVolume/Binaries/Win64/UE4Editor-LightPropagationVolumeRuntime.dll (API version 3944462).
LogModuleManager: Display: Found up-to-date module file ../../../Engine/Plugins/Blendables/LightPropagationVolume/Binaries/Win64/UE4Editor-LightPropagationVolumeEditor.dll (API version 3944462).
LogModuleManager: Display: Found up-to-date module file ../../../Engine/Plugins/Developer/CLionSourceCodeAccess/Binaries/Win64/UE4Editor-CLionSourceCodeAccess.dll (API version 3944462).
LogModuleManager: Display: Found up-to-date module file ../../../Engine/Plugins/Developer/GitSourceControl/Binaries/Win64/UE4Editor-GitSourceControl.dll (API version 3944462).
LogModuleManager: Display: Found up-to-date module file ../../../Engine/Plugins/Developer/PerforceSourceControl/Binaries/Win64/UE4Editor-PerforceSourceControl.dll (API version 3944462).
LogModuleManager: Display: Found up-to-date module file ../../../Engine/Plugins/Developer/SubversionSourceControl/Binaries/Win64/UE4Editor-SubversionSourceControl.dll (API version 3944462).
LogModuleManager: Display: Found up-to-date module file ../../../Engine/Plugins/Developer/UObjectPlugin/Binaries/Win64/UE4Editor-UObjectPlugin.dll (API version 3944462).
LogModuleManager: Display: Found up-to-date module file ../../../Engine/Plugins/Developer/VisualStudioCodeSourceCodeAccess/Binaries/Win64/UE4Editor-VisualStudioCodeSourceCodeAccess.dll (API version 3944462).
LogModuleManager: Display: Found up-to-date module file ../../../Engine/Plugins/Developer/VisualStudioSourceCodeAccess/Binaries/Win64/UE4Editor-VisualStudioSourceCodeAccess.dll (API version 3944462).
LogModuleManager: Display: Found up-to-date module file ../../../Engine/Plugins/Editor/AssetManagerEditor/Binaries/Win64/UE4Editor-AssetManagerEditor.dll (API version 3944462).
LogModuleManager: Display: Found up-to-date module file ../../../Engine/Plugins/Editor/CryptoKeys/Binaries/Win64/UE4Editor-CryptoKeys.dll (API version 3944462).
LogModuleManager: Display: Found up-to-date module file ../../../Engine/Plugins/Editor/CryptoKeys/Binaries/Win64/UE4Editor-CryptoKeysOpenSSL.dll (API version 3944462).
LogModuleManager: Display: Found up-to-date module file ../../../Engine/Plugins/Editor/DataValidation/Binaries/Win64/UE4Editor-DataValidation.dll (API version 3944462).
LogModuleManager: Display: Found up-to-date module file ../../../Engine/Plugins/Editor/FacialAnimation/Binaries/Win64/UE4Editor-FacialAnimation.dll (API version 3944462).
LogModuleManager: Display: Found up-to-date module file ../../../Engine/Plugins/Editor/FacialAnimation/Binaries/Win64/UE4Editor-FacialAnimationEditor.dll (API version 3944462).
LogModuleManager: Display: Found up-to-date module file ../../../Engine/Plugins/Editor/GameplayTagsEditor/Binaries/Win64/UE4Editor-GameplayTagsEditor.dll (API version 3944462).
LogModuleManager: Display: Found up-to-date module file ../../../Engine/Plugins/Editor/MobileLauncherProfileWizard/Binaries/Win64/UE4Editor-MobileLauncherProfileWizard.dll (API version 3944462).
LogModuleManager: Display: Found up-to-date module file ../../../Engine/Plugins/Editor/PluginBrowser/Binaries/Win64/UE4Editor-PluginBrowser.dll (API version 3944462).
LogModuleManager: Display: Found up-to-date module file ../../../Engine/Plugins/Editor/SpeedTreeImporter/Binaries/Win64/UE4Editor-SpeedTreeImporter.dll (API version 3944462).
LogModuleManager: Display: Found up-to-date module file ../../../Engine/Plugins/Enterprise/DatasmithContent/Binaries/Win64/UE4Editor-DatasmithContent.dll (API version 3944462).
LogModuleManager: Display: Found up-to-date module file ../../../Engine/Plugins/Experimental/AlembicImporter/Binaries/Win64/UE4Editor-AlembicImporter.dll (API version 3944462).
LogModuleManager: Display: Found up-to-date module file ../../../Engine/Plugins/Experimental/AlembicImporter/Binaries/Win64/UE4Editor-AlembicLibrary.dll (API version 3944462).
LogModuleManager: Display: Found up-to-date module file ../../../Engine/Plugins/Experimental/CharacterAI/Binaries/Win64/UE4Editor-CharacterAI.dll (API version 3944462).
LogModuleManager: Display: Found up-to-date module file ../../../Engine/Plugins/Experimental/HTML5Networking/Binaries/Win64/UE4Editor-HTML5Networking.dll (API version 3944462).
LogModuleManager: Display: Found up-to-date module file ../../../Engine/Plugins/Media/AndroidMedia/Binaries/Win64/UE4Editor-AndroidMediaEditor.dll (API version 3944462).
LogModuleManager: Display: Found up-to-date module file ../../../Engine/Plugins/Media/AndroidMedia/Binaries/Win64/UE4Editor-AndroidMediaFactory.dll (API version 3944462).
LogModuleManager: Display: Found up-to-date module file ../../../Engine/Plugins/Media/AvfMedia/Binaries/Win64/UE4Editor-AvfMediaEditor.dll (API version 3944462).
LogModuleManager: Display: Found up-to-date module file ../../../Engine/Plugins/Media/AvfMedia/Binaries/Win64/UE4Editor-AvfMediaFactory.dll (API version 3944462).
LogModuleManager: Display: Found up-to-date module file ../../../Engine/Plugins/Media/AvfMedia/Binaries/Win64/UE4Editor-AvfMediaFactory.dll (API version 3944462).
LogModuleManager: Display: Found up-to-date module file ../../../Engine/Plugins/Media/ImgMedia/Binaries/Win64/UE4Editor-ImgMedia.dll (API version 3944462).
LogModuleManager: Display: Found up-to-date module file ../../../Engine/Plugins/Media/ImgMedia/Binaries/Win64/UE4Editor-ImgMediaEditor.dll (API version 3944462).
LogModuleManager: Display: Found up-to-date module file ../../../Engine/Plugins/Media/ImgMedia/Binaries/Win64/UE4Editor-ImgMediaFactory.dll (API version 3944462).
LogModuleManager: Display: Found up-to-date module file ../../../Engine/Plugins/Media/ImgMedia/Binaries/Win64/UE4Editor-ImgMediaFactory.dll (API version 3944462).
LogModuleManager: Display: Found up-to-date module file ../../../Engine/Plugins/Media/ImgMedia/Binaries/Win64/UE4Editor-OpenExrWrapper.dll (API version 3944462).
LogModuleManager: Display: Found up-to-date module file ../../../Engine/Plugins/Media/LinearTimecode/Binaries/Win64/UE4Editor-LinearTimecode.dll (API version 3944462).
LogModuleManager: Display: Found up-to-date module file ../../../Engine/Plugins/Media/MediaCompositing/Binaries/Win64/UE4Editor-MediaCompositing.dll (API version 3944462).
LogModuleManager: Display: Found up-to-date module file ../../../Engine/Plugins/Media/MediaCompositing/Binaries/Win64/UE4Editor-MediaCompositingEditor.dll (API version 3944462).
LogModuleManager: Display: Found up-to-date module file ../../../Engine/Plugins/Media/MediaPlayerEditor/Binaries/Win64/UE4Editor-MediaPlayerEditor.dll (API version 3944462).
LogModuleManager: Display: Found up-to-date module file ../../../Engine/Plugins/Media/WmfMedia/Binaries/Win64/UE4Editor-WmfMedia.dll (API version 3944462).
LogModuleManager: Display: Found up-to-date module file ../../../Engine/Plugins/Media/WmfMedia/Binaries/Win64/UE4Editor-WmfMediaEditor.dll (API version 3944462).
LogModuleManager: Display: Found up-to-date module file ../../../Engine/Plugins/Media/WmfMedia/Binaries/Win64/UE4Editor-WmfMediaFactory.dll (API version 3944462).
LogModuleManager: Display: Found up-to-date module file ../../../Engine/Plugins/Media/WmfMedia/Binaries/Win64/UE4Editor-WmfMediaFactory.dll (API version 3944462).
LogModuleManager: Display: Found up-to-date module file ../../../Engine/Plugins/Messaging/TcpMessaging/Binaries/Win64/UE4Editor-TcpMessaging.dll (API version 3944462).
LogModuleManager: Display: Found up-to-date module file ../../../Engine/Plugins/Messaging/UdpMessaging/Binaries/Win64/UE4Editor-UdpMessaging.dll (API version 3944462).
LogModuleManager: Display: Found up-to-date module file ../../../Engine/Plugins/MovieScene/ActorSequence/Binaries/Win64/UE4Editor-ActorSequence.dll (API version 3944462).
LogModuleManager: Display: Found up-to-date module file ../../../Engine/Plugins/MovieScene/LevelSequenceEditor/Binaries/Win64/UE4Editor-LevelSequenceEditor.dll (API version 3944462).
LogModuleManager: Display: Found up-to-date module file ../../../Engine/Plugins/MovieScene/MatineeToLevelSequence/Binaries/Win64/UE4Editor-MatineeToLevelSequence.dll (API version 3944462).
LogModuleManager: Display: Found up-to-date module file ../../../Engine/Plugins/NetcodeUnitTest/NetcodeUnitTest/Binaries/Win64/UE4Editor-NetcodeUnitTest.dll (API version 3944462).
LogModuleManager: Display: Found up-to-date module file ../../../Engine/Plugins/NetcodeUnitTest/NUTUnrealEngine4/Binaries/Win64/UE4Editor-NUTUnrealEngine4.dll (API version 3944462).
LogModuleManager: Display: Found up-to-date module file ../../../Engine/Plugins/Online/OnlineSubsystem/Binaries/Win64/UE4Editor-OnlineSubsystem.dll (API version 3944462).
LogModuleManager: Display: Found up-to-date module file ../../../Engine/Plugins/Runtime/AndroidPermission/Binaries/Win64/UE4Editor-AndroidPermission.dll (API version 3944462).
LogModuleManager: Display: Found up-to-date module file ../../../Engine/Plugins/Online/OnlineSubsystemNull/Binaries/Win64/UE4Editor-OnlineSubsystemNull.dll (API version 3944462).
LogModuleManager: Display: Found up-to-date module file ../../../Engine/Plugins/Online/OnlineSubsystemUtils/Binaries/Win64/UE4Editor-OnlineSubsystemUtils.dll (API version 3944462).
LogModuleManager: Display: Found up-to-date module file ../../../Engine/Plugins/Online/OnlineSubsystemUtils/Binaries/Win64/UE4Editor-OnlineBlueprintSupport.dll (API version 3944462).
LogModuleManager: Display: Found up-to-date module file ../../../Engine/Plugins/Runtime/AndroidDeviceProfileSelector/Binaries/Win64/UE4Editor-AndroidDeviceProfileSelector.dll (API version 3944462).
LogModuleManager: Display: Found up-to-date module file ../../../Engine/Plugins/Runtime/AppleARKit/Binaries/Win64/UE4Editor-AppleARKit.dll (API version 3944462).
LogModuleManager: Display: Found up-to-date module file ../../../Engine/Plugins/Runtime/ProceduralMeshComponent/Binaries/Win64/UE4Editor-ProceduralMeshComponent.dll (API version 3944462).
LogModuleManager: Display: Found up-to-date module file ../../../Engine/Plugins/Runtime/ProceduralMeshComponent/Binaries/Win64/UE4Editor-ProceduralMeshComponentEditor.dll (API version 3944462).
LogModuleManager: Display: Found up-to-date module file ../../../Engine/Plugins/Animation/LiveLink/Binaries/Win64/UE4Editor-LiveLink.dll (API version 3944462).
LogModuleManager: Display: Found up-to-date module file ../../../Engine/Plugins/Animation/LiveLink/Binaries/Win64/UE4Editor-LiveLinkEditor.dll (API version 3944462).
LogModuleManager: Display: Found up-to-date module file ../../../Engine/Plugins/Runtime/ArchVisCharacter/Binaries/Win64/UE4Editor-ArchVisCharacter.dll (API version 3944462).
LogModuleManager: Display: Found up-to-date module file ../../../Engine/Plugins/Runtime/AudioCapture/Binaries/Win64/UE4Editor-AudioCapture.dll (API version 3944462).
LogModuleManager: Display: Found up-to-date module file ../../../Engine/Plugins/Runtime/AudioCapture/Binaries/Win64/UE4Editor-AudioCaptureEditor.dll (API version 3944462).
LogModuleManager: Display: Found up-to-date module file ../../../Engine/Plugins/Runtime/CableComponent/Binaries/Win64/UE4Editor-CableComponent.dll (API version 3944462).
LogModuleManager: Display: Found up-to-date module file ../../../Engine/Plugins/Runtime/CustomMeshComponent/Binaries/Win64/UE4Editor-CustomMeshComponent.dll (API version 3944462).
LogModuleManager: Display: Found up-to-date module file ../../../Engine/Plugins/Runtime/ExampleDeviceProfileSelector/Binaries/Win64/UE4Editor-ExampleDeviceProfileSelector.dll (API version 3944462).
LogModuleManager: Display: Found up-to-date module file ../../../Engine/Plugins/Runtime/ImmediatePhysics/Binaries/Win64/UE4Editor-ImmediatePhysics.dll (API version 3944462).
LogModuleManager: Display: Found up-to-date module file ../../../Engine/Plugins/Runtime/ImmediatePhysics/Binaries/Win64/UE4Editor-ImmediatePhysicsEditor.dll (API version 3944462).
LogModuleManager: Display: Found up-to-date module file ../../../Engine/Plugins/Runtime/LocationServicesBPLibrary/Binaries/Win64/UE4Editor-LocationServicesBPLibrary.dll (API version 3944462).
LogModuleManager: Display: Found up-to-date module file ../../../Engine/Plugins/Runtime/MobilePatchingUtils/Binaries/Win64/UE4Editor-MobilePatchingUtils.dll (API version 3944462).
LogModuleManager: Display: Found up-to-date module file ../../../Engine/Plugins/Runtime/Oculus/OculusVR/Binaries/Win64/UE4Editor-OculusHMD.dll (API version 3944462).
LogModuleManager: Display: Found up-to-date module file ../../../Engine/Plugins/Runtime/Oculus/OculusVR/Binaries/Win64/UE4Editor-OculusInput.dll (API version 3944462).
LogModuleManager: Display: Found up-to-date module file ../../../Engine/Plugins/Runtime/Oculus/OculusVR/Binaries/Win64/UE4Editor-OculusEditor.dll (API version 3944462).
LogModuleManager: Display: Found up-to-date module file ../../../Engine/Plugins/Runtime/PhysXVehicles/Binaries/Win64/UE4Editor-PhysXVehicles.dll (API version 3944462).
LogModuleManager: Display: Found up-to-date module file ../../../Engine/Plugins/Runtime/PhysXVehicles/Binaries/Win64/UE4Editor-PhysXVehiclesEditor.dll (API version 3944462).
LogModuleManager: Display: Found up-to-date module file ../../../Engine/Plugins/Runtime/RuntimePhysXCooking/Binaries/Win64/UE4Editor-RuntimePhysXCooking.dll (API version 3944462).
LogModuleManager: Display: Found up-to-date module file ../../../Engine/Plugins/Runtime/Steam/SteamVR/Binaries/Win64/UE4Editor-SteamVR.dll (API version 3944462).
LogModuleManager: Display: Found up-to-date module file ../../../Engine/Plugins/Runtime/Steam/SteamVR/Binaries/Win64/UE4Editor-SteamVRController.dll (API version 3944462).
LogModuleManager: Display: Found up-to-date module file ../../../Engine/Plugins/Runtime/WindowsMoviePlayer/Binaries/Win64/UE4Editor-WindowsMoviePlayer.dll (API version 3944462).
LogPluginManager: Mounting plugin Paper2D
LogPluginManager: Mounting plugin LiveLink
LogPluginManager: Mounting plugin LightPropagationVolume
LogPluginManager: Mounting plugin CLionSourceCodeAccess
LogPluginManager: Mounting plugin CodeLiteSourceCodeAccess
LogPluginManager: Mounting plugin GitSourceControl
LogPluginManager: Mounting plugin KDevelopSourceCodeAccess
LogPluginManager: Mounting plugin NullSourceCodeAccess
LogPluginManager: Mounting plugin PerforceSourceControl
LogPluginManager: Mounting plugin SubversionSourceControl
LogPluginManager: Mounting plugin UObjectPlugin
LogPluginManager: Mounting plugin VisualStudioCodeSourceCodeAccess
LogPluginManager: Mounting plugin VisualStudioSourceCodeAccess
LogPluginManager: Mounting plugin XCodeSourceCodeAccess
LogPluginManager: Mounting plugin AssetManagerEditor
LogPluginManager: Mounting plugin CryptoKeys
LogPluginManager: Mounting plugin DataValidation
LogPluginManager: Mounting plugin FacialAnimation
LogPluginManager: Mounting plugin GameplayTagsEditor
LogPluginManager: Mounting plugin MobileLauncherProfileWizard
LogPluginManager: Mounting plugin PluginBrowser
LogPluginManager: Mounting plugin SpeedTreeImporter
LogPluginManager: Mounting plugin DatasmithContent
LogPluginManager: Mounting plugin AlembicImporter
LogPluginManager: Mounting plugin CharacterAI
LogPluginManager: Mounting plugin HTML5Networking
LogPluginManager: Mounting plugin AndroidMedia
LogPluginManager: Mounting plugin AvfMedia
LogPluginManager: Mounting plugin ImgMedia
LogPluginManager: Mounting plugin LinearTimecode
LogPluginManager: Mounting plugin MediaCompositing
LogPluginManager: Mounting plugin MediaPlayerEditor
LogPluginManager: Mounting plugin WmfMedia
LogPluginManager: Mounting plugin TcpMessaging
LogPluginManager: Mounting plugin UdpMessaging
LogPluginManager: Mounting plugin ActorSequence
LogPluginManager: Mounting plugin LevelSequenceEditor
LogPluginManager: Mounting plugin MatineeToLevelSequence
LogPluginManager: Mounting plugin NetcodeUnitTest
LogPluginManager: Mounting plugin NUTUnrealEngine4
LogPluginManager: Mounting plugin OnlineSubsystemGooglePlay
LogPluginManager: Mounting plugin OnlineSubsystemIOS
LogPluginManager: Mounting plugin OnlineSubsystem
LogPluginManager: Mounting plugin OnlineSubsystemNull
LogPluginManager: Mounting plugin OnlineSubsystemUtils
LogPluginManager: Mounting plugin AndroidDeviceProfileSelector
LogPluginManager: Mounting plugin AndroidMoviePlayer
LogPluginManager: Mounting plugin AndroidPermission
LogPluginManager: Mounting plugin AppleARKit
LogPluginManager: Mounting plugin AppleMoviePlayer
LogPluginManager: Mounting plugin ArchVisCharacter
LogPluginManager: Mounting plugin AudioCapture
LogPluginManager: Mounting plugin CableComponent
LogPluginManager: Mounting plugin CustomMeshComponent
LogPluginManager: Mounting plugin ExampleDeviceProfileSelector
LogPluginManager: Mounting plugin GoogleCloudMessaging
LogPluginManager: Mounting plugin ImmediatePhysics
LogPluginManager: Mounting plugin IOSDeviceProfileSelector
LogPluginManager: Mounting plugin LinuxDeviceProfileSelector
LogPluginManager: Mounting plugin LocationServicesBPLibrary
LogPluginManager: Mounting plugin MobilePatchingUtils
LogPluginManager: Mounting plugin OculusVR
LogPluginManager: Plugin shader directory ../../../Engine/Plugins/Runtime/Oculus/OculusVR/Shaders found
LogPluginManager: Mapping shader source directory ../../../Engine/Plugins/Runtime/Oculus/OculusVR/Shaders to virtual directory /Plugin/OculusVR
LogPluginManager: Mounting plugin PhysXVehicles
LogPluginManager: Mounting plugin ProceduralMeshComponent
LogPluginManager: Mounting plugin RuntimePhysXCooking
LogPluginManager: Mounting plugin SteamVR
LogPluginManager: Mounting plugin WindowsMoviePlayer
LogStreaming: Display: Took  2.044s to configure plugins.
LogInit: Using libcurl 7.47.1
LogInit:  - built for x86_64-pc-win32
LogInit:  - supports SSL with OpenSSL/1.0.2g
LogInit:  - supports HTTP deflate (compression) using libz 1.2.8
LogInit:  - other features:
LogInit:      CURL_VERSION_SSL
LogInit:      CURL_VERSION_LIBZ
LogInit:      CURL_VERSION_IPV6
LogInit:      CURL_VERSION_ASYNCHDNS
LogInit:      CURL_VERSION_LARGEFILE
LogInit:      CURL_VERSION_IDN
LogInit:  CurlRequestOptions (configurable via config and command line):
LogInit:  - bVerifyPeer = false  - Libcurl will NOT verify peer certificate
LogInit:  - bUseHttpProxy = false  - Libcurl will NOT use HTTP proxy
LogInit:  - bDontReuseConnections = false  - Libcurl will reuse connections
LogInit:  - CertBundlePath = nullptr  - Libcurl will use whatever was configured at build time.
LogInit:  - MaxHostConnections = 16  - Libcurl will limit the number of connections to a host
LogInit:  - LocalHostAddr = Default
LogInit: WinSock: version 1.1 (2.2), MaxSocks=32767, MaxUdp=65467
LogInit: WinSock: I am ADMINRG-JHA4H1H (192.168.0.19:0)
LogInit: Build: ++UE4+Release-4.19-CL-4033788
LogInit: Engine Version: 4.19.2-4033788+++UE4+Release-4.19
LogInit: Compatible Engine Version: 4.19.0-3944462+++UE4+Release-4.19
LogInit: Net CL: 3944462
LogDevObjectVersion: Number of dev versions registered: 18
LogDevObjectVersion:   Dev-Blueprints (B0D832E4-1F89-4F0D-ACCF-7EB736FD4AA2): 10
LogDevObjectVersion:   Dev-Build (E1C64328-A22C-4D53-A36C-8E866417BD8C): 0
LogDevObjectVersion:   Dev-Core (375EC13C-06E4-48FB-B500-84F0262A717E): 2
LogDevObjectVersion:   Dev-Editor (E4B068ED-F494-42E9-A231-DA0B2E46BB41): 23
LogDevObjectVersion:   Dev-Framework (CFFC743F-43B0-4480-9391-14DF171D2073): 33
LogDevObjectVersion:   Dev-Mobile (B02B49B5-BB20-44E9-A304-32B752E40360): 2
LogDevObjectVersion:   Dev-Networking (A4E4105C-59A1-49B5-A7C5-40C4547EDFEE): 0
LogDevObjectVersion:   Dev-Online (39C831C9-5AE6-47DC-9A44-9C173E1C8E7C): 0
LogDevObjectVersion:   Dev-Physics (78F01B33-EBEA-4F98-B9B4-84EACCB95AA2): 0
LogDevObjectVersion:   Dev-Platform (6631380F-2D4D-43E0-8009-CF276956A95A): 0
LogDevObjectVersion:   Dev-Rendering (12F88B9F-8875-4AFC-A67C-D90C383ABD29): 25
LogDevObjectVersion:   Dev-Sequencer (7B5AE74C-D270-4C10-A958-57980B212A5A): 6
LogDevObjectVersion:   Dev-VR (D7296918-1DD6-4BDD-9DE2-64A83CC13884): 1
LogDevObjectVersion:   Dev-LoadTimes (C2A15278-BFE7-4AFE-6C17-90FF531DF755): 1
LogDevObjectVersion:   Private-Geometry (6EACA3D4-40EC-4CC1-B786-8BED09428FC5): 2
LogDevObjectVersion:   Dev-AnimPhys (29E575DD-E0A3-4627-9D10-D276232CDCEA): 16
LogDevObjectVersion:   Dev-ReflectionCapture (6B266CEC-1EC7-4B8F-A30B-E4D90942FC07): 1
LogDevObjectVersion:   Dev-Automation (0DF73D61-A23F-47EA-B727-89E90C41499A): 1
LogInit: Compiled (64-bit): Apr 27 2018 02:06:57
LogInit: Compiled with Visual C++: 19.00.24215.01
LogInit: Build Configuration: Development
LogInit: Branch Name: ++UE4+Release-4.19
LogInit: Command Line:  
LogInit: Base Directory: E:/Program Files (x86)/UE_4.19/Engine/Binaries/Win64/
LogInit: Installed Engine Build: 1
LogStreaming: Display: Took  0.001s to delete old logs.
LogInit: Presizing for max 8388607 objects, including 0 objects not considered by GC, pre-allocating 0 bytes for permanent pool.
LogInit: Object subsystem initialized
[2018.11.06-23.13.00:466][  0]LogInit: Selected Device Profile: [Windows]
[2018.11.06-23.13.00:466][  0]LogInit: Applying CVar settings loaded from the selected device profile: [Windows]
[2018.11.06-23.13.00:570][  0]LogInit: Computer: ADMINRG-JHA4H1H
[2018.11.06-23.13.00:570][  0]LogInit: User: guipf
[2018.11.06-23.13.00:570][  0]LogInit: CPU Page size=4096, Cores=4
[2018.11.06-23.13.00:570][  0]LogInit: High frequency timer resolution =3.924264 MHz
[2018.11.06-23.13.00:570][  0]LogMemory: Memory total: Physical=8.0GB (8GB approx)
[2018.11.06-23.13.00:570][  0]LogMemory: Platform Memory Stats for Windows
[2018.11.06-23.13.00:570][  0]LogMemory: Process Physical Memory: 274.58 MB used, 274.58 MB peak
[2018.11.06-23.13.00:570][  0]LogMemory: Process Virtual Memory: 264.75 MB used, 264.75 MB peak
[2018.11.06-23.13.00:570][  0]LogMemory: Physical Memory: 4493.61 MB used,  3665.05 MB free, 8158.65 MB total
[2018.11.06-23.13.00:570][  0]LogMemory: Virtual Memory: 4790.40 MB used,  3665.05 MB free, 134217728.00 MB total
[2018.11.06-23.13.00:596][  0]LogInit: Using OS detected language (en-US).
[2018.11.06-23.13.00:596][  0]LogInit: Using OS detected locale (pt-BR).
[2018.11.06-23.13.00:601][  0]LogTextLocalizationManager: No specific localization for 'en-US' exists, so the 'en' localization will be used.
[2018.11.06-23.13.01:169][  0]LogStreaming: Display: Took  0.573s to EndInitTextLocalization.
[2018.11.06-23.13.01:169][  0]LogInit: Setting process to per monitor DPI aware
[2018.11.06-23.13.01:206][  0]LogSlate: New Slate User Created.  User Index 0, Is Virtual User: 0
[2018.11.06-23.13.01:206][  0]LogSlate: Slate User Registered.  User Index 0, Is Virtual User: 0
[2018.11.06-23.13.01:671][  0]LogD3D11RHI: D3D11 adapters:
[2018.11.06-23.13.01:750][  0]LogD3D11RHI:    0. 'NVIDIA GeForce GTX 1060 6GB' (Feature Level 11_0)
[2018.11.06-23.13.01:750][  0]LogD3D11RHI:       6052/0/4079 MB DedicatedVideo/DedicatedSystem/SharedSystem, Outputs:1, VendorId:0x10de
[2018.11.06-23.13.01:753][  0]LogD3D11RHI:    1. 'Microsoft Basic Render Driver' (Feature Level 11_0)
[2018.11.06-23.13.01:753][  0]LogD3D11RHI:       0/0/4079 MB DedicatedVideo/DedicatedSystem/SharedSystem, Outputs:0, VendorId:0x1414
[2018.11.06-23.13.01:753][  0]LogD3D11RHI: Chosen D3D11 Adapter: 0
[2018.11.06-23.13.01:762][  0]LogD3D11RHI: Creating new Direct3DDevice
[2018.11.06-23.13.01:762][  0]LogD3D11RHI:     GPU DeviceId: 0x1c03 (for the marketing name, search the web for "GPU Device Id")
[2018.11.06-23.13.01:762][  0]LogWindows: EnumDisplayDevices:
[2018.11.06-23.13.01:762][  0]LogWindows:    0. 'NVIDIA GeForce GTX 1060 6GB' (P:1 D:1)
[2018.11.06-23.13.01:762][  0]LogWindows:    1. 'NVIDIA GeForce GTX 1060 6GB' (P:0 D:0)
[2018.11.06-23.13.01:762][  0]LogWindows:    2. 'NVIDIA GeForce GTX 1060 6GB' (P:0 D:0)
[2018.11.06-23.13.01:763][  0]LogWindows:    3. 'NVIDIA GeForce GTX 1060 6GB' (P:0 D:0)
[2018.11.06-23.13.01:763][  0]LogWindows: DebugString: GetVideoDriverDetailsInvalid PrimaryIsNotTheChoosenAdapter GetVideoDriverDetailsInvalid PrimaryIsNotTheChoosenAdapter GetVideoDriverDetailsInvalid PrimaryIsNotTheChoosenAdapter GetVideoDriverDetailsInvalid PrimaryIsNotTheChoosenAdapter FoundDriverCount:0 
[2018.11.06-23.13.01:763][  0]LogD3D11RHI:     Adapter Name: NVIDIA GeForce GTX 1060 6GB
[2018.11.06-23.13.01:763][  0]LogD3D11RHI:   Driver Version: Unknown (internal:Unknown, unified:Unknown)
[2018.11.06-23.13.01:763][  0]LogD3D11RHI:      Driver Date: Unknown
[2018.11.06-23.13.01:763][  0]LogRHI: Texture pool is 4236 MB (70% of 6052 MB)
[2018.11.06-23.13.01:824][  0]LogD3D11RHI: [Aftermath] Aftermath enabled and primed
[2018.11.06-23.13.01:824][  0]LogD3D11RHI: [Aftermath] Aftermath enabled and primed
[2018.11.06-23.13.01:824][  0]LogD3D11RHI: Async texture creation enabled
[2018.11.06-23.13.01:844][  0]LogD3D11RHI: GPU Timing Frequency: 1000.000000 (Debug: 2 2)
[2018.11.06-23.13.01:892][  0]LogShaderCompilers: Guid format shader working directory is -23 characters bigger than the processId version (../../../../../Users/Gui/Documents/Unreal Projects/Demons_World_Game/Intermediate/Shaders/WorkingDirectory/12100/).
[2018.11.06-23.13.01:892][  0]LogShaderCompilers: Cleaned the shader compiler working directory 'C:/Users/guipf/AppData/Local/Temp/UnrealShaderWorkingDir/CE93BD80434B603ED4395EB33064435F/'.
[2018.11.06-23.13.02:788][  0]LogTemp: Display: Loaded TP AllDesktopTargetPlatform
[2018.11.06-23.13.02:809][  0]LogTemp: Display: Loaded TP MacClientTargetPlatform
[2018.11.06-23.13.02:830][  0]LogTemp: Display: Loaded TP MacNoEditorTargetPlatform
[2018.11.06-23.13.02:851][  0]LogTemp: Display: Loaded TP MacServerTargetPlatform
[2018.11.06-23.13.02:891][  0]LogTemp: Display: Loaded TP MacTargetPlatform
[2018.11.06-23.13.02:916][  0]LogTemp: Display: Loaded TP WindowsClientTargetPlatform
[2018.11.06-23.13.02:940][  0]LogTemp: Display: Loaded TP WindowsNoEditorTargetPlatform
[2018.11.06-23.13.02:961][  0]LogTemp: Display: Loaded TP WindowsServerTargetPlatform
[2018.11.06-23.13.02:971][  0]LogTemp: Display: Loaded TP WindowsTargetPlatform
[2018.11.06-23.13.02:991][  0]LogTemp: Display: Loaded TP Android_ASTCTargetPlatform
[2018.11.06-23.13.03:013][  0]LogTemp: Display: Loaded TP Android_ATCTargetPlatform
[2018.11.06-23.13.03:035][  0]LogTemp: Display: Loaded TP Android_DXTTargetPlatform
[2018.11.06-23.13.03:060][  0]LogTemp: Display: Loaded TP Android_ETC1aTargetPlatform
[2018.11.06-23.13.03:087][  0]LogTemp: Display: Loaded TP Android_ETC1TargetPlatform
[2018.11.06-23.13.03:116][  0]LogTemp: Display: Loaded TP Android_ETC2TargetPlatform
[2018.11.06-23.13.03:163][  0]LogTemp: Display: Loaded TP Android_MultiTargetPlatform
[2018.11.06-23.13.03:163][  0]LogTemp: Display: Loaded TP Android_PVRTCTargetPlatform
[2018.11.06-23.13.03:206][  0]LogTemp: Display: Loaded TP AndroidTargetPlatform
[2018.11.06-23.13.03:208][  0]LogTemp: Display: Loaded TP HTML5TargetPlatform
[2018.11.06-23.13.03:277][  0]LogTemp: Display: Loaded TP IOSTargetPlatform
[2018.11.06-23.13.03:296][  0]LogTemp: Display: Loaded TP TVOSTargetPlatform
[2018.11.06-23.13.03:315][  0]LogTemp: Display: Loaded TP LinuxClientTargetPlatform
[2018.11.06-23.13.03:335][  0]LogTemp: Display: Loaded TP LinuxNoEditorTargetPlatform
[2018.11.06-23.13.03:357][  0]LogTemp: Display: Loaded TP LinuxServerTargetPlatform
[2018.11.06-23.13.03:452][  0]LogTemp: Display: Loaded TP LinuxTargetPlatform
[2018.11.06-23.13.03:452][  0]LogTargetPlatformManager: Display: Building Assets For Windows
[2018.11.06-23.13.03:628][  0]LogXGEController: Cleaning working directory: C:/Users/guipf/AppData/Local/Temp/UnrealXGEWorkingDir/
[2018.11.06-23.13.03:628][  0]LogXGEController: Cannot use XGE Controller as Incredibuild is not installed on this machine.
[2018.11.06-23.13.03:628][  0]LogShaderCompilers: Cannot use XGE Shader Compiler as Incredibuild is not installed on this machine.
[2018.11.06-23.13.03:628][  0]LogShaderCompilers: Display: Using Local Shader Compiler.
[2018.11.06-23.13.05:910][  0]LogDerivedDataCache: Display: Max Cache Size: 512 MB
[2018.11.06-23.13.06:305][  0]LogDerivedDataCache: Loaded boot cache 0.40s 74MB C:/Users/guipf/AppData/Local/UnrealEngine/4.19/DerivedDataCache/Boot.ddc.
[2018.11.06-23.13.06:305][  0]LogDerivedDataCache: Display: Loaded Boot cache: C:/Users/guipf/AppData/Local/UnrealEngine/4.19/DerivedDataCache/Boot.ddc
[2018.11.06-23.13.06:305][  0]LogDerivedDataCache: FDerivedDataBackendGraph:  Pak pak cache file ../../../../../Users/Gui/Documents/Unreal Projects/Demons_World_Game/DerivedDataCache/DDC.ddp not found, will not use a pak cache.
[2018.11.06-23.13.06:305][  0]LogDerivedDataCache: Unable to find inner node Pak for hierarchical cache Hierarchy.
[2018.11.06-23.13.06:306][  0]LogDerivedDataCache: FDerivedDataBackendGraph:  CompressedPak pak cache file ../../../../../Users/Gui/Documents/Unreal Projects/Demons_World_Game/DerivedDataCache/Compressed.ddp not found, will not use a pak cache.
[2018.11.06-23.13.06:306][  0]LogDerivedDataCache: Unable to find inner node CompressedPak for hierarchical cache Hierarchy.
[2018.11.06-23.13.06:327][  0]LogDerivedDataCache: Display: Pak cache opened for reading ../../../Engine/DerivedDataCache/Compressed.ddp.
[2018.11.06-23.13.06:340][  0]LogDerivedDataCache: Using Local data cache path C:/Users/guipf/AppData/Local/UnrealEngine/Common/DerivedDataCache: Writable
[2018.11.06-23.13.06:340][  0]LogDerivedDataCache: Shared data cache path not found in *engine.ini, will not use an Shared cache.
[2018.11.06-23.13.06:340][  0]LogDerivedDataCache: Unable to find inner node Shared for hierarchical cache Hierarchy.
[2018.11.06-23.13.06:359][  0]LogMaterial: Verifying Global Shaders for PCD3D_SM5
[2018.11.06-23.13.06:359][  0]LogSlate: Using Freetype 2.6.0
[2018.11.06-23.13.06:413][  0]LogSlate: SlateFontCache - WITH_FREETYPE: 1, WITH_HARFBUZZ: 1
[2018.11.06-23.13.06:413][  0]LogSlate: SlateFontCache - WITH_FREETYPE: 1, WITH_HARFBUZZ: 1
[2018.11.06-23.13.07:699][  0]LogAssetRegistry: FAssetRegistry took 0.0283 seconds to start up
[2018.11.06-23.13.08:179][  0]LogInit: Selected Device Profile: [Windows]
[2018.11.06-23.13.08:395][  0]LogSimplygon: Simplygon DLL not present - disabling.
[2018.11.06-23.13.08:399][  0]LogMeshReduction: Using SimplygonSwarm for distributed automatic mesh merging
[2018.11.06-23.13.08:399][  0]LogMeshReduction: Using QuadricMeshReduction for automatic static mesh reduction
[2018.11.06-23.13.08:399][  0]LogMeshReduction: No automatic skeletal mesh reduction module available
[2018.11.06-23.13.08:399][  0]LogMeshReduction: No automatic mesh merging module available
[2018.11.06-23.13.08:399][  0]LogMeshMerging: No automatic mesh merging module available
[2018.11.06-23.13.08:454][  0]LogNetVersion: Demons_World_Game , NetCL: 3944462, EngineNetVer: 2, GameNetVer: 0 (Checksum: 3052913261)
[2018.11.06-23.13.09:260][  0]LogPackageLocalizationCache: Processed 9 localized package path(s) for 2 prioritized culture(s) in 0.159646 seconds
[2018.11.06-23.13.09:268][  0]LogUObjectArray: 36728 objects as part of root set at end of initial load.
[2018.11.06-23.13.09:268][  0]LogUObjectAllocator: 7314304 out of 0 bytes used by permanent object pool.
[2018.11.06-23.13.09:268][  0]LogUObjectArray: CloseDisregardForGC: 0/0 objects in disregard for GC pool
[2018.11.06-23.13.29:401][  0]LogTcpMessaging: Initializing TcpMessaging bridge
[2018.11.06-23.13.29:447][  0]LogUdpMessaging: Initializing bridge on interface 0.0.0.0:0 to multicast group 230.0.0.1:6666.
[2018.11.06-23.13.30:134][  0]SourceControl: Source control is disabled
[2018.11.06-23.13.30:134][  0]SourceControl: Source control is disabled
[2018.11.06-23.13.30:167][  0]SourceControl: Source control is disabled
[2018.11.06-23.13.30:199][  0]SourceControl: Source control is disabled
[2018.11.06-23.13.31:203][  0]LogAndroidPermission: UAndroidPermissionCallbackProxy::GetInstance
[2018.11.06-23.13.31:464][  0]LogOcInput: OculusInput pre-init called
[2018.11.06-23.13.31:672][  0]LogEngine: Initializing Engine...
[2018.11.06-23.13.31:745][  0]LogHMD: Failed to initialize OpenVR with code 126
[2018.11.06-23.13.31:747][  0]LogStats: UGameplayTagsManager::ConstructGameplayTagTree: Construct from data asset -  0.000 s
[2018.11.06-23.13.31:747][  0]LogStats: UGameplayTagsManager::ConstructGameplayTagTree: GameplayTagTreeChangedEvent.Broadcast -  0.000 s
[2018.11.06-23.13.32:080][  0]LogAIModule: Creating AISystem for world Untitled
[2018.11.06-23.13.32:199][  0]LogInit: XAudio2 using 'Speakers (Realtek High Definition Audio)' : 2 channels at 48 kHz using 16 bits per sample (channel mask 0x3)
[2018.11.06-23.13.32:263][  0]LogInit: FAudioDevice initialized.
[2018.11.06-23.13.32:430][  0]LogDerivedDataCache: Saved boot cache 0.17s 74MB C:/Users/guipf/AppData/Local/UnrealEngine/4.19/DerivedDataCache/Boot.ddc.
[2018.11.06-23.13.32:465][  0]LogInit: Texture streaming: Enabled
[2018.11.06-23.13.32:488][  0]LogEngineSessionManager: EngineSessionManager initialized
[2018.11.06-23.13.32:512][  0]LogInit: Transaction tracking system initialized
[2018.11.06-23.13.32:547][  0]BlueprintLog: New page: Editor Load
[2018.11.06-23.13.32:696][  0]LocalizationService: Localization service is disabled
[2018.11.06-23.13.33:285][  0]LogConsoleResponse: Display: 
[2018.11.06-23.13.33:473][  0]LogCook: Display: Max memory allowance for cook 16384mb min free memory 0mb
[2018.11.06-23.13.33:473][  0]LogCook: Display: Mobile HDR setting 1
[2018.11.06-23.13.33:473][  0]LogGameplayTags: Display: UGameplayTagsManager::DoneAddingNativeTags. DelegateIsBound: 0
[2018.11.06-23.13.33:473][  0]LogStats: UGameplayTagsManager::ConstructGameplayTagTree: Construct from data asset -  0.000 s
[2018.11.06-23.13.33:473][  0]LogStats: UGameplayTagsManager::ConstructGameplayTagTree: GameplayTagTreeChangedEvent.Broadcast -  0.000 s
[2018.11.06-23.13.34:037][  0]LogFileCache: Scanning file cache for directory 'E:/Users/Gui/Documents/Unreal Projects/Demons_World_Game/Content/' took 0.02s
[2018.11.06-23.13.34:472][  0]SourceControl: Source control is disabled
[2018.11.06-23.13.34:472][  0]Cmd: MAP LOAD FILE="../../../../../Users/Gui/Documents/Unreal Projects/Demons_World_Game/Content/Maps/TestMap.umap" TEMPLATE=0 SHOWPROGRESS=1 FEATURELEVEL=3
[2018.11.06-23.13.34:472][  0]LightingResults: New page: Lighting Build
[2018.11.06-23.13.34:476][  0]MapCheck: New page: Map Check
[2018.11.06-23.13.34:476][  0]LightingResults: New page: Lighting Build
[2018.11.06-23.13.34:527][  0]LogUObjectGlobals: Created PersistentFrame Addr=0x000001eb1d3af900, Size=792, Default__BP_MainCharacter_C Function /Game/Blueprints/Character/BP_MainCharacter.BP_MainCharacter_C:ExecuteUbergraph_BP_MainCharacter
[2018.11.06-23.13.34:535][  0]LogUObjectGlobals: Destroyed PersistentFrame Addr=0x000001eb1d3af900, Size=792
[2018.11.06-23.13.34:535][  0]LogUObjectGlobals: Created PersistentFrame Addr=0x000001eb1d3af900, Size=792, Default__BP_MainCharacter_C Function /Engine/Transient.REINST_BP_MainCharacter_C_3:ExecuteUbergraph_BP_MainCharacter
[2018.11.06-23.13.34:542][  0]LogUObjectGlobals: Created PersistentFrame Addr=0x000001eb1d3ae080, Size=792, Default__BP_MainCharacter_C Function /Game/Blueprints/Character/BP_MainCharacter.BP_MainCharacter_C:ExecuteUbergraph_BP_MainCharacter
[2018.11.06-23.13.34:549][  0]LogUObjectGlobals: Created PersistentFrame Addr=0x000001eb02f27820, Size=200, Default__BP_Dove_Projectile_C Function /Game/Blueprints/BP_Dove_Projectile.BP_Dove_Projectile_C:ExecuteUbergraph_BP_Dove_Projectile
[2018.11.06-23.13.34:552][  0]LogUObjectGlobals: Destroyed PersistentFrame Addr=0x000001eb02f27820, Size=200
[2018.11.06-23.13.34:553][  0]LogUObjectGlobals: Created PersistentFrame Addr=0x000001eb02f27820, Size=200, Default__BP_Dove_Projectile_C Function /Engine/Transient.REINST_BP_Dove_Projectile_C_5:ExecuteUbergraph_BP_Dove_Projectile
[2018.11.06-23.13.34:555][  0]LogUObjectGlobals: Created PersistentFrame Addr=0x000001eb02f26080, Size=200, Default__BP_Dove_Projectile_C Function /Game/Blueprints/BP_Dove_Projectile.BP_Dove_Projectile_C:ExecuteUbergraph_BP_Dove_Projectile
[2018.11.06-23.13.34:564][  0]LogUObjectGlobals: Created PersistentFrame Addr=0x000001eb02f9e500, Size=768, Default__BP_Dove_C Function /Game/Blueprints/BP_Dove.BP_Dove_C:ExecuteUbergraph_BP_Dove
[2018.11.06-23.13.34:577][  0]LogUObjectGlobals: Destroyed PersistentFrame Addr=0x000001eb02f9e500, Size=768
[2018.11.06-23.13.34:577][  0]LogUObjectGlobals: Created PersistentFrame Addr=0x000001eb02f9e500, Size=768, Default__BP_Dove_C Function /Engine/Transient.REINST_BP_Dove_C_7:ExecuteUbergraph_BP_Dove
[2018.11.06-23.13.34:588][  0]LogUObjectGlobals: Created PersistentFrame Addr=0x000001eb02e95300, Size=768, Default__BP_Dove_C Function /Game/Blueprints/BP_Dove.BP_Dove_C:ExecuteUbergraph_BP_Dove
[2018.11.06-23.13.34:635][  0]LogUObjectGlobals: Created PersistentFrame Addr=0x000001eb02e76980, Size=576, Default__BP_Skeleton_C Function /Game/Blueprints/BP_Skeleton.BP_Skeleton_C:ExecuteUbergraph_BP_Skeleton
[2018.11.06-23.13.34:645][  0]LogUObjectGlobals: Destroyed PersistentFrame Addr=0x000001eb02e76980, Size=576
[2018.11.06-23.13.34:645][  0]LogUObjectGlobals: Created PersistentFrame Addr=0x000001eb02e76980, Size=576, Default__BP_Skeleton_C Function /Engine/Transient.REINST_BP_Skeleton_C_13:ExecuteUbergraph_BP_Skeleton
[2018.11.06-23.13.34:655][  0]LogUObjectGlobals: Created PersistentFrame Addr=0x000001eb02bd1a80, Size=576, Default__BP_Skeleton_C Function /Game/Blueprints/BP_Skeleton.BP_Skeleton_C:ExecuteUbergraph_BP_Skeleton
[2018.11.06-23.13.34:667][  0]LogUObjectGlobals: Created PersistentFrame Addr=0x000001eb02bbea20, Size=200, Default__BP_Witch_Projectile_Left_C Function /Game/Blueprints/BP_Witch_Projectile_Left.BP_Witch_Projectile_Left_C:ExecuteUbergraph_BP_Witch_Projectile_Left
[2018.11.06-23.13.34:671][  0]LogUObjectGlobals: Destroyed PersistentFrame Addr=0x000001eb02bbea20, Size=200
[2018.11.06-23.13.34:671][  0]LogUObjectGlobals: Created PersistentFrame Addr=0x000001eb02bbea20, Size=200, Default__BP_Witch_Projectile_Left_C Function /Engine/Transient.REINST_BP_Witch_Projectile_Left_C_15:ExecuteUbergraph_BP_Witch_Projectile_Left
[2018.11.06-23.13.34:673][  0]LogUObjectGlobals: Created PersistentFrame Addr=0x000001eb02bbd280, Size=200, Default__BP_Witch_Projectile_Left_C Function /Game/Blueprints/BP_Witch_Projectile_Left.BP_Witch_Projectile_Left_C:ExecuteUbergraph_BP_Witch_Projectile_Left
[2018.11.06-23.13.34:679][  0]LogUObjectGlobals: Created PersistentFrame Addr=0x000001eb02bbcf00, Size=200, Default__BP_Witch_Projectile_Right_C Function /Game/Blueprints/BP_Witch_Projectile_Right.BP_Witch_Projectile_Right_C:ExecuteUbergraph_BP_Witch_Projectile_Right
[2018.11.06-23.13.34:682][  0]LogUObjectGlobals: Destroyed PersistentFrame Addr=0x000001eb02bbcf00, Size=200
[2018.11.06-23.13.34:683][  0]LogUObjectGlobals: Created PersistentFrame Addr=0x000001eb02bbcf00, Size=200, Default__BP_Witch_Projectile_Right_C Function /Engine/Transient.REINST_BP_Witch_Projectile_Right_C_17:ExecuteUbergraph_BP_Witch_Projectile_Right
[2018.11.06-23.13.34:685][  0]LogUObjectGlobals: Created PersistentFrame Addr=0x000001eb02b5f820, Size=200, Default__BP_Witch_Projectile_Right_C Function /Game/Blueprints/BP_Witch_Projectile_Right.BP_Witch_Projectile_Right_C:ExecuteUbergraph_BP_Witch_Projectile_Right
[2018.11.06-23.13.34:695][  0]LogUObjectGlobals: Created PersistentFrame Addr=0x000001eb02c3dc00, Size=976, Default__BP_Witch_C Function /Game/Blueprints/BP_Witch.BP_Witch_C:ExecuteUbergraph_BP_Witch
[2018.11.06-23.13.34:711][  0]LogUObjectGlobals: Destroyed PersistentFrame Addr=0x000001eb02c3dc00, Size=976
[2018.11.06-23.13.34:711][  0]LogUObjectGlobals: Created PersistentFrame Addr=0x000001eb02c3dc00, Size=976, Default__BP_Witch_C Function /Engine/Transient.REINST_BP_Witch_C_19:ExecuteUbergraph_BP_Witch
[2018.11.06-23.13.34:724][  0]LogUObjectGlobals: Created PersistentFrame Addr=0x000001eb02c3c800, Size=976, Default__BP_Witch_C Function /Game/Blueprints/BP_Witch.BP_Witch_C:ExecuteUbergraph_BP_Witch
[2018.11.06-23.13.35:151][  0]LogAIModule: Creating AISystem for world TestMap
[2018.11.06-23.13.35:168][  0]LogEditorServer: Finished looking for orphan Actors (0.000 secs)
[2018.11.06-23.13.35:204][  0]LogUObjectGlobals: Destroyed PersistentFrame Addr=0x000001eb1d3af900, Size=792
[2018.11.06-23.13.35:205][  0]LogUObjectGlobals: Destroyed PersistentFrame Addr=0x000001eb02f27820, Size=200
[2018.11.06-23.13.35:205][  0]LogUObjectGlobals: Destroyed PersistentFrame Addr=0x000001eb02f9e500, Size=768
[2018.11.06-23.13.35:205][  0]LogUObjectGlobals: Destroyed PersistentFrame Addr=0x000001eb02e76980, Size=576
[2018.11.06-23.13.35:205][  0]LogUObjectGlobals: Destroyed PersistentFrame Addr=0x000001eb02bbea20, Size=200
[2018.11.06-23.13.35:205][  0]LogUObjectGlobals: Destroyed PersistentFrame Addr=0x000001eb02bbcf00, Size=200
[2018.11.06-23.13.35:205][  0]LogUObjectGlobals: Destroyed PersistentFrame Addr=0x000001eb02c3dc00, Size=976
[2018.11.06-23.13.35:207][  0]Cmd: MAP CHECKDEP NOCLEARLOG
[2018.11.06-23.13.35:291][  0]MapCheck: Map check complete: 0 Error(s), 0 Warning(s), took 83,964ms to complete.
[2018.11.06-23.13.35:291][  0]LogFileHelpers: Loading map 'TestMap' took 0.819
[2018.11.06-23.13.35:586][  0]LogCollectionManager: Loaded 0 collections in 0.002434 seconds
[2018.11.06-23.13.35:634][  0]LogFileCache: Scanning file cache for directory 'E:/Users/Gui/Documents/Unreal Projects/Demons_World_Game/Saved/Collections/' took 0.01s
[2018.11.06-23.13.35:634][  0]LogFileCache: Scanning file cache for directory 'E:/Users/Gui/Documents/Unreal Projects/Demons_World_Game/Content/Developers/guipf/Collections/' took 0.01s
[2018.11.06-23.13.35:634][  0]LogFileCache: Scanning file cache for directory 'E:/Users/Gui/Documents/Unreal Projects/Demons_World_Game/Content/Collections/' took 0.01s
[2018.11.06-23.13.35:634][  0]LogCollectionManager: Rebuilt the GUID cache for 0 collections in 0.000001 seconds
[2018.11.06-23.13.35:649][  0]LogContentBrowser: Native class hierarchy populated in 0.0150 seconds. Added 2453 classes and 560 folders.
[2018.11.06-23.13.35:658][  0]LogContentBrowser: Native class hierarchy updated for 'WidgetCarousel' in 0.0003 seconds. Added 0 classes and 0 folders.
[2018.11.06-23.13.36:317][  0]LogContentBrowser: Native class hierarchy updated for 'AddContentDialog' in 0.0004 seconds. Added 0 classes and 0 folders.
[2018.11.06-23.13.36:322][  0]LogSlate: Took 0.000532 seconds to synchronously load lazily loaded font '../../../Engine/Content/Slate/Fonts/Roboto-Regular.ttf' (155K)
[2018.11.06-23.13.36:325][  0]LogSlate: Took 0.000479 seconds to synchronously load lazily loaded font '../../../Engine/Content/Slate/Fonts/Roboto-Bold.ttf' (160K)
[2018.11.06-23.13.36:462][  0]LogRenderer: Reallocating scene render targets to support 824x744 Format 9 NumSamples 1 (Frame:1).
[2018.11.06-23.13.36:677][  0]LogContentBrowser: Native class hierarchy updated for 'HierarchicalLODOutliner' in 0.0004 seconds. Added 0 classes and 0 folders.
[2018.11.06-23.13.36:678][  0]LogLoad: (Engine Initialization) Total time: 40.80 seconds
[2018.11.06-23.13.36:678][  0]LogLoad: (Engine Initialization) Total Blueprint compile time: 0.00 seconds
[2018.11.06-23.13.37:039][  0]LogContentStreaming: Texture pool size now 600 MB
[2018.11.06-23.13.37:366][  1]LogAssetRegistry: Asset discovery search completed in 29.6888 seconds
[2018.11.06-23.13.37:368][  1]LogCollectionManager: Rebuilt the object cache for 0 collections in 0.000001 seconds (found 0 objects)
[2018.11.06-23.13.37:368][  1]LogCollectionManager: Fixed up redirectors for 0 collections in 0.000087 seconds (updated 0 objects)
[2018.11.06-23.13.38:020][  3]LogSlate: Took 0.000485 seconds to synchronously load lazily loaded font '../../../Engine/Content/Slate/Fonts/Roboto-Light.ttf' (167K)
[2018.11.06-23.13.51:910][417]LogSlate: FSceneViewport::OnFocusLost() reason 0
[2018.11.06-23.13.51:938][417]LogSlate: Took 0.027694 seconds to synchronously load lazily loaded font '../../../Engine/Content/Editor/Slate/Fonts/FontAwesome.ttf' (139K)
[2018.11.06-23.13.51:939][417]LogSlate: Took 0.000291 seconds to synchronously load lazily loaded font '../../../Engine/Content/Slate/Fonts/DroidSansMono.ttf' (77K)
[2018.11.06-23.13.53:003][535]LogSlate: Took 0.000398 seconds to synchronously load lazily loaded font '../../../Engine/Content/Slate/Fonts/Roboto-Light.ttf' (167K)
[2018.11.06-23.13.56:041][810]LogAIModule: Creating AISystem for world Fase_1
[2018.11.06-23.13.56:109][810]Cmd: MAP LOAD FILE="../../../../../Users/Gui/Documents/Unreal Projects/Demons_World_Game/Content/Maps/Fase_1.umap" TEMPLATE=0 SHOWPROGRESS=1 FEATURELEVEL=3
[2018.11.06-23.13.56:110][810]LightingResults: New page: Lighting Build
[2018.11.06-23.13.56:111][810]LoadErrors: New page: Loading map: Fase_1.umap
[2018.11.06-23.13.56:112][810]MapCheck: New page: Map Check
[2018.11.06-23.13.56:112][810]LightingResults: New page: Lighting Build
[2018.11.06-23.13.56:247][810]LogEditorServer: Finished looking for orphan Actors (0.000 secs)
[2018.11.06-23.13.56:327][810]Cmd: MAP CHECKDEP NOCLEARLOG
[2018.11.06-23.13.56:414][810]MapCheck: Map check complete: 0 Error(s), 0 Warning(s), took 86,156ms to complete.
[2018.11.06-23.13.56:414][810]LogFileHelpers: Loading map 'Fase_1' took 0.306
[2018.11.06-23.14.03:983][690]LogSlate: FSceneViewport::OnFocusLost() reason 0
[2018.11.06-23.14.05:007][810]LogUObjectGlobals: Created PersistentFrame Addr=0x000001eb50ad6e80, Size=200, Default__Chave_CD_C Function /Game/Blueprints/Chave_CD.Chave_CD_C:ExecuteUbergraph_Chave_CD
[2018.11.06-23.14.05:011][810]LogUObjectGlobals: Destroyed PersistentFrame Addr=0x000001eb50ad6e80, Size=200
[2018.11.06-23.14.05:011][810]LogUObjectGlobals: Created PersistentFrame Addr=0x000001eb50ad6e80, Size=200, Default__Chave_CD_C Function /Engine/Transient.REINST_Chave_CD_C_25:ExecuteUbergraph_Chave_CD
[2018.11.06-23.14.05:014][810]LogUObjectGlobals: Created PersistentFrame Addr=0x000001eb50ad5280, Size=200, Default__Chave_CD_C Function /Game/Blueprints/Chave_CD.Chave_CD_C:ExecuteUbergraph_Chave_CD
[2018.11.06-23.14.05:022][810]LogUObjectGlobals: Created PersistentFrame Addr=0x000001eb1d5ca278, Size=40, Default__Prologo_C Function /Game/Maps/Prologo.Prologo_C:ExecuteUbergraph_Prologo
[2018.11.06-23.14.05:025][810]LogUObjectGlobals: Destroyed PersistentFrame Addr=0x000001eb1d5ca278, Size=40
[2018.11.06-23.14.05:025][810]LogUObjectGlobals: Created PersistentFrame Addr=0x000001eb1d5ca278, Size=40, Default__Prologo_C Function /Engine/Transient.REINST_Prologo_C_27:ExecuteUbergraph_Prologo
[2018.11.06-23.14.05:027][810]LogUObjectGlobals: Created PersistentFrame Addr=0x000001eb1d5ca138, Size=40, Default__Prologo_C Function /Game/Maps/Prologo.Prologo_C:ExecuteUbergraph_Prologo
[2018.11.06-23.14.05:074][810]LogAIModule: Creating AISystem for world Prologo
[2018.11.06-23.14.05:126][810]LogUObjectGlobals: Destroyed PersistentFrame Addr=0x000001eb1d5ca278, Size=40
[2018.11.06-23.14.05:126][810]LogUObjectGlobals: Destroyed PersistentFrame Addr=0x000001eb50ad6e80, Size=200
[2018.11.06-23.14.05:128][810]Cmd: MAP LOAD FILE="../../../../../Users/Gui/Documents/Unreal Projects/Demons_World_Game/Content/Maps/Prologo.umap" TEMPLATE=0 SHOWPROGRESS=1 FEATURELEVEL=3
[2018.11.06-23.14.05:129][810]LightingResults: New page: Lighting Build
[2018.11.06-23.14.05:130][810]LoadErrors: New page: Loading map: Prologo.umap
[2018.11.06-23.14.05:133][810]MapCheck: New page: Map Check
[2018.11.06-23.14.05:133][810]LightingResults: New page: Lighting Build
[2018.11.06-23.14.05:277][810]LogEditorServer: Finished looking for orphan Actors (0.000 secs)
[2018.11.06-23.14.05:355][810]Cmd: MAP CHECKDEP NOCLEARLOG
[2018.11.06-23.14.05:438][810]MapCheck: Map check complete: 0 Error(s), 0 Warning(s), took 83,649ms to complete.
[2018.11.06-23.14.05:439][810]LogFileHelpers: Loading map 'Prologo' took 0.311
[2018.11.06-23.14.07:901][ 90]LogTemp: Repeating last play command: Selected Viewport
[2018.11.06-23.14.07:923][ 90]LogBlueprintUserMessages: Early PlayInEditor Detection: Level '/Game/Maps/Prologo.Prologo:PersistentLevel' has LevelScriptBlueprint '/Game/Maps/Prologo.Prologo:PersistentLevel.Prologo' with GeneratedClass '/Game/Maps/Prologo.Prologo_C' with ClassGeneratedBy '/Game/Maps/Prologo.Prologo:PersistentLevel.Prologo'
[2018.11.06-23.14.07:923][ 90]LogPlayLevel: PlayLevel: No blueprints needed recompiling
[2018.11.06-23.14.07:924][ 90]PIE: New page: PIE session: Prologo (06/11/2018 19:14:07)
[2018.11.06-23.14.07:924][ 90]LogPlayLevel: Creating play world package: /Game/Maps/UEDPIE_0_Prologo
[2018.11.06-23.14.07:947][ 90]LogPlayLevel: PIE: StaticDuplicateObject took: (0.023115s)
[2018.11.06-23.14.07:948][ 90]LogAIModule: Creating AISystem for world Prologo
[2018.11.06-23.14.07:949][ 90]LogPlayLevel: PIE: World Init took: (0.001126s)
[2018.11.06-23.14.07:949][ 90]LogPlayLevel: PIE: Created PIE world by copying editor world from /Game/Maps/Prologo.Prologo to /Game/Maps/UEDPIE_0_Prologo.Prologo (0.024870s)
[2018.11.06-23.14.07:993][ 90]LogInit: XAudio2 using 'Speakers (Realtek High Definition Audio)' : 2 channels at 48 kHz using 16 bits per sample (channel mask 0x3)
[2018.11.06-23.14.08:013][ 90]LogInit: FAudioDevice initialized.
[2018.11.06-23.14.08:063][ 90]LogLoad: Game class is 'GameModeBase'
[2018.11.06-23.14.08:066][ 90]LogWorld: Bringing World /Game/Maps/UEDPIE_0_Prologo.Prologo up for play (max tick rate 0) at 2018.11.06-21.14.08
[2018.11.06-23.14.08:067][ 90]LogWorld: Bringing up level for play took: 0.002508
[2018.11.06-23.14.08:072][ 90]LogContentBrowser: Native class hierarchy updated for 'MovieSceneCapture' in 0.0004 seconds. Added 11 classes and 0 folders.
[2018.11.06-23.14.08:073][ 90]PIE: Play in editor start time for /Game/Maps/UEDPIE_0_Prologo 0,348
[2018.11.06-23.14.08:073][ 90]LogBlueprintUserMessages: Late PlayInEditor Detection: Level '/Game/Maps/Prologo.Prologo:PersistentLevel' has LevelScriptBlueprint '/Game/Maps/Prologo.Prologo:PersistentLevel.Prologo' with GeneratedClass '/Game/Maps/Prologo.Prologo_C' with ClassGeneratedBy '/Game/Maps/Prologo.Prologo:PersistentLevel.Prologo'
[2018.11.06-23.14.09:091][207]LogBlueprintUserMessages: [Chave_CD_390] Pegou CD
[2018.11.06-23.14.18:033][280]LogBlueprintUserMessages: [Prologo_C_3] Toca o rock lombardi!
[2018.11.06-23.14.18:709][361]LogBlueprintUserMessages: Early EndPlayMap Detection: Level '/Game/Maps/Prologo.Prologo:PersistentLevel' has LevelScriptBlueprint '/Game/Maps/Prologo.Prologo:PersistentLevel.Prologo' with GeneratedClass '/Game/Maps/Prologo.Prologo_C' with ClassGeneratedBy '/Game/Maps/Prologo.Prologo:PersistentLevel.Prologo'
[2018.11.06-23.14.18:744][361]LogBlueprintUserMessages: Late EndPlayMap Detection: Level '/Game/Maps/Prologo.Prologo:PersistentLevel' has LevelScriptBlueprint '/Game/Maps/Prologo.Prologo:PersistentLevel.Prologo' with GeneratedClass '/Game/Maps/Prologo.Prologo_C' with ClassGeneratedBy '/Game/Maps/Prologo.Prologo:PersistentLevel.Prologo'
[2018.11.06-23.14.21:611][674]LogSlate: FSceneViewport::OnFocusLost() reason 2
[2018.11.06-23.14.22:483][776]LogSlate: FSceneViewport::OnFocusLost() reason 2
[2018.11.06-23.14.24:327][992]LogWindows: Warning: CreateProc failed: The system cannot find the file specified. (0x00000002)
[2018.11.06-23.14.24:327][992]LogWindows: Warning: URL: C:/Program Files/Git/bin/git.exe version
[2018.11.06-23.14.24:328][992]LogWindows: Warning: CreateProc failed: The system cannot find the file specified. (0x00000002)
[2018.11.06-23.14.24:328][992]LogWindows: Warning: URL: C:/Program Files (x86)/Git/bin/git.exe version
[2018.11.06-23.14.24:349][992]LogWindows: Warning: CreateProc failed: The system cannot find the file specified. (0x00000002)
[2018.11.06-23.14.24:349][992]LogWindows: Warning: URL: C:\Users\guipf\AppData\Local/Programs/Git/cmd/git.exe version
[2018.11.06-23.14.24:349][992]LogWindows: Warning: CreateProc failed: The system cannot find the file specified. (0x00000002)
[2018.11.06-23.14.24:349][992]LogWindows: Warning: URL: C:/Program Files (x86)/SmartGit/git/bin/git.exe version
[2018.11.06-23.14.24:351][992]LogWindows: Warning: CreateProc failed: The system cannot find the file specified. (0x00000002)
[2018.11.06-23.14.24:351][992]LogWindows: Warning: URL: C:/Program Files (x86)/SmartGit/bin/git.exe version
[2018.11.06-23.14.29:311][316]LogSlate: Window 'Source Control Login' being destroyed
[2018.11.06-23.14.32:748][724]LogSlate: FSceneViewport::OnFocusLost() reason 2
[2018.11.06-23.14.33:815][845]SourceControl: fatal: E:/Program Files (x86)/UE_4.19/Engine/Content: 'E:/Program Files (x86)/UE_4.19/Engine/Content' is outside repository
[2018.11.06-23.14.33:999][845]EditorErrors: Warning: No assets to check in!
[2018.11.06-23.14.36:504][143]LogSlate: FSceneViewport::OnFocusLost() reason 0
[2018.11.06-23.14.58:393][742]LogSlate: FSceneViewport::OnFocusLost() reason 2
[2018.11.06-23.14.59:566][874]SourceControl: fatal: E:/Program Files (x86)/UE_4.19/Engine/Content: 'E:/Program Files (x86)/UE_4.19/Engine/Content' is outside repository
[2018.11.06-23.14.59:741][874]EditorErrors: Warning: No assets to check in!
[2018.11.06-23.15.01:560][ 53]LogSlate: FSceneViewport::OnFocusLost() reason 0
[2018.11.06-23.15.04:357][273]LogSlate: FSceneViewport::OnFocusLost() reason 0
[2018.11.06-23.15.04:552][278]LogSlate: Window 'Demons_World_Game - Unreal Editor' being destroyed
[2018.11.06-23.15.04:553][278]LogWindowsTextInputMethodSystem: Display: IME system now deactivated.
[2018.11.06-23.15.04:797][279]Cmd: QUIT_EDITOR
[2018.11.06-23.15.05:220][279]LogSlate: Slate User Destroyed.  User Index 0, Is Virtual User: 0
[2018.11.06-23.15.05:220][279]LogExit: Preparing to exit.
[2018.11.06-23.15.05:539][279]LogDirectoryWatcher: A directory notification for 'E:/Users/Gui/Documents/Unreal Projects/Demons_World_Game/Content/' was aborted.
[2018.11.06-23.15.05:585][279]LogExit: Editor shut down
[2018.11.06-23.15.05:599][279]LogExit: Transaction tracking system shut down
[2018.11.06-23.15.05:603][279]LogUObjectGlobals: Destroyed PersistentFrame Addr=0x000001eb1d3ae080, Size=792
[2018.11.06-23.15.05:603][279]LogUObjectGlobals: Destroyed PersistentFrame Addr=0x000001eb02f26080, Size=200
[2018.11.06-23.15.05:603][279]LogUObjectGlobals: Destroyed PersistentFrame Addr=0x000001eb02e95300, Size=768
[2018.11.06-23.15.05:603][279]LogUObjectGlobals: Destroyed PersistentFrame Addr=0x000001eb02bd1a80, Size=576
[2018.11.06-23.15.05:603][279]LogUObjectGlobals: Destroyed PersistentFrame Addr=0x000001eb02bbd280, Size=200
[2018.11.06-23.15.05:603][279]LogUObjectGlobals: Destroyed PersistentFrame Addr=0x000001eb02b5f820, Size=200
[2018.11.06-23.15.05:603][279]LogUObjectGlobals: Destroyed PersistentFrame Addr=0x000001eb02c3c800, Size=976
[2018.11.06-23.15.05:604][279]LogUObjectGlobals: Destroyed PersistentFrame Addr=0x000001eb1d5ca138, Size=40
[2018.11.06-23.15.05:605][279]LogUObjectGlobals: Destroyed PersistentFrame Addr=0x000001eb50ad5280, Size=200
[2018.11.06-23.15.05:795][279]LogDirectoryWatcher: A directory notification for '../../../Engine/Content/' was aborted.
[2018.11.06-23.15.05:795][279]LogDirectoryWatcher: A directory notification for '../../../../../Users/Gui/Documents/Unreal Projects/Demons_World_Game/Content/' was aborted.
[2018.11.06-23.15.05:796][279]LogDirectoryWatcher: A directory notification for '../../Plugins/2D/Paper2D/Content/' was aborted.
[2018.11.06-23.15.05:796][279]LogDirectoryWatcher: A directory notification for '../../Plugins/Enterprise/DatasmithContent/Content/' was aborted.
[2018.11.06-23.15.05:796][279]LogDirectoryWatcher: A directory notification for '../../Plugins/Media/MediaCompositing/Content/' was aborted.
[2018.11.06-23.15.05:796][279]LogDirectoryWatcher: A directory notification for '../../Plugins/Runtime/AppleARKit/Content/' was aborted.
[2018.11.06-23.15.05:796][279]LogDirectoryWatcher: A directory notification for '../../Plugins/Runtime/Oculus/OculusVR/Content/' was aborted.
[2018.11.06-23.15.05:796][279]LogDirectoryWatcher: A directory notification for '../../Plugins/Runtime/Steam/SteamVR/Content/' was aborted.
[2018.11.06-23.15.05:891][279]LogExit: Object subsystem successfully closed.
[2018.11.06-23.15.05:910][279]LogShaderCompilers: Display: Shaders left to compile 0
[2018.11.06-23.15.05:914][279]LogD3D11RHI: Shutdown
[2018.11.06-23.15.05:914][279]LogD3D11RHI: CleanupD3DDevice
[2018.11.06-23.15.05:920][279]LogD3D11RHI: ~FD3D11DynamicRHI
[2018.11.06-23.15.05:934][279]LogModuleManager: Shutting down and abandoning module MovieSceneCapture (576)
[2018.11.06-23.15.05:934][279]LogModuleManager: Shutting down and abandoning module HierarchicalLODOutliner (574)
[2018.11.06-23.15.05:934][279]LogModuleManager: Shutting down and abandoning module AddContentDialog (572)
[2018.11.06-23.15.05:935][279]LogDirectoryWatcher: A directory notification for 'E:/Program Files (x86)/UE_4.19/FeaturePacks/' was aborted.
[2018.11.06-23.15.05:935][279]LogDirectoryWatcher: A directory notification for 'E:/Program Files (x86)/UE_4.19/Enterprise/FeaturePacks/' was aborted.
[2018.11.06-23.15.05:936][279]LogModuleManager: Shutting down and abandoning module WidgetCarousel (571)
[2018.11.06-23.15.05:936][279]LogModuleManager: Shutting down and abandoning module EditorWidgets (568)
[2018.11.06-23.15.05:936][279]LogModuleManager: Shutting down and abandoning module CollectionManager (566)
[2018.11.06-23.15.05:936][279]LogDirectoryWatcher: A directory notification for 'E:/Users/Gui/Documents/Unreal Projects/Demons_World_Game/Content/Collections/' was aborted.
[2018.11.06-23.15.05:936][279]LogDirectoryWatcher: A directory notification for 'E:/Users/Gui/Documents/Unreal Projects/Demons_World_Game/Content/Developers/guipf/Collections/' was aborted.
[2018.11.06-23.15.05:936][279]LogDirectoryWatcher: A directory notification for 'E:/Users/Gui/Documents/Unreal Projects/Demons_World_Game/Saved/Collections/' was aborted.
[2018.11.06-23.15.05:937][279]LogModuleManager: Shutting down and abandoning module SceneOutliner (564)
[2018.11.06-23.15.05:937][279]LogModuleManager: Shutting down and abandoning module StatsViewer (562)
[2018.11.06-23.15.05:937][279]LogModuleManager: Shutting down and abandoning module FoliageEdit (560)
[2018.11.06-23.15.05:937][279]LogModuleManager: Shutting down and abandoning module LandscapeEditor (558)
[2018.11.06-23.15.05:937][279]LogModuleManager: Shutting down and abandoning module MeshPaintMode (556)
[2018.11.06-23.15.05:937][279]LogModuleManager: Shutting down and abandoning module SceneDepthPickerMode (554)
[2018.11.06-23.15.05:937][279]LogModuleManager: Shutting down and abandoning module ActorPickerMode (552)
[2018.11.06-23.15.05:937][279]LogModuleManager: Shutting down and abandoning module GeometryMode (550)
[2018.11.06-23.15.05:937][279]LogModuleManager: Shutting down and abandoning module TextureAlignMode (548)
[2018.11.06-23.15.05:937][279]LogModuleManager: Shutting down and abandoning module BspMode (546)
[2018.11.06-23.15.05:937][279]LogModuleManager: Shutting down and abandoning module PIEPreviewDeviceProfileSelector (544)
[2018.11.06-23.15.05:937][279]LogModuleManager: Shutting down and abandoning module HardwareSurvey (542)
[2018.11.06-23.15.05:937][279]LogModuleManager: Shutting down and abandoning module SequenceRecorderSections (540)
[2018.11.06-23.15.05:937][279]LogModuleManager: Shutting down and abandoning module AutomationWorker (538)
[2018.11.06-23.15.05:937][279]LogModuleManager: Shutting down and abandoning module AudioCaptureEditor (536)
[2018.11.06-23.15.05:937][279]LogModuleManager: Shutting down and abandoning module SequenceRecorder (535)
[2018.11.06-23.15.05:937][279]LogModuleManager: Shutting down and abandoning module MatineeToLevelSequence (532)
[2018.11.06-23.15.05:937][279]LogModuleManager: Shutting down and abandoning module LevelSequenceEditor (530)
[2018.11.06-23.15.05:937][279]LogModuleManager: Shutting down and abandoning module PlacementMode (529)
[2018.11.06-23.15.05:937][279]LogModuleManager: Shutting down and abandoning module MaterialEditor (528)
[2018.11.06-23.15.05:937][279]LogModuleManager: Shutting down and abandoning module WmfMediaFactory (524)
[2018.11.06-23.15.05:937][279]LogModuleManager: Shutting down and abandoning module WmfMediaEditor (522)
[2018.11.06-23.15.05:937][279]LogModuleManager: Shutting down and abandoning module MediaPlayerEditor (520)
[2018.11.06-23.15.05:938][279]LogModuleManager: Shutting down and abandoning module OpenExrWrapper (518)
[2018.11.06-23.15.05:938][279]LogModuleManager: Shutting down and abandoning module ImgMediaFactory (516)
[2018.11.06-23.15.05:938][279]LogModuleManager: Shutting down and abandoning module ImgMediaEditor (514)
[2018.11.06-23.15.05:938][279]LogModuleManager: Shutting down and abandoning module AvfMediaFactory (512)
[2018.11.06-23.15.05:938][279]LogModuleManager: Shutting down and abandoning module AvfMediaEditor (510)
[2018.11.06-23.15.05:938][279]LogModuleManager: Shutting down and abandoning module AndroidMediaFactory (508)
[2018.11.06-23.15.05:938][279]LogModuleManager: Shutting down and abandoning module AndroidMediaEditor (506)
[2018.11.06-23.15.05:938][279]LogModuleManager: Shutting down and abandoning module CharacterAI (504)
[2018.11.06-23.15.05:938][279]LogModuleManager: Shutting down and abandoning module SmartSnapping (502)
[2018.11.06-23.15.05:938][279]LogModuleManager: Shutting down and abandoning module SessionServices (500)
[2018.11.06-23.15.05:938][279]LogModuleManager: Shutting down and abandoning module ViewportSnapping (498)
[2018.11.06-23.15.05:938][279]LogModuleManager: Shutting down and abandoning module ViewportInteraction (496)
[2018.11.06-23.15.05:938][279]LogModuleManager: Shutting down and abandoning module ClothPainter (494)
[2018.11.06-23.15.05:938][279]LogModuleManager: Shutting down and abandoning module SkeletalMeshEditor (493)
[2018.11.06-23.15.05:938][279]LogModuleManager: Shutting down and abandoning module LogVisualizer (490)
[2018.11.06-23.15.05:938][279]LogModuleManager: Shutting down and abandoning module IntroTutorials (488)
[2018.11.06-23.15.05:938][279]LogModuleManager: Shutting down and abandoning module GameProjectGeneration (487)
[2018.11.06-23.15.05:938][279]LogModuleManager: Shutting down and abandoning module IOSPlatformEditor (484)
[2018.11.06-23.15.05:938][279]LogModuleManager: Shutting down and abandoning module HTML5PlatformEditor (482)
[2018.11.06-23.15.05:938][279]LogModuleManager: Shutting down and abandoning module AndroidPlatformEditor (480)
[2018.11.06-23.15.05:938][279]LogModuleManager: Shutting down and abandoning module AndroidDeviceDetection (479)
[2018.11.06-23.15.06:078][279]LogModuleManager: Shutting down and abandoning module WindowsPlatformEditor (476)
[2018.11.06-23.15.06:078][279]LogModuleManager: Shutting down and abandoning module IOSRuntimeSettings (474)
[2018.11.06-23.15.06:078][279]LogModuleManager: Shutting down and abandoning module AndroidRuntimeSettings (472)
[2018.11.06-23.15.06:078][279]LogModuleManager: Shutting down and abandoning module InputBindingEditor (470)
[2018.11.06-23.15.06:078][279]LogModuleManager: Shutting down and abandoning module MergeActors (468)
[2018.11.06-23.15.06:078][279]LogModuleManager: Shutting down and abandoning module LocalizationDashboard (466)
[2018.11.06-23.15.06:078][279]LogModuleManager: Shutting down and abandoning module LocalizationService (465)
[2018.11.06-23.15.06:078][279]LogModuleManager: Shutting down and abandoning module HardwareTargeting (462)
[2018.11.06-23.15.06:078][279]LogModuleManager: Shutting down and abandoning module DeviceProfileEditor (460)
[2018.11.06-23.15.06:078][279]LogModuleManager: Shutting down and abandoning module UndoHistory (458)
[2018.11.06-23.15.06:078][279]LogModuleManager: Shutting down and abandoning module XmlParser (456)
[2018.11.06-23.15.06:078][279]LogModuleManager: Shutting down and abandoning module Blutility (454)
[2018.11.06-23.15.06:078][279]LogModuleManager: Shutting down and abandoning module ProjectSettingsViewer (452)
[2018.11.06-23.15.06:078][279]LogModuleManager: Shutting down and abandoning module ProjectTargetPlatformEditor (451)
[2018.11.06-23.15.06:078][279]LogModuleManager: Shutting down and abandoning module EditorSettingsViewer (448)
[2018.11.06-23.15.06:078][279]LogModuleManager: Shutting down and abandoning module SettingsEditor (446)
[2018.11.06-23.15.06:078][279]LogModuleManager: Shutting down and abandoning module ProjectLauncher (444)
[2018.11.06-23.15.06:078][279]LogModuleManager: Shutting down and abandoning module SessionFrontend (442)
[2018.11.06-23.15.06:078][279]LogModuleManager: Shutting down and abandoning module ProfilerClient (440)
[2018.11.06-23.15.06:078][279]LogModuleManager: Shutting down and abandoning module DeviceManager (438)
[2018.11.06-23.15.06:079][279]LogModuleManager: Shutting down and abandoning module TargetDeviceServices (437)
[2018.11.06-23.15.06:144][279]LogModuleManager: Shutting down and abandoning module AutomationController (434)
[2018.11.06-23.15.06:144][279]LogModuleManager: Shutting down and abandoning module AutomationWindow (432)
[2018.11.06-23.15.06:144][279]LogModuleManager: Shutting down and abandoning module Layers (430)
[2018.11.06-23.15.06:144][279]LogModuleManager: Shutting down and abandoning module ComponentVisualizers (428)
[2018.11.06-23.15.06:144][279]LogModuleManager: Shutting down and abandoning module DetailCustomizations (426)
[2018.11.06-23.15.06:144][279]LogModuleManager: Shutting down and abandoning module PackagesDialog (424)
[2018.11.06-23.15.06:144][279]LogModuleManager: Shutting down and abandoning module Persona (422)
[2018.11.06-23.15.06:144][279]LogModuleManager: Shutting down and abandoning module AdvancedPreviewScene (421)
[2018.11.06-23.15.06:144][279]LogModuleManager: Shutting down and abandoning module AnimGraph (419)
[2018.11.06-23.15.06:144][279]LogModuleManager: Shutting down and abandoning module Kismet (416)
[2018.11.06-23.15.06:145][279]LogModuleManager: Shutting down and abandoning module GraphEditor (414)
[2018.11.06-23.15.06:145][279]LogModuleManager: Shutting down and abandoning module ClassViewer (412)
[2018.11.06-23.15.06:145][279]LogModuleManager: Shutting down and abandoning module Toolbox (410)
[2018.11.06-23.15.06:145][279]LogModuleManager: Shutting down and abandoning module ModuleUI (408)
[2018.11.06-23.15.06:145][279]LogModuleManager: Shutting down and abandoning module MovieSceneTools (406)
[2018.11.06-23.15.06:146][279]LogModuleManager: Shutting down and abandoning module OutputLog (404)
[2018.11.06-23.15.06:146][279]LogModuleManager: Shutting down and abandoning module GammaUI (402)
[2018.11.06-23.15.06:146][279]LogModuleManager: Shutting down and abandoning module Documentation (400)
[2018.11.06-23.15.06:146][279]LogModuleManager: Shutting down and abandoning module MovieSceneTracks (398)
[2018.11.06-23.15.06:146][279]LogModuleManager: Shutting down and abandoning module MovieScene (396)
[2018.11.06-23.15.06:146][279]LogModuleManager: Shutting down and abandoning module StreamingPauseRendering (394)
[2018.11.06-23.15.06:146][279]LogModuleManager: Shutting down and abandoning module LauncherPlatform (392)
[2018.11.06-23.15.06:146][279]LogModuleManager: Shutting down and abandoning module AnalyticsET (390)
[2018.11.06-23.15.06:146][279]LogModuleManager: Shutting down and abandoning module PortalServices (388)
[2018.11.06-23.15.06:146][279]LogModuleManager: Shutting down and abandoning module PortalRpc (386)
[2018.11.06-23.15.06:146][279]LogModuleManager: Shutting down and abandoning module MessagingRpc (384)
[2018.11.06-23.15.06:146][279]LogModuleManager: Shutting down and abandoning module AIModule (382)
[2018.11.06-23.15.06:146][279]LogModuleManager: Shutting down and abandoning module GameplayDebugger (381)
[2018.11.06-23.15.06:146][279]LogModuleManager: Shutting down and abandoning module AITestSuite (379)
[2018.11.06-23.15.06:146][279]LogModuleManager: Shutting down and abandoning module DesktopPlatform (376)
[2018.11.06-23.15.06:146][279]LogModuleManager: Shutting down and abandoning module ProfilerService (374)
[2018.11.06-23.15.06:233][279]LogModuleManager: Shutting down and abandoning module TaskGraph (372)
[2018.11.06-23.15.06:233][279]LogModuleManager: Shutting down and abandoning module SteamVRController (370)
[2018.11.06-23.15.06:233][279]LogModuleManager: Shutting down and abandoning module ProceduralMeshComponentEditor (368)
[2018.11.06-23.15.06:233][279]LogModuleManager: Shutting down and abandoning module ProceduralMeshComponent (366)
[2018.11.06-23.15.06:233][279]LogModuleManager: Shutting down and abandoning module OculusInput (364)
[2018.11.06-23.15.06:233][279]LogModuleManager: Shutting down and abandoning module MobilePatchingUtils (362)
[2018.11.06-23.15.06:233][279]LogModuleManager: Shutting down and abandoning module CustomMeshComponent (360)
[2018.11.06-23.15.06:233][279]LogModuleManager: Shutting down and abandoning module CableComponent (358)
[2018.11.06-23.15.06:233][279]LogModuleManager: Shutting down and abandoning module AudioCapture (356)
[2018.11.06-23.15.06:233][279]LogModuleManager: Shutting down and abandoning module ArchVisCharacter (354)
[2018.11.06-23.15.06:233][279]LogModuleManager: Shutting down and abandoning module AndroidPermission (352)
[2018.11.06-23.15.06:233][279]LogModuleManager: Shutting down and abandoning module NUTUnrealEngine4 (348)
[2018.11.06-23.15.06:233][279]LogModuleManager: Shutting down and abandoning module NetcodeUnitTest (346)
[2018.11.06-23.15.06:233][279]LogModuleManager: Shutting down and abandoning module MediaCompositingEditor (344)
[2018.11.06-23.15.06:233][279]LogModuleManager: Shutting down and abandoning module MediaCompositing (342)
[2018.11.06-23.15.06:233][279]LogModuleManager: Shutting down and abandoning module LinearTimecode (340)
[2018.11.06-23.15.06:233][279]LogModuleManager: Shutting down and abandoning module ImgMedia (338)
[2018.11.06-23.15.06:238][279]LogModuleManager: Shutting down and abandoning module HTML5Networking (336)
[2018.11.06-23.15.06:238][279]LogModuleManager: Shutting down and abandoning module AlembicImporter (334)
[2018.11.06-23.15.06:238][279]LogModuleManager: Shutting down and abandoning module AlembicLibrary (333)
[2018.11.06-23.15.06:238][279]LogModuleManager: Shutting down and abandoning module GeometryCache (332)
[2018.11.06-23.15.06:238][279]LogModuleManager: Shutting down and abandoning module GeometryCacheEd (331)
[2018.11.06-23.15.06:238][279]LogModuleManager: Shutting down and abandoning module DatasmithContent (326)
[2018.11.06-23.15.06:238][279]LogModuleManager: Shutting down and abandoning module SpeedTreeImporter (324)
[2018.11.06-23.15.06:238][279]LogModuleManager: Shutting down and abandoning module PluginBrowser (322)
[2018.11.06-23.15.06:238][279]LogModuleManager: Shutting down and abandoning module MobileLauncherProfileWizard (320)
[2018.11.06-23.15.06:238][279]LogModuleManager: Shutting down and abandoning module CryptoKeysOpenSSL (318)
[2018.11.06-23.15.06:238][279]LogModuleManager: Shutting down and abandoning module CryptoKeys (316)
[2018.11.06-23.15.06:238][279]LogModuleManager: Shutting down and abandoning module VisualStudioSourceCodeAccess (314)
[2018.11.06-23.15.06:238][279]LogModuleManager: Shutting down and abandoning module VisualStudioCodeSourceCodeAccess (312)
[2018.11.06-23.15.06:238][279]LogModuleManager: Shutting down and abandoning module UObjectPlugin (310)
[2018.11.06-23.15.06:238][279]LogModuleManager: Shutting down and abandoning module SubversionSourceControl (308)
[2018.11.06-23.15.06:238][279]LogModuleManager: Shutting down and abandoning module PerforceSourceControl (306)
[2018.11.06-23.15.06:238][279]LogModuleManager: Shutting down and abandoning module GitSourceControl (304)
[2018.11.06-23.15.06:238][279]LogModuleManager: Shutting down and abandoning module SourceControl (303)
[2018.11.06-23.15.06:238][279]LogModuleManager: Shutting down and abandoning module CLionSourceCodeAccess (300)
[2018.11.06-23.15.06:238][279]LogModuleManager: Shutting down and abandoning module LightPropagationVolumeEditor (298)
[2018.11.06-23.15.06:238][279]LogModuleManager: Shutting down and abandoning module PaperTiledImporter (296)
[2018.11.06-23.15.06:239][279]LogModuleManager: Shutting down and abandoning module PaperSpriteSheetImporter (294)
[2018.11.06-23.15.06:239][279]LogModuleManager: Shutting down and abandoning module Paper2DEditor (292)
[2018.11.06-23.15.06:239][279]LogModuleManager: Shutting down and abandoning module MeshPaint (291)
[2018.11.06-23.15.06:239][279]LogModuleManager: Shutting down and abandoning module RuntimePhysXCooking (288)
[2018.11.06-23.15.06:239][279]LogModuleManager: Shutting down and abandoning module PhysXVehiclesEditor (286)
[2018.11.06-23.15.06:239][279]LogModuleManager: Shutting down and abandoning module PhysXVehicles (284)
[2018.11.06-23.15.06:239][279]LogModuleManager: Shutting down and abandoning module OculusEditor (282)
[2018.11.06-23.15.06:239][279]LogModuleManager: Shutting down and abandoning module LocationServicesBPLibrary (280)
[2018.11.06-23.15.06:239][279]LogModuleManager: Shutting down and abandoning module ImmediatePhysicsEditor (278)
[2018.11.06-23.15.06:239][279]LogModuleManager: Shutting down and abandoning module ImmediatePhysics (276)
[2018.11.06-23.15.06:239][279]LogModuleManager: Shutting down and abandoning module ActorSequence (274)
[2018.11.06-23.15.06:239][279]LogModuleManager: Shutting down and abandoning module UdpMessaging (272)
[2018.11.06-23.15.06:340][279]LogModuleManager: Shutting down and abandoning module TcpMessaging (270)
[2018.11.06-23.15.06:455][279]LogModuleManager: Shutting down and abandoning module GameplayTagsEditor (268)
[2018.11.06-23.15.06:455][279]LogModuleManager: Shutting down and abandoning module FacialAnimationEditor (266)
[2018.11.06-23.15.06:455][279]LogModuleManager: Shutting down and abandoning module FacialAnimation (264)
[2018.11.06-23.15.06:455][279]LogModuleManager: Shutting down and abandoning module DataValidation (262)
[2018.11.06-23.15.06:455][279]LogModuleManager: Shutting down and abandoning module AssetManagerEditor (260)
[2018.11.06-23.15.06:455][279]LogModuleManager: Shutting down and abandoning module LevelEditor (259)
[2018.11.06-23.15.06:456][279]LogModuleManager: Shutting down and abandoning module PixelInspectorModule (258)
[2018.11.06-23.15.06:456][279]LogModuleManager: Shutting down and abandoning module CommonMenuExtensions (256)
[2018.11.06-23.15.06:456][279]LogModuleManager: Shutting down and abandoning module MainFrame (254)
[2018.11.06-23.15.06:456][279]LogModuleManager: Shutting down and abandoning module HotReload (253)
[2018.11.06-23.15.06:457][279]LogModuleManager: Shutting down and abandoning module ContentBrowser (249)
[2018.11.06-23.15.06:458][279]LogModuleManager: Shutting down and abandoning module TreeMap (247)
[2018.11.06-23.15.06:458][279]LogModuleManager: Shutting down and abandoning module LightPropagationVolumeRuntime (244)
[2018.11.06-23.15.06:458][279]LogModuleManager: Shutting down and abandoning module LiveLinkEditor (242)
[2018.11.06-23.15.06:458][279]LogModuleManager: Shutting down and abandoning module LiveLink (240)
[2018.11.06-23.15.06:854][279]LogModuleManager: Shutting down and abandoning module Paper2D (238)
[2018.11.06-23.15.06:855][279]LogModuleManager: Shutting down and abandoning module WindowsMoviePlayer (236)
[2018.11.06-23.15.06:855][279]LogModuleManager: Shutting down and abandoning module WmfMedia (234)
[2018.11.06-23.15.06:856][279]LogModuleManager: Shutting down and abandoning module Media (233)
[2018.11.06-23.15.06:862][279]LogModuleManager: Shutting down and abandoning module PacketHandler (230)
[2018.11.06-23.15.06:862][279]LogModuleManager: Shutting down and abandoning module ClothingSystemEditor (228)
[2018.11.06-23.15.06:862][279]LogModuleManager: Shutting down and abandoning module ClothingSystemRuntime (226)
[2018.11.06-23.15.06:862][279]LogModuleManager: Shutting down and abandoning module MediaAssets (224)
[2018.11.06-23.15.06:862][279]LogModuleManager: Shutting down and abandoning module Overlay (222)
[2018.11.06-23.15.06:862][279]LogModuleManager: Shutting down and abandoning module OverlayEditor (221)
[2018.11.06-23.15.06:862][279]LogModuleManager: Shutting down and abandoning module VREditor (218)
[2018.11.06-23.15.06:862][279]LogModuleManager: Shutting down and abandoning module StringTableEditor (216)
[2018.11.06-23.15.06:863][279]LogModuleManager: Shutting down and abandoning module GameplayTasksEditor (214)
[2018.11.06-23.15.06:863][279]LogModuleManager: Shutting down and abandoning module BehaviorTreeEditor (212)
[2018.11.06-23.15.06:863][279]LogModuleManager: Shutting down and abandoning module FunctionalTesting (210)
[2018.11.06-23.15.06:863][279]LogModuleManager: Shutting down and abandoning module CollisionAnalyzer (208)
[2018.11.06-23.15.06:863][279]LogModuleManager: Shutting down and abandoning module WorkspaceMenuStructure (207)
[2018.11.06-23.15.06:863][279]LogModuleManager: Shutting down and abandoning module UMG (204)
[2018.11.06-23.15.06:863][279]LogModuleManager: Shutting down and abandoning module UMGEditor (203)
[2018.11.06-23.15.06:863][279]LogModuleManager: Shutting down and abandoning module Sequencer (202)
[2018.11.06-23.15.06:863][279]LogModuleManager: Shutting down and abandoning module MessageLog (199)
[2018.11.06-23.15.06:863][279]LogModuleManager: Shutting down and abandoning module SlateReflector (194)
[2018.11.06-23.15.06:863][279]LogModuleManager: Shutting down and abandoning module Slate (192)
[2018.11.06-23.15.06:863][279]LogModuleManager: Shutting down and abandoning module EditorStyle (190)
[2018.11.06-23.15.06:865][279]LogModuleManager: Shutting down and abandoning module MRMesh (188)
[2018.11.06-23.15.06:865][279]LogModuleManager: Shutting down and abandoning module SourceCodeAccess (186)
[2018.11.06-23.15.06:865][279]LogModuleManager: Shutting down and abandoning module HeadMountedDisplay (184)
[2018.11.06-23.15.06:865][279]LogModuleManager: Shutting down and abandoning module XAudio2 (182)
[2018.11.06-23.15.06:865][279]LogModuleManager: Shutting down and abandoning module Networking (180)
[2018.11.06-23.15.06:865][279]LogModuleManager: Shutting down and abandoning module Core (178)
[2018.11.06-23.15.06:865][279]LogModuleManager: Shutting down and abandoning module LevelSequence (176)
[2018.11.06-23.15.06:865][279]LogModuleManager: Shutting down and abandoning module KismetCompiler (174)
[2018.11.06-23.15.06:865][279]LogModuleManager: Shutting down and abandoning module MeshUtilities (172)
[2018.11.06-23.15.06:865][279]LogModuleManager: Shutting down and abandoning module MeshMergeUtilities (171)
[2018.11.06-23.15.06:865][279]LogModuleManager: Shutting down and abandoning module MeshReductionInterface (170)
[2018.11.06-23.15.06:865][279]LogModuleManager: Shutting down and abandoning module SimplygonSwarm (169)
[2018.11.06-23.15.06:865][279]LogModuleManager: Shutting down and abandoning module SimplygonMeshReduction (167)
[2018.11.06-23.15.06:865][279]LogModuleManager: Shutting down and abandoning module QuadricMeshReduction (165)
[2018.11.06-23.15.06:865][279]LogModuleManager: Shutting down and abandoning module MaterialBaking (161)
[2018.11.06-23.15.06:865][279]LogModuleManager: Shutting down and abandoning module DirectoryWatcher (157)
[2018.11.06-23.15.06:868][279]LogModuleManager: Shutting down and abandoning module DerivedDataCache (154)
[2018.11.06-23.15.06:911][279]LogDerivedDataCache: Shutdown
[2018.11.06-23.15.06:911][279]LogModuleManager: Shutting down and abandoning module XGEController (152)
[2018.11.06-23.15.06:911][279]LogXGEController: Cleaning working directory: C:/Users/guipf/AppData/Local/Temp/UnrealXGEWorkingDir/
[2018.11.06-23.15.06:912][279]LogModuleManager: Shutting down and abandoning module TargetPlatform (150)
[2018.11.06-23.15.06:912][279]LogModuleManager: Shutting down and abandoning module VulkanShaderFormat (149)
[2018.11.06-23.15.06:912][279]LogModuleManager: Shutting down and abandoning module ShaderFormatVectorVM (147)
[2018.11.06-23.15.06:912][279]LogModuleManager: Shutting down and abandoning module ShaderFormatOpenGL (145)
[2018.11.06-23.15.06:912][279]LogModuleManager: Shutting down and abandoning module ShaderFormatD3D (143)
[2018.11.06-23.15.06:912][279]LogModuleManager: Shutting down and abandoning module MetalShaderFormat (141)
[2018.11.06-23.15.06:912][279]LogModuleManager: Shutting down and abandoning module TextureFormatUncompressed (139)
[2018.11.06-23.15.06:912][279]LogModuleManager: Shutting down and abandoning module TextureFormatPVR (137)
[2018.11.06-23.15.06:912][279]LogModuleManager: Shutting down and abandoning module TextureFormatDXT (135)
[2018.11.06-23.15.06:912][279]LogModuleManager: Shutting down and abandoning module TextureFormatIntelISPCTexComp (133)
[2018.11.06-23.15.06:912][279]LogModuleManager: Shutting down and abandoning module TextureFormatASTC (131)
[2018.11.06-23.15.06:912][279]LogModuleManager: Shutting down and abandoning module ImageWrapper (130)
[2018.11.06-23.15.06:912][279]LogModuleManager: Shutting down and abandoning module TextureFormatAndroid (127)
[2018.11.06-23.15.06:912][279]LogModuleManager: Shutting down and abandoning module AudioFormatOpus (125)
[2018.11.06-23.15.06:912][279]LogModuleManager: Shutting down and abandoning module AudioFormatOgg (123)
[2018.11.06-23.15.06:912][279]LogModuleManager: Shutting down and abandoning module AudioFormatADPCM (121)
[2018.11.06-23.15.06:912][279]LogModuleManager: Shutting down and abandoning module LinuxTargetPlatform (119)
[2018.11.06-23.15.06:912][279]LogModuleManager: Shutting down and abandoning module LinuxServerTargetPlatform (117)
[2018.11.06-23.15.06:912][279]LogModuleManager: Shutting down and abandoning module LinuxNoEditorTargetPlatform (115)
[2018.11.06-23.15.06:912][279]LogModuleManager: Shutting down and abandoning module LinuxClientTargetPlatform (113)
[2018.11.06-23.15.06:912][279]LogModuleManager: Shutting down and abandoning module TVOSTargetPlatform (111)
[2018.11.06-23.15.06:912][279]LogModuleManager: Shutting down and abandoning module Messaging (109)
[2018.11.06-23.15.06:912][279]LogModuleManager: Shutting down and abandoning module IOSTargetPlatform (107)
[2018.11.06-23.15.06:913][279]LogModuleManager: Shutting down and abandoning module HTML5TargetPlatform (105)
[2018.11.06-23.15.06:913][279]LogModuleManager: Shutting down and abandoning module AndroidTargetPlatform (103)
[2018.11.06-23.15.06:913][279]LogModuleManager: Shutting down and abandoning module Android_PVRTCTargetPlatform (101)
[2018.11.06-23.15.06:913][279]LogModuleManager: Shutting down and abandoning module Android_MultiTargetPlatform (99)
[2018.11.06-23.15.06:913][279]LogModuleManager: Shutting down and abandoning module Android_ETC2TargetPlatform (97)
[2018.11.06-23.15.06:913][279]LogModuleManager: Shutting down and abandoning module Android_ETC1TargetPlatform (95)
[2018.11.06-23.15.06:913][279]LogModuleManager: Shutting down and abandoning module Android_ETC1aTargetPlatform (93)
[2018.11.06-23.15.06:913][279]LogModuleManager: Shutting down and abandoning module Android_DXTTargetPlatform (91)
[2018.11.06-23.15.06:913][279]LogModuleManager: Shutting down and abandoning module Android_ATCTargetPlatform (89)
[2018.11.06-23.15.06:913][279]LogModuleManager: Shutting down and abandoning module Android_ASTCTargetPlatform (87)
[2018.11.06-23.15.06:913][279]LogModuleManager: Shutting down and abandoning module WindowsTargetPlatform (85)
[2018.11.06-23.15.06:913][279]LogModuleManager: Shutting down and abandoning module WindowsServerTargetPlatform (83)
[2018.11.06-23.15.06:913][279]LogModuleManager: Shutting down and abandoning module WindowsNoEditorTargetPlatform (81)
[2018.11.06-23.15.06:913][279]LogModuleManager: Shutting down and abandoning module WindowsClientTargetPlatform (79)
[2018.11.06-23.15.06:913][279]LogModuleManager: Shutting down and abandoning module MacTargetPlatform (77)
[2018.11.06-23.15.06:913][279]LogModuleManager: Shutting down and abandoning module MacServerTargetPlatform (75)
[2018.11.06-23.15.06:913][279]LogModuleManager: Shutting down and abandoning module MacNoEditorTargetPlatform (73)
[2018.11.06-23.15.06:913][279]LogModuleManager: Shutting down and abandoning module MacClientTargetPlatform (71)
[2018.11.06-23.15.06:913][279]LogModuleManager: Shutting down and abandoning module AllDesktopTargetPlatform (69)
[2018.11.06-23.15.06:913][279]LogModuleManager: Shutting down and abandoning module InputCore (66)
[2018.11.06-23.15.06:913][279]LogModuleManager: Shutting down and abandoning module Settings (64)
[2018.11.06-23.15.06:913][279]LogModuleManager: Shutting down and abandoning module PhysXCooking (62)
[2018.11.06-23.15.06:913][279]LogModuleManager: Shutting down and abandoning module SteamVR (60)
[2018.11.06-23.15.06:913][279]LogModuleManager: Shutting down and abandoning module OculusHMD (58)
[2018.11.06-23.15.06:913][279]LogModuleManager: Shutting down and abandoning module ExampleDeviceProfileSelector (56)
[2018.11.06-23.15.06:913][279]LogModuleManager: Shutting down and abandoning module AppleARKit (54)
[2018.11.06-23.15.06:913][279]LogModuleManager: Shutting down and abandoning module AugmentedReality (51)
[2018.11.06-23.15.06:913][279]LogModuleManager: Shutting down and abandoning module OnlineBlueprintSupport (48)
[2018.11.06-23.15.06:913][279]LogModuleManager: Shutting down and abandoning module OnlineSubsystem (44)
[2018.11.06-23.15.06:913][279]LogModuleManager: Shutting down and abandoning module XMPP (43)
[2018.11.06-23.15.06:913][279]LogModuleManager: Shutting down and abandoning module HTTP (41)
[2018.11.06-23.15.06:913][279]LogHttp: Display: Http module shutting down, but needs to wait on 1 outstanding Http requests:
[2018.11.06-23.15.06:914][279]LogHttp: Display: 	verb=[POST] url=[https://datarouter.ol.epicgames.com/datarouter/api/v1/public/data?SessionID=%7BF53988AE-478E-C6BE-2553-7F9A1E47673F%7D&AppID=UEEditor.Rocket.Release&AppVersion=4.19.2-4033788%2B%2B%2BUE4%2BRelease-4.19&UserID=fc36b0864e2bb861c90dd4ba8b0c9ed9%7C1bc9c48cd55446529a13535f15fd95f5%7Cb916b67c-d2e9-41fc-8e46-ba981e35687a&AppEnvironment=datacollector-binary&UploadType=eteventstream] status=Processing
[2018.11.06-23.15.06:933][279]LogModuleManager: Shutting down and abandoning module SSL (40)
[2018.11.06-23.15.06:934][279]LogModuleManager: Shutting down and abandoning module AnimationModifiers (36)
[2018.11.06-23.15.06:935][279]LogModuleManager: Shutting down and abandoning module PropertyEditor (35)
[2018.11.06-23.15.06:935][279]LogModuleManager: Shutting down and abandoning module AudioEditor (32)
[2018.11.06-23.15.06:935][279]LogModuleManager: Shutting down and abandoning module TextureCompressor (30)
[2018.11.06-23.15.06:935][279]LogModuleManager: Shutting down and abandoning module ShaderCore (28)
[2018.11.06-23.15.06:935][279]LogModuleManager: Shutting down and abandoning module Landscape (26)
[2018.11.06-23.15.06:935][279]LogModuleManager: Shutting down and abandoning module SlateRHIRenderer (24)
[2018.11.06-23.15.06:937][279]LogModuleManager: Shutting down and abandoning module OpenGLDrv (22)
[2018.11.06-23.15.06:937][279]LogModuleManager: Shutting down and abandoning module D3D11RHI (20)
[2018.11.06-23.15.06:937][279]LogModuleManager: Shutting down and abandoning module AnimGraphRuntime (18)
[2018.11.06-23.15.06:937][279]LogModuleManager: Shutting down and abandoning module Renderer (16)
[2018.11.06-23.15.06:937][279]LogModuleManager: Shutting down and abandoning module Engine (14)
[2018.11.06-23.15.06:937][279]LogModuleManager: Shutting down and abandoning module CoreUObject (12)
[2018.11.06-23.15.06:937][279]LogModuleManager: Shutting down and abandoning module NetworkFile (10)
[2018.11.06-23.15.06:937][279]LogModuleManager: Shutting down and abandoning module CookedIterativeFile (8)
[2018.11.06-23.15.06:937][279]LogModuleManager: Shutting down and abandoning module StreamingFile (6)
[2018.11.06-23.15.06:937][279]LogModuleManager: Shutting down and abandoning module SandboxFile (4)
[2018.11.06-23.15.06:937][279]LogModuleManager: Shutting down and abandoning module PakFile (2)
[2018.11.06-23.15.06:946][279]LogExit: Exiting.
[2018.11.06-23.15.06:964][279]Log file closed, 11/06/18 21:15:06
