Log file open, 11/01/18 16:53:06
LogWindows: Failed to load 'aqProf.dll' (GetLastError=126)
LogWindows: File 'aqProf.dll' does not exist
LogWindows: Failed to load 'VtuneApi.dll' (GetLastError=126)
LogWindows: File 'VtuneApi.dll' does not exist
LogWindows: Failed to load 'VtuneApi32e.dll' (GetLastError=126)
LogWindows: File 'VtuneApi32e.dll' does not exist
LogInit: Display: Running engine for game: Demons_World_Game
LogPlatformFile: Not using cached read wrapper
LogInit: Display: RandInit(884618742) SRandInit(884618742).
LogInit: Read version file with build ID '3944462'
LogInit: Overriding engine version to CL 4033788, compatible CL 3944462
LogInit: Registered custom module enumerator with build ID '3944462'
LogTaskGraph: Started task graph with 5 named threads and 23 total threads with 3 sets of task threads.
LogStats: Stats thread started at 0.536182
LogD3D11RHI: Aftermath initialized
LogICUInternationalization: Display: ICU TimeZone Detection - Raw Offset: -3:00, Platform Override: ''
LogModuleManager: Display: Found up-to-date module file ../../../Engine/Plugins/2D/Paper2D/Binaries/Win64/UE4Editor-Paper2D.dll (API version 3944462).
LogModuleManager: Display: Found up-to-date module file ../../../Engine/Plugins/2D/Paper2D/Binaries/Win64/UE4Editor-Paper2DEditor.dll (API version 3944462).
LogModuleManager: Display: Found up-to-date module file ../../../Engine/Plugins/2D/Paper2D/Binaries/Win64/UE4Editor-PaperSpriteSheetImporter.dll (API version 3944462).
LogModuleManager: Display: Found up-to-date module file ../../../Engine/Plugins/2D/Paper2D/Binaries/Win64/UE4Editor-PaperTiledImporter.dll (API version 3944462).
LogModuleManager: Display: Found up-to-date module file ../../../Engine/Plugins/2D/Paper2D/Binaries/Win64/UE4Editor-SmartSnapping.dll (API version 3944462).
LogModuleManager: Display: Found up-to-date module file ../../../Engine/Plugins/Blendables/LightPropagationVolume/Binaries/Win64/UE4Editor-LightPropagationVolumeRuntime.dll (API version 3944462).
LogModuleManager: Display: Found up-to-date module file ../../../Engine/Plugins/Blendables/LightPropagationVolume/Binaries/Win64/UE4Editor-LightPropagationVolumeEditor.dll (API version 3944462).
LogModuleManager: Display: Found up-to-date module file ../../../Engine/Plugins/Developer/CLionSourceCodeAccess/Binaries/Win64/UE4Editor-CLionSourceCodeAccess.dll (API version 3944462).
LogModuleManager: Display: Found up-to-date module file ../../../Engine/Plugins/Developer/GitSourceControl/Binaries/Win64/UE4Editor-GitSourceControl.dll (API version 3944462).
LogModuleManager: Display: Found up-to-date module file ../../../Engine/Plugins/Developer/PerforceSourceControl/Binaries/Win64/UE4Editor-PerforceSourceControl.dll (API version 3944462).
LogModuleManager: Display: Found up-to-date module file ../../../Engine/Plugins/Developer/SubversionSourceControl/Binaries/Win64/UE4Editor-SubversionSourceControl.dll (API version 3944462).
LogModuleManager: Display: Found up-to-date module file ../../../Engine/Plugins/Developer/UObjectPlugin/Binaries/Win64/UE4Editor-UObjectPlugin.dll (API version 3944462).
LogModuleManager: Display: Found up-to-date module file ../../../Engine/Plugins/Developer/VisualStudioCodeSourceCodeAccess/Binaries/Win64/UE4Editor-VisualStudioCodeSourceCodeAccess.dll (API version 3944462).
LogModuleManager: Display: Found up-to-date module file ../../../Engine/Plugins/Developer/VisualStudioSourceCodeAccess/Binaries/Win64/UE4Editor-VisualStudioSourceCodeAccess.dll (API version 3944462).
LogModuleManager: Display: Found up-to-date module file ../../../Engine/Plugins/Editor/AssetManagerEditor/Binaries/Win64/UE4Editor-AssetManagerEditor.dll (API version 3944462).
LogModuleManager: Display: Found up-to-date module file ../../../Engine/Plugins/Editor/CryptoKeys/Binaries/Win64/UE4Editor-CryptoKeys.dll (API version 3944462).
LogModuleManager: Display: Found up-to-date module file ../../../Engine/Plugins/Editor/CryptoKeys/Binaries/Win64/UE4Editor-CryptoKeysOpenSSL.dll (API version 3944462).
LogModuleManager: Display: Found up-to-date module file ../../../Engine/Plugins/Editor/DataValidation/Binaries/Win64/UE4Editor-DataValidation.dll (API version 3944462).
LogModuleManager: Display: Found up-to-date module file ../../../Engine/Plugins/Editor/FacialAnimation/Binaries/Win64/UE4Editor-FacialAnimation.dll (API version 3944462).
LogModuleManager: Display: Found up-to-date module file ../../../Engine/Plugins/Editor/FacialAnimation/Binaries/Win64/UE4Editor-FacialAnimationEditor.dll (API version 3944462).
LogModuleManager: Display: Found up-to-date module file ../../../Engine/Plugins/Editor/GameplayTagsEditor/Binaries/Win64/UE4Editor-GameplayTagsEditor.dll (API version 3944462).
LogModuleManager: Display: Found up-to-date module file ../../../Engine/Plugins/Editor/MobileLauncherProfileWizard/Binaries/Win64/UE4Editor-MobileLauncherProfileWizard.dll (API version 3944462).
LogModuleManager: Display: Found up-to-date module file ../../../Engine/Plugins/Editor/PluginBrowser/Binaries/Win64/UE4Editor-PluginBrowser.dll (API version 3944462).
LogModuleManager: Display: Found up-to-date module file ../../../Engine/Plugins/Editor/SpeedTreeImporter/Binaries/Win64/UE4Editor-SpeedTreeImporter.dll (API version 3944462).
LogModuleManager: Display: Found up-to-date module file ../../../Engine/Plugins/Enterprise/DatasmithContent/Binaries/Win64/UE4Editor-DatasmithContent.dll (API version 3944462).
LogModuleManager: Display: Found up-to-date module file ../../../Engine/Plugins/Experimental/AlembicImporter/Binaries/Win64/UE4Editor-AlembicImporter.dll (API version 3944462).
LogModuleManager: Display: Found up-to-date module file ../../../Engine/Plugins/Experimental/AlembicImporter/Binaries/Win64/UE4Editor-AlembicLibrary.dll (API version 3944462).
LogModuleManager: Display: Found up-to-date module file ../../../Engine/Plugins/Experimental/CharacterAI/Binaries/Win64/UE4Editor-CharacterAI.dll (API version 3944462).
LogModuleManager: Display: Found up-to-date module file ../../../Engine/Plugins/Experimental/HTML5Networking/Binaries/Win64/UE4Editor-HTML5Networking.dll (API version 3944462).
LogModuleManager: Display: Found up-to-date module file ../../../Engine/Plugins/Media/AndroidMedia/Binaries/Win64/UE4Editor-AndroidMediaEditor.dll (API version 3944462).
LogModuleManager: Display: Found up-to-date module file ../../../Engine/Plugins/Media/AndroidMedia/Binaries/Win64/UE4Editor-AndroidMediaFactory.dll (API version 3944462).
LogModuleManager: Display: Found up-to-date module file ../../../Engine/Plugins/Media/AvfMedia/Binaries/Win64/UE4Editor-AvfMediaEditor.dll (API version 3944462).
LogModuleManager: Display: Found up-to-date module file ../../../Engine/Plugins/Media/AvfMedia/Binaries/Win64/UE4Editor-AvfMediaFactory.dll (API version 3944462).
LogModuleManager: Display: Found up-to-date module file ../../../Engine/Plugins/Media/AvfMedia/Binaries/Win64/UE4Editor-AvfMediaFactory.dll (API version 3944462).
LogModuleManager: Display: Found up-to-date module file ../../../Engine/Plugins/Media/ImgMedia/Binaries/Win64/UE4Editor-ImgMedia.dll (API version 3944462).
LogModuleManager: Display: Found up-to-date module file ../../../Engine/Plugins/Media/ImgMedia/Binaries/Win64/UE4Editor-ImgMediaEditor.dll (API version 3944462).
LogModuleManager: Display: Found up-to-date module file ../../../Engine/Plugins/Media/ImgMedia/Binaries/Win64/UE4Editor-ImgMediaFactory.dll (API version 3944462).
LogModuleManager: Display: Found up-to-date module file ../../../Engine/Plugins/Media/ImgMedia/Binaries/Win64/UE4Editor-ImgMediaFactory.dll (API version 3944462).
LogModuleManager: Display: Found up-to-date module file ../../../Engine/Plugins/Media/ImgMedia/Binaries/Win64/UE4Editor-OpenExrWrapper.dll (API version 3944462).
LogModuleManager: Display: Found up-to-date module file ../../../Engine/Plugins/Media/LinearTimecode/Binaries/Win64/UE4Editor-LinearTimecode.dll (API version 3944462).
LogModuleManager: Display: Found up-to-date module file ../../../Engine/Plugins/Media/MediaCompositing/Binaries/Win64/UE4Editor-MediaCompositing.dll (API version 3944462).
LogModuleManager: Display: Found up-to-date module file ../../../Engine/Plugins/Media/MediaCompositing/Binaries/Win64/UE4Editor-MediaCompositingEditor.dll (API version 3944462).
LogModuleManager: Display: Found up-to-date module file ../../../Engine/Plugins/Media/MediaPlayerEditor/Binaries/Win64/UE4Editor-MediaPlayerEditor.dll (API version 3944462).
LogModuleManager: Display: Found up-to-date module file ../../../Engine/Plugins/Media/WmfMedia/Binaries/Win64/UE4Editor-WmfMedia.dll (API version 3944462).
LogModuleManager: Display: Found up-to-date module file ../../../Engine/Plugins/Media/WmfMedia/Binaries/Win64/UE4Editor-WmfMediaEditor.dll (API version 3944462).
LogModuleManager: Display: Found up-to-date module file ../../../Engine/Plugins/Media/WmfMedia/Binaries/Win64/UE4Editor-WmfMediaFactory.dll (API version 3944462).
LogModuleManager: Display: Found up-to-date module file ../../../Engine/Plugins/Media/WmfMedia/Binaries/Win64/UE4Editor-WmfMediaFactory.dll (API version 3944462).
LogModuleManager: Display: Found up-to-date module file ../../../Engine/Plugins/Messaging/TcpMessaging/Binaries/Win64/UE4Editor-TcpMessaging.dll (API version 3944462).
LogModuleManager: Display: Found up-to-date module file ../../../Engine/Plugins/Messaging/UdpMessaging/Binaries/Win64/UE4Editor-UdpMessaging.dll (API version 3944462).
LogModuleManager: Display: Found up-to-date module file ../../../Engine/Plugins/MovieScene/ActorSequence/Binaries/Win64/UE4Editor-ActorSequence.dll (API version 3944462).
LogModuleManager: Display: Found up-to-date module file ../../../Engine/Plugins/MovieScene/LevelSequenceEditor/Binaries/Win64/UE4Editor-LevelSequenceEditor.dll (API version 3944462).
LogModuleManager: Display: Found up-to-date module file ../../../Engine/Plugins/MovieScene/MatineeToLevelSequence/Binaries/Win64/UE4Editor-MatineeToLevelSequence.dll (API version 3944462).
LogModuleManager: Display: Found up-to-date module file ../../../Engine/Plugins/NetcodeUnitTest/NetcodeUnitTest/Binaries/Win64/UE4Editor-NetcodeUnitTest.dll (API version 3944462).
LogModuleManager: Display: Found up-to-date module file ../../../Engine/Plugins/NetcodeUnitTest/NUTUnrealEngine4/Binaries/Win64/UE4Editor-NUTUnrealEngine4.dll (API version 3944462).
LogModuleManager: Display: Found up-to-date module file ../../../Engine/Plugins/Online/OnlineSubsystem/Binaries/Win64/UE4Editor-OnlineSubsystem.dll (API version 3944462).
LogModuleManager: Display: Found up-to-date module file ../../../Engine/Plugins/Runtime/AndroidPermission/Binaries/Win64/UE4Editor-AndroidPermission.dll (API version 3944462).
LogModuleManager: Display: Found up-to-date module file ../../../Engine/Plugins/Online/OnlineSubsystemNull/Binaries/Win64/UE4Editor-OnlineSubsystemNull.dll (API version 3944462).
LogModuleManager: Display: Found up-to-date module file ../../../Engine/Plugins/Online/OnlineSubsystemUtils/Binaries/Win64/UE4Editor-OnlineSubsystemUtils.dll (API version 3944462).
LogModuleManager: Display: Found up-to-date module file ../../../Engine/Plugins/Online/OnlineSubsystemUtils/Binaries/Win64/UE4Editor-OnlineBlueprintSupport.dll (API version 3944462).
LogModuleManager: Display: Found up-to-date module file ../../../Engine/Plugins/Runtime/AndroidDeviceProfileSelector/Binaries/Win64/UE4Editor-AndroidDeviceProfileSelector.dll (API version 3944462).
LogModuleManager: Display: Found up-to-date module file ../../../Engine/Plugins/Runtime/AppleARKit/Binaries/Win64/UE4Editor-AppleARKit.dll (API version 3944462).
LogModuleManager: Display: Found up-to-date module file ../../../Engine/Plugins/Runtime/ProceduralMeshComponent/Binaries/Win64/UE4Editor-ProceduralMeshComponent.dll (API version 3944462).
LogModuleManager: Display: Found up-to-date module file ../../../Engine/Plugins/Runtime/ProceduralMeshComponent/Binaries/Win64/UE4Editor-ProceduralMeshComponentEditor.dll (API version 3944462).
LogModuleManager: Display: Found up-to-date module file ../../../Engine/Plugins/Animation/LiveLink/Binaries/Win64/UE4Editor-LiveLink.dll (API version 3944462).
LogModuleManager: Display: Found up-to-date module file ../../../Engine/Plugins/Animation/LiveLink/Binaries/Win64/UE4Editor-LiveLinkEditor.dll (API version 3944462).
LogModuleManager: Display: Found up-to-date module file ../../../Engine/Plugins/Runtime/ArchVisCharacter/Binaries/Win64/UE4Editor-ArchVisCharacter.dll (API version 3944462).
LogModuleManager: Display: Found up-to-date module file ../../../Engine/Plugins/Runtime/AudioCapture/Binaries/Win64/UE4Editor-AudioCapture.dll (API version 3944462).
LogModuleManager: Display: Found up-to-date module file ../../../Engine/Plugins/Runtime/AudioCapture/Binaries/Win64/UE4Editor-AudioCaptureEditor.dll (API version 3944462).
LogModuleManager: Display: Found up-to-date module file ../../../Engine/Plugins/Runtime/CableComponent/Binaries/Win64/UE4Editor-CableComponent.dll (API version 3944462).
LogModuleManager: Display: Found up-to-date module file ../../../Engine/Plugins/Runtime/CustomMeshComponent/Binaries/Win64/UE4Editor-CustomMeshComponent.dll (API version 3944462).
LogModuleManager: Display: Found up-to-date module file ../../../Engine/Plugins/Runtime/ExampleDeviceProfileSelector/Binaries/Win64/UE4Editor-ExampleDeviceProfileSelector.dll (API version 3944462).
LogModuleManager: Display: Found up-to-date module file ../../../Engine/Plugins/Runtime/ImmediatePhysics/Binaries/Win64/UE4Editor-ImmediatePhysics.dll (API version 3944462).
LogModuleManager: Display: Found up-to-date module file ../../../Engine/Plugins/Runtime/ImmediatePhysics/Binaries/Win64/UE4Editor-ImmediatePhysicsEditor.dll (API version 3944462).
LogModuleManager: Display: Found up-to-date module file ../../../Engine/Plugins/Runtime/LocationServicesBPLibrary/Binaries/Win64/UE4Editor-LocationServicesBPLibrary.dll (API version 3944462).
LogModuleManager: Display: Found up-to-date module file ../../../Engine/Plugins/Runtime/MobilePatchingUtils/Binaries/Win64/UE4Editor-MobilePatchingUtils.dll (API version 3944462).
LogModuleManager: Display: Found up-to-date module file ../../../Engine/Plugins/Runtime/Oculus/OculusVR/Binaries/Win64/UE4Editor-OculusHMD.dll (API version 3944462).
LogModuleManager: Display: Found up-to-date module file ../../../Engine/Plugins/Runtime/Oculus/OculusVR/Binaries/Win64/UE4Editor-OculusInput.dll (API version 3944462).
LogModuleManager: Display: Found up-to-date module file ../../../Engine/Plugins/Runtime/Oculus/OculusVR/Binaries/Win64/UE4Editor-OculusEditor.dll (API version 3944462).
LogModuleManager: Display: Found up-to-date module file ../../../Engine/Plugins/Runtime/PhysXVehicles/Binaries/Win64/UE4Editor-PhysXVehicles.dll (API version 3944462).
LogModuleManager: Display: Found up-to-date module file ../../../Engine/Plugins/Runtime/PhysXVehicles/Binaries/Win64/UE4Editor-PhysXVehiclesEditor.dll (API version 3944462).
LogModuleManager: Display: Found up-to-date module file ../../../Engine/Plugins/Runtime/RuntimePhysXCooking/Binaries/Win64/UE4Editor-RuntimePhysXCooking.dll (API version 3944462).
LogModuleManager: Display: Found up-to-date module file ../../../Engine/Plugins/Runtime/Steam/SteamVR/Binaries/Win64/UE4Editor-SteamVR.dll (API version 3944462).
LogModuleManager: Display: Found up-to-date module file ../../../Engine/Plugins/Runtime/Steam/SteamVR/Binaries/Win64/UE4Editor-SteamVRController.dll (API version 3944462).
LogModuleManager: Display: Found up-to-date module file ../../../Engine/Plugins/Runtime/WindowsMoviePlayer/Binaries/Win64/UE4Editor-WindowsMoviePlayer.dll (API version 3944462).
LogPluginManager: Mounting plugin Paper2D
LogPluginManager: Mounting plugin LiveLink
LogPluginManager: Mounting plugin LightPropagationVolume
LogPluginManager: Mounting plugin CLionSourceCodeAccess
LogPluginManager: Mounting plugin CodeLiteSourceCodeAccess
LogPluginManager: Mounting plugin GitSourceControl
LogPluginManager: Mounting plugin KDevelopSourceCodeAccess
LogPluginManager: Mounting plugin NullSourceCodeAccess
LogPluginManager: Mounting plugin PerforceSourceControl
LogPluginManager: Mounting plugin SubversionSourceControl
LogPluginManager: Mounting plugin UObjectPlugin
LogPluginManager: Mounting plugin VisualStudioCodeSourceCodeAccess
LogPluginManager: Mounting plugin VisualStudioSourceCodeAccess
LogPluginManager: Mounting plugin XCodeSourceCodeAccess
LogPluginManager: Mounting plugin AssetManagerEditor
LogPluginManager: Mounting plugin CryptoKeys
LogPluginManager: Mounting plugin DataValidation
LogPluginManager: Mounting plugin FacialAnimation
LogPluginManager: Mounting plugin GameplayTagsEditor
LogPluginManager: Mounting plugin MobileLauncherProfileWizard
LogPluginManager: Mounting plugin PluginBrowser
LogPluginManager: Mounting plugin SpeedTreeImporter
LogPluginManager: Mounting plugin DatasmithContent
LogPluginManager: Mounting plugin AlembicImporter
LogPluginManager: Mounting plugin CharacterAI
LogPluginManager: Mounting plugin HTML5Networking
LogPluginManager: Mounting plugin AndroidMedia
LogPluginManager: Mounting plugin AvfMedia
LogPluginManager: Mounting plugin ImgMedia
LogPluginManager: Mounting plugin LinearTimecode
LogPluginManager: Mounting plugin MediaCompositing
LogPluginManager: Mounting plugin MediaPlayerEditor
LogPluginManager: Mounting plugin WmfMedia
LogPluginManager: Mounting plugin TcpMessaging
LogPluginManager: Mounting plugin UdpMessaging
LogPluginManager: Mounting plugin ActorSequence
LogPluginManager: Mounting plugin LevelSequenceEditor
LogPluginManager: Mounting plugin MatineeToLevelSequence
LogPluginManager: Mounting plugin NetcodeUnitTest
LogPluginManager: Mounting plugin NUTUnrealEngine4
LogPluginManager: Mounting plugin OnlineSubsystemGooglePlay
LogPluginManager: Mounting plugin OnlineSubsystemIOS
LogPluginManager: Mounting plugin OnlineSubsystem
LogPluginManager: Mounting plugin OnlineSubsystemNull
LogPluginManager: Mounting plugin OnlineSubsystemUtils
LogPluginManager: Mounting plugin AndroidDeviceProfileSelector
LogPluginManager: Mounting plugin AndroidMoviePlayer
LogPluginManager: Mounting plugin AndroidPermission
LogPluginManager: Mounting plugin AppleARKit
LogPluginManager: Mounting plugin AppleMoviePlayer
LogPluginManager: Mounting plugin ArchVisCharacter
LogPluginManager: Mounting plugin AudioCapture
LogPluginManager: Mounting plugin CableComponent
LogPluginManager: Mounting plugin CustomMeshComponent
LogPluginManager: Mounting plugin ExampleDeviceProfileSelector
LogPluginManager: Mounting plugin GoogleCloudMessaging
LogPluginManager: Mounting plugin ImmediatePhysics
LogPluginManager: Mounting plugin IOSDeviceProfileSelector
LogPluginManager: Mounting plugin LinuxDeviceProfileSelector
LogPluginManager: Mounting plugin LocationServicesBPLibrary
LogPluginManager: Mounting plugin MobilePatchingUtils
LogPluginManager: Mounting plugin OculusVR
LogPluginManager: Plugin shader directory ../../../Engine/Plugins/Runtime/Oculus/OculusVR/Shaders found
LogPluginManager: Mapping shader source directory ../../../Engine/Plugins/Runtime/Oculus/OculusVR/Shaders to virtual directory /Plugin/OculusVR
LogPluginManager: Mounting plugin PhysXVehicles
LogPluginManager: Mounting plugin ProceduralMeshComponent
LogPluginManager: Mounting plugin RuntimePhysXCooking
LogPluginManager: Mounting plugin SteamVR
LogPluginManager: Mounting plugin WindowsMoviePlayer
LogStreaming: Display: Took  6.080s to configure plugins.
LogInit: Using libcurl 7.47.1
LogInit:  - built for x86_64-pc-win32
LogInit:  - supports SSL with OpenSSL/1.0.2g
LogInit:  - supports HTTP deflate (compression) using libz 1.2.8
LogInit:  - other features:
LogInit:      CURL_VERSION_SSL
LogInit:      CURL_VERSION_LIBZ
LogInit:      CURL_VERSION_IPV6
LogInit:      CURL_VERSION_ASYNCHDNS
LogInit:      CURL_VERSION_LARGEFILE
LogInit:      CURL_VERSION_IDN
LogInit:  CurlRequestOptions (configurable via config and command line):
LogInit:  - bVerifyPeer = false  - Libcurl will NOT verify peer certificate
LogInit:  - bUseHttpProxy = false  - Libcurl will NOT use HTTP proxy
LogInit:  - bDontReuseConnections = false  - Libcurl will reuse connections
LogInit:  - CertBundlePath = nullptr  - Libcurl will use whatever was configured at build time.
LogInit:  - MaxHostConnections = 16  - Libcurl will limit the number of connections to a host
LogInit:  - LocalHostAddr = Default
LogInit: WinSock: version 1.1 (2.2), MaxSocks=32767, MaxUdp=65467
LogInit: WinSock: I am ADMINRG-JHA4H1H (192.168.0.19:0)
LogInit: Build: ++UE4+Release-4.19-CL-4033788
LogInit: Engine Version: 4.19.2-4033788+++UE4+Release-4.19
LogInit: Compatible Engine Version: 4.19.0-3944462+++UE4+Release-4.19
LogInit: Net CL: 3944462
LogDevObjectVersion: Number of dev versions registered: 18
LogDevObjectVersion:   Dev-Blueprints (B0D832E4-1F89-4F0D-ACCF-7EB736FD4AA2): 10
LogDevObjectVersion:   Dev-Build (E1C64328-A22C-4D53-A36C-8E866417BD8C): 0
LogDevObjectVersion:   Dev-Core (375EC13C-06E4-48FB-B500-84F0262A717E): 2
LogDevObjectVersion:   Dev-Editor (E4B068ED-F494-42E9-A231-DA0B2E46BB41): 23
LogDevObjectVersion:   Dev-Framework (CFFC743F-43B0-4480-9391-14DF171D2073): 33
LogDevObjectVersion:   Dev-Mobile (B02B49B5-BB20-44E9-A304-32B752E40360): 2
LogDevObjectVersion:   Dev-Networking (A4E4105C-59A1-49B5-A7C5-40C4547EDFEE): 0
LogDevObjectVersion:   Dev-Online (39C831C9-5AE6-47DC-9A44-9C173E1C8E7C): 0
LogDevObjectVersion:   Dev-Physics (78F01B33-EBEA-4F98-B9B4-84EACCB95AA2): 0
LogDevObjectVersion:   Dev-Platform (6631380F-2D4D-43E0-8009-CF276956A95A): 0
LogDevObjectVersion:   Dev-Rendering (12F88B9F-8875-4AFC-A67C-D90C383ABD29): 25
LogDevObjectVersion:   Dev-Sequencer (7B5AE74C-D270-4C10-A958-57980B212A5A): 6
LogDevObjectVersion:   Dev-VR (D7296918-1DD6-4BDD-9DE2-64A83CC13884): 1
LogDevObjectVersion:   Dev-LoadTimes (C2A15278-BFE7-4AFE-6C17-90FF531DF755): 1
LogDevObjectVersion:   Private-Geometry (6EACA3D4-40EC-4CC1-B786-8BED09428FC5): 2
LogDevObjectVersion:   Dev-AnimPhys (29E575DD-E0A3-4627-9D10-D276232CDCEA): 16
LogDevObjectVersion:   Dev-ReflectionCapture (6B266CEC-1EC7-4B8F-A30B-E4D90942FC07): 1
LogDevObjectVersion:   Dev-Automation (0DF73D61-A23F-47EA-B727-89E90C41499A): 1
LogInit: Compiled (64-bit): Apr 27 2018 02:06:57
LogInit: Compiled with Visual C++: 19.00.24215.01
LogInit: Build Configuration: Development
LogInit: Branch Name: ++UE4+Release-4.19
LogInit: Command Line:  
LogInit: Base Directory: E:/Program Files (x86)/UE_4.19/Engine/Binaries/Win64/
LogInit: Installed Engine Build: 1
LogStreaming: Display: Took  0.043s to delete old logs.
LogInit: Presizing for max 8388607 objects, including 0 objects not considered by GC, pre-allocating 0 bytes for permanent pool.
LogInit: Object subsystem initialized
[2018.11.01-19.53.13:443][  0]LogInit: Selected Device Profile: [Windows]
[2018.11.01-19.53.13:444][  0]LogInit: Applying CVar settings loaded from the selected device profile: [Windows]
[2018.11.01-19.53.13:569][  0]LogInit: Computer: ADMINRG-JHA4H1H
[2018.11.01-19.53.13:569][  0]LogInit: User: guipf
[2018.11.01-19.53.13:569][  0]LogInit: CPU Page size=4096, Cores=4
[2018.11.01-19.53.13:569][  0]LogInit: High frequency timer resolution =3.924367 MHz
[2018.11.01-19.53.13:569][  0]LogMemory: Memory total: Physical=8.0GB (8GB approx)
[2018.11.01-19.53.13:569][  0]LogMemory: Platform Memory Stats for Windows
[2018.11.01-19.53.13:569][  0]LogMemory: Process Physical Memory: 273.37 MB used, 273.37 MB peak
[2018.11.01-19.53.13:569][  0]LogMemory: Process Virtual Memory: 264.57 MB used, 264.57 MB peak
[2018.11.01-19.53.13:569][  0]LogMemory: Physical Memory: 3834.48 MB used,  4324.17 MB free, 8158.65 MB total
[2018.11.01-19.53.13:569][  0]LogMemory: Virtual Memory: 4790.40 MB used,  4324.17 MB free, 134217728.00 MB total
[2018.11.01-19.53.13:959][  0]LogInit: Using OS detected language (en-US).
[2018.11.01-19.53.13:959][  0]LogInit: Using OS detected locale (pt-BR).
[2018.11.01-19.53.14:133][  0]LogTextLocalizationManager: No specific localization for 'en-US' exists, so the 'en' localization will be used.
[2018.11.01-19.53.15:072][  0]LogStreaming: Display: Took  1.113s to EndInitTextLocalization.
[2018.11.01-19.53.15:072][  0]LogInit: Setting process to per monitor DPI aware
[2018.11.01-19.53.15:411][  0]LogSlate: New Slate User Created.  User Index 0, Is Virtual User: 0
[2018.11.01-19.53.15:411][  0]LogSlate: Slate User Registered.  User Index 0, Is Virtual User: 0
[2018.11.01-19.53.18:852][  0]LogD3D11RHI: D3D11 adapters:
[2018.11.01-19.53.18:948][  0]LogD3D11RHI:    0. 'NVIDIA GeForce GTX 1060 6GB' (Feature Level 11_0)
[2018.11.01-19.53.18:948][  0]LogD3D11RHI:       6052/0/4079 MB DedicatedVideo/DedicatedSystem/SharedSystem, Outputs:1, VendorId:0x10de
[2018.11.01-19.53.18:951][  0]LogD3D11RHI:    1. 'Microsoft Basic Render Driver' (Feature Level 11_0)
[2018.11.01-19.53.18:951][  0]LogD3D11RHI:       0/0/4079 MB DedicatedVideo/DedicatedSystem/SharedSystem, Outputs:0, VendorId:0x1414
[2018.11.01-19.53.18:951][  0]LogD3D11RHI: Chosen D3D11 Adapter: 0
[2018.11.01-19.53.18:960][  0]LogD3D11RHI: Creating new Direct3DDevice
[2018.11.01-19.53.18:960][  0]LogD3D11RHI:     GPU DeviceId: 0x1c03 (for the marketing name, search the web for "GPU Device Id")
[2018.11.01-19.53.18:960][  0]LogWindows: EnumDisplayDevices:
[2018.11.01-19.53.18:961][  0]LogWindows:    0. 'NVIDIA GeForce GTX 1060 6GB' (P:1 D:1)
[2018.11.01-19.53.18:961][  0]LogWindows:    1. 'NVIDIA GeForce GTX 1060 6GB' (P:0 D:0)
[2018.11.01-19.53.18:961][  0]LogWindows:    2. 'NVIDIA GeForce GTX 1060 6GB' (P:0 D:0)
[2018.11.01-19.53.18:961][  0]LogWindows:    3. 'NVIDIA GeForce GTX 1060 6GB' (P:0 D:0)
[2018.11.01-19.53.18:961][  0]LogWindows: DebugString: GetVideoDriverDetailsInvalid PrimaryIsNotTheChoosenAdapter GetVideoDriverDetailsInvalid PrimaryIsNotTheChoosenAdapter GetVideoDriverDetailsInvalid PrimaryIsNotTheChoosenAdapter GetVideoDriverDetailsInvalid PrimaryIsNotTheChoosenAdapter FoundDriverCount:0 
[2018.11.01-19.53.18:962][  0]LogD3D11RHI:     Adapter Name: NVIDIA GeForce GTX 1060 6GB
[2018.11.01-19.53.18:962][  0]LogD3D11RHI:   Driver Version: Unknown (internal:Unknown, unified:Unknown)
[2018.11.01-19.53.18:962][  0]LogD3D11RHI:      Driver Date: Unknown
[2018.11.01-19.53.18:962][  0]LogRHI: Texture pool is 4236 MB (70% of 6052 MB)
[2018.11.01-19.53.19:026][  0]LogD3D11RHI: [Aftermath] Aftermath enabled and primed
[2018.11.01-19.53.19:026][  0]LogD3D11RHI: [Aftermath] Aftermath enabled and primed
[2018.11.01-19.53.19:026][  0]LogD3D11RHI: Async texture creation enabled
[2018.11.01-19.53.19:048][  0]LogD3D11RHI: GPU Timing Frequency: 1000.000000 (Debug: 2 2)
[2018.11.01-19.53.19:097][  0]LogShaderCompilers: Guid format shader working directory is -22 characters bigger than the processId version (../../../../../Users/Gui/Documents/Unreal Projects/Demons_World_Game/Intermediate/Shaders/WorkingDirectory/4920/).
[2018.11.01-19.53.19:097][  0]LogShaderCompilers: Cleaned the shader compiler working directory 'C:/Users/guipf/AppData/Local/Temp/UnrealShaderWorkingDir/38EA85ED4E46585FA5E1B89378B31D8B/'.
[2018.11.01-19.53.20:875][  0]LogTemp: Display: Loaded TP AllDesktopTargetPlatform
[2018.11.01-19.53.20:896][  0]LogTemp: Display: Loaded TP MacClientTargetPlatform
[2018.11.01-19.53.20:917][  0]LogTemp: Display: Loaded TP MacNoEditorTargetPlatform
[2018.11.01-19.53.20:937][  0]LogTemp: Display: Loaded TP MacServerTargetPlatform
[2018.11.01-19.53.20:978][  0]LogTemp: Display: Loaded TP MacTargetPlatform
[2018.11.01-19.53.20:999][  0]LogTemp: Display: Loaded TP WindowsClientTargetPlatform
[2018.11.01-19.53.21:019][  0]LogTemp: Display: Loaded TP WindowsNoEditorTargetPlatform
[2018.11.01-19.53.21:042][  0]LogTemp: Display: Loaded TP WindowsServerTargetPlatform
[2018.11.01-19.53.21:052][  0]LogTemp: Display: Loaded TP WindowsTargetPlatform
[2018.11.01-19.53.21:071][  0]LogTemp: Display: Loaded TP Android_ASTCTargetPlatform
[2018.11.01-19.53.21:090][  0]LogTemp: Display: Loaded TP Android_ATCTargetPlatform
[2018.11.01-19.53.21:108][  0]LogTemp: Display: Loaded TP Android_DXTTargetPlatform
[2018.11.01-19.53.21:127][  0]LogTemp: Display: Loaded TP Android_ETC1aTargetPlatform
[2018.11.01-19.53.21:145][  0]LogTemp: Display: Loaded TP Android_ETC1TargetPlatform
[2018.11.01-19.53.21:164][  0]LogTemp: Display: Loaded TP Android_ETC2TargetPlatform
[2018.11.01-19.53.21:201][  0]LogTemp: Display: Loaded TP Android_MultiTargetPlatform
[2018.11.01-19.53.21:201][  0]LogTemp: Display: Loaded TP Android_PVRTCTargetPlatform
[2018.11.01-19.53.21:234][  0]LogTemp: Display: Loaded TP AndroidTargetPlatform
[2018.11.01-19.53.21:236][  0]LogTemp: Display: Loaded TP HTML5TargetPlatform
[2018.11.01-19.53.21:407][  0]LogTemp: Display: Loaded TP IOSTargetPlatform
[2018.11.01-19.53.21:426][  0]LogTemp: Display: Loaded TP TVOSTargetPlatform
[2018.11.01-19.53.21:444][  0]LogTemp: Display: Loaded TP LinuxClientTargetPlatform
[2018.11.01-19.53.21:463][  0]LogTemp: Display: Loaded TP LinuxNoEditorTargetPlatform
[2018.11.01-19.53.21:481][  0]LogTemp: Display: Loaded TP LinuxServerTargetPlatform
[2018.11.01-19.53.21:518][  0]LogTemp: Display: Loaded TP LinuxTargetPlatform
[2018.11.01-19.53.21:518][  0]LogTargetPlatformManager: Display: Building Assets For Windows
[2018.11.01-19.53.22:732][  0]LogXGEController: Cleaning working directory: C:/Users/guipf/AppData/Local/Temp/UnrealXGEWorkingDir/
[2018.11.01-19.53.22:732][  0]LogXGEController: Cannot use XGE Controller as Incredibuild is not installed on this machine.
[2018.11.01-19.53.22:733][  0]LogShaderCompilers: Cannot use XGE Shader Compiler as Incredibuild is not installed on this machine.
[2018.11.01-19.53.22:733][  0]LogShaderCompilers: Display: Using Local Shader Compiler.
[2018.11.01-19.53.25:479][  0]LogDerivedDataCache: Display: Max Cache Size: 512 MB
[2018.11.01-19.53.26:415][  0]LogDerivedDataCache: Loaded boot cache 0.91s 74MB C:/Users/guipf/AppData/Local/UnrealEngine/4.19/DerivedDataCache/Boot.ddc.
[2018.11.01-19.53.26:415][  0]LogDerivedDataCache: Display: Loaded Boot cache: C:/Users/guipf/AppData/Local/UnrealEngine/4.19/DerivedDataCache/Boot.ddc
[2018.11.01-19.53.26:415][  0]LogDerivedDataCache: FDerivedDataBackendGraph:  Pak pak cache file ../../../../../Users/Gui/Documents/Unreal Projects/Demons_World_Game/DerivedDataCache/DDC.ddp not found, will not use a pak cache.
[2018.11.01-19.53.26:415][  0]LogDerivedDataCache: Unable to find inner node Pak for hierarchical cache Hierarchy.
[2018.11.01-19.53.26:415][  0]LogDerivedDataCache: FDerivedDataBackendGraph:  CompressedPak pak cache file ../../../../../Users/Gui/Documents/Unreal Projects/Demons_World_Game/DerivedDataCache/Compressed.ddp not found, will not use a pak cache.
[2018.11.01-19.53.26:415][  0]LogDerivedDataCache: Unable to find inner node CompressedPak for hierarchical cache Hierarchy.
[2018.11.01-19.53.26:491][  0]LogDerivedDataCache: Display: Pak cache opened for reading ../../../Engine/DerivedDataCache/Compressed.ddp.
[2018.11.01-19.53.26:504][  0]LogDerivedDataCache: Using Local data cache path C:/Users/guipf/AppData/Local/UnrealEngine/Common/DerivedDataCache: Writable
[2018.11.01-19.53.26:504][  0]LogDerivedDataCache: Shared data cache path not found in *engine.ini, will not use an Shared cache.
[2018.11.01-19.53.26:504][  0]LogDerivedDataCache: Unable to find inner node Shared for hierarchical cache Hierarchy.
[2018.11.01-19.53.26:523][  0]LogMaterial: Verifying Global Shaders for PCD3D_SM5
[2018.11.01-19.53.26:523][  0]LogSlate: Using Freetype 2.6.0
[2018.11.01-19.53.26:589][  0]LogSlate: SlateFontCache - WITH_FREETYPE: 1, WITH_HARFBUZZ: 1
[2018.11.01-19.53.26:589][  0]LogSlate: SlateFontCache - WITH_FREETYPE: 1, WITH_HARFBUZZ: 1
[2018.11.01-19.53.36:254][  0]LogAssetRegistry: FAssetRegistry took 0.0295 seconds to start up
[2018.11.01-19.53.36:754][  0]LogInit: Selected Device Profile: [Windows]
[2018.11.01-19.53.37:566][  0]LogSimplygon: Simplygon DLL not present - disabling.
[2018.11.01-19.53.37:570][  0]LogMeshReduction: Using SimplygonSwarm for distributed automatic mesh merging
[2018.11.01-19.53.37:570][  0]LogMeshReduction: Using QuadricMeshReduction for automatic static mesh reduction
[2018.11.01-19.53.37:570][  0]LogMeshReduction: No automatic skeletal mesh reduction module available
[2018.11.01-19.53.37:570][  0]LogMeshReduction: No automatic mesh merging module available
[2018.11.01-19.53.37:570][  0]LogMeshMerging: No automatic mesh merging module available
[2018.11.01-19.53.37:762][  0]LogNetVersion: Demons_World_Game , NetCL: 3944462, EngineNetVer: 2, GameNetVer: 0 (Checksum: 3052913261)
[2018.11.01-19.53.39:579][  0]LogPackageLocalizationCache: Processed 9 localized package path(s) for 2 prioritized culture(s) in 0.193279 seconds
[2018.11.01-19.53.39:587][  0]LogUObjectArray: 36728 objects as part of root set at end of initial load.
[2018.11.01-19.53.39:587][  0]LogUObjectAllocator: 7314304 out of 0 bytes used by permanent object pool.
[2018.11.01-19.53.39:587][  0]LogUObjectArray: CloseDisregardForGC: 0/0 objects in disregard for GC pool
[2018.11.01-19.54.02:926][  0]LogTcpMessaging: Initializing TcpMessaging bridge
[2018.11.01-19.54.02:972][  0]LogUdpMessaging: Initializing bridge on interface 0.0.0.0:0 to multicast group 230.0.0.1:6666.
[2018.11.01-19.54.03:798][  0]SourceControl: Source control is disabled
[2018.11.01-19.54.03:798][  0]LogWindows: Warning: CreateProc failed: The system cannot find the file specified. (0x00000002)
[2018.11.01-19.54.03:798][  0]LogWindows: Warning: URL: C:/Program Files/Git/bin/git.exe version
[2018.11.01-19.54.03:799][  0]LogWindows: Warning: CreateProc failed: The system cannot find the file specified. (0x00000002)
[2018.11.01-19.54.03:799][  0]LogWindows: Warning: URL: C:/Program Files (x86)/Git/bin/git.exe version
[2018.11.01-19.54.03:803][  0]LogWindows: Warning: CreateProc failed: The system cannot find the file specified. (0x00000002)
[2018.11.01-19.54.03:803][  0]LogWindows: Warning: URL: C:\Users\guipf\AppData\Local/Programs/Git/cmd/git.exe version
[2018.11.01-19.54.03:804][  0]LogWindows: Warning: CreateProc failed: The system cannot find the file specified. (0x00000002)
[2018.11.01-19.54.03:804][  0]LogWindows: Warning: URL: C:/Program Files (x86)/SmartGit/git/bin/git.exe version
[2018.11.01-19.54.03:804][  0]LogWindows: Warning: CreateProc failed: The system cannot find the file specified. (0x00000002)
[2018.11.01-19.54.03:804][  0]LogWindows: Warning: URL: C:/Program Files (x86)/SmartGit/bin/git.exe version
[2018.11.01-19.54.06:276][  0]LogAndroidPermission: UAndroidPermissionCallbackProxy::GetInstance
[2018.11.01-19.54.06:539][  0]LogOcInput: OculusInput pre-init called
[2018.11.01-19.54.06:823][  0]LogEngine: Initializing Engine...
[2018.11.01-19.54.06:929][  0]LogHMD: Failed to initialize OpenVR with code 126
[2018.11.01-19.54.06:931][  0]LogStats: UGameplayTagsManager::ConstructGameplayTagTree: Construct from data asset -  0.000 s
[2018.11.01-19.54.06:931][  0]LogStats: UGameplayTagsManager::ConstructGameplayTagTree: GameplayTagTreeChangedEvent.Broadcast -  0.000 s
[2018.11.01-19.54.07:606][  0]LogAIModule: Creating AISystem for world Untitled
[2018.11.01-19.54.07:691][  0]LogInit: XAudio2 using 'Speakers (Realtek High Definition Audio)' : 2 channels at 48 kHz using 16 bits per sample (channel mask 0x3)
[2018.11.01-19.54.08:079][  0]LogInit: FAudioDevice initialized.
[2018.11.01-19.54.08:274][  0]LogDerivedDataCache: Saved boot cache 0.19s 74MB C:/Users/guipf/AppData/Local/UnrealEngine/4.19/DerivedDataCache/Boot.ddc.
[2018.11.01-19.54.08:314][  0]LogInit: Texture streaming: Enabled
[2018.11.01-19.54.08:339][  0]LogEngineSessionManager: EngineSessionManager initialized
[2018.11.01-19.54.08:367][  0]LogInit: Transaction tracking system initialized
[2018.11.01-19.54.08:403][  0]BlueprintLog: New page: Editor Load
[2018.11.01-19.54.08:555][  0]LocalizationService: Localization service is disabled
[2018.11.01-19.54.09:226][  0]LogConsoleResponse: Display: 
[2018.11.01-19.54.10:196][  0]LogCook: Display: Max memory allowance for cook 16384mb min free memory 0mb
[2018.11.01-19.54.10:196][  0]LogCook: Display: Mobile HDR setting 1
[2018.11.01-19.54.10:196][  0]LogGameplayTags: Display: UGameplayTagsManager::DoneAddingNativeTags. DelegateIsBound: 0
[2018.11.01-19.54.10:196][  0]LogStats: UGameplayTagsManager::ConstructGameplayTagTree: Construct from data asset -  0.000 s
[2018.11.01-19.54.10:196][  0]LogStats: UGameplayTagsManager::ConstructGameplayTagTree: GameplayTagTreeChangedEvent.Broadcast -  0.000 s
[2018.11.01-19.54.11:170][  0]LogFileCache: Scanning file cache for directory 'E:/Users/Gui/Documents/Unreal Projects/Demons_World_Game/Content/' took 0.02s
[2018.11.01-19.54.11:473][  0]Cmd: MAP LOAD FILE="../../../../../Users/Gui/Documents/Unreal Projects/Demons_World_Game/Content/Maps/TestMap.umap" TEMPLATE=0 SHOWPROGRESS=1 FEATURELEVEL=3
[2018.11.01-19.54.11:473][  0]LightingResults: New page: Lighting Build
[2018.11.01-19.54.11:477][  0]MapCheck: New page: Map Check
[2018.11.01-19.54.11:477][  0]LightingResults: New page: Lighting Build
[2018.11.01-19.54.11:605][  0]LogUObjectGlobals: Created PersistentFrame Addr=0x000001b366681980, Size=792, Default__BP_MainCharacter_C Function /Game/Blueprints/Character/BP_MainCharacter.BP_MainCharacter_C:ExecuteUbergraph_BP_MainCharacter
[2018.11.01-19.54.11:621][  0]LogUObjectGlobals: Destroyed PersistentFrame Addr=0x000001b366681980, Size=792
[2018.11.01-19.54.11:621][  0]LogUObjectGlobals: Created PersistentFrame Addr=0x000001b366681980, Size=792, Default__BP_MainCharacter_C Function /Engine/Transient.REINST_BP_MainCharacter_C_5:ExecuteUbergraph_BP_MainCharacter
[2018.11.01-19.54.11:639][  0]LogUObjectGlobals: Created PersistentFrame Addr=0x000001b366680480, Size=792, Default__BP_MainCharacter_C Function /Game/Blueprints/Character/BP_MainCharacter.BP_MainCharacter_C:ExecuteUbergraph_BP_MainCharacter
[2018.11.01-19.54.11:714][  0]LogUObjectGlobals: Created PersistentFrame Addr=0x000001b3044e5300, Size=576, Default__BP_Skeleton_C Function /Game/Blueprints/BP_Skeleton.BP_Skeleton_C:ExecuteUbergraph_BP_Skeleton
[2018.11.01-19.54.11:756][  0]LogUObjectGlobals: Destroyed PersistentFrame Addr=0x000001b3044e5300, Size=576
[2018.11.01-19.54.11:756][  0]LogUObjectGlobals: Created PersistentFrame Addr=0x000001b3044e5300, Size=576, Default__BP_Skeleton_C Function /Engine/Transient.REINST_BP_Skeleton_C_7:ExecuteUbergraph_BP_Skeleton
[2018.11.01-19.54.11:786][  0]LogUObjectGlobals: Created PersistentFrame Addr=0x000001b36f4a6480, Size=576, Default__BP_Skeleton_C Function /Game/Blueprints/BP_Skeleton.BP_Skeleton_C:ExecuteUbergraph_BP_Skeleton
[2018.11.01-19.54.11:995][  0]LogUObjectGlobals: Created PersistentFrame Addr=0x000001b3712e1870, Size=4, Default__BP_RatodeAsa_C Function /Game/Blueprints/BP_RatodeAsa.BP_RatodeAsa_C:ExecuteUbergraph_BP_RatodeAsa
[2018.11.01-19.54.12:022][  0]LogUObjectGlobals: Destroyed PersistentFrame Addr=0x000001b3712e1870, Size=4
[2018.11.01-19.54.12:022][  0]LogUObjectGlobals: Created PersistentFrame Addr=0x000001b3712e1870, Size=4, Default__BP_RatodeAsa_C Function /Engine/Transient.REINST_BP_RatodeAsa_C_11:ExecuteUbergraph_BP_RatodeAsa
[2018.11.01-19.54.12:043][  0]LogUObjectGlobals: Created PersistentFrame Addr=0x000001b3712e1470, Size=4, Default__BP_RatodeAsa_C Function /Game/Blueprints/BP_RatodeAsa.BP_RatodeAsa_C:ExecuteUbergraph_BP_RatodeAsa
[2018.11.01-19.54.12:677][  0]LogAIModule: Creating AISystem for world TestMap
[2018.11.01-19.54.12:696][  0]LogEditorServer: Finished looking for orphan Actors (0.000 secs)
[2018.11.01-19.54.12:844][  0]LogUObjectGlobals: Destroyed PersistentFrame Addr=0x000001b366681980, Size=792
[2018.11.01-19.54.12:844][  0]LogUObjectGlobals: Destroyed PersistentFrame Addr=0x000001b3044e5300, Size=576
[2018.11.01-19.54.12:844][  0]LogUObjectGlobals: Destroyed PersistentFrame Addr=0x000001b3712e1870, Size=4
[2018.11.01-19.54.12:845][  0]Cmd: MAP CHECKDEP NOCLEARLOG
[2018.11.01-19.54.12:931][  0]MapCheck: Map check complete: 0 Error(s), 0 Warning(s), took 85,202ms to complete.
[2018.11.01-19.54.12:931][  0]LogFileHelpers: Loading map 'TestMap' took 1.458
[2018.11.01-19.54.13:397][  0]LogCollectionManager: Loaded 0 collections in 0.002495 seconds
[2018.11.01-19.54.13:444][  0]LogFileCache: Scanning file cache for directory 'E:/Users/Gui/Documents/Unreal Projects/Demons_World_Game/Saved/Collections/' took 0.01s
[2018.11.01-19.54.13:444][  0]LogFileCache: Scanning file cache for directory 'E:/Users/Gui/Documents/Unreal Projects/Demons_World_Game/Content/Developers/guipf/Collections/' took 0.01s
[2018.11.01-19.54.13:444][  0]LogFileCache: Scanning file cache for directory 'E:/Users/Gui/Documents/Unreal Projects/Demons_World_Game/Content/Collections/' took 0.01s
[2018.11.01-19.54.13:444][  0]LogCollectionManager: Rebuilt the GUID cache for 0 collections in 0.000000 seconds
[2018.11.01-19.54.13:459][  0]LogContentBrowser: Native class hierarchy populated in 0.0150 seconds. Added 2453 classes and 560 folders.
[2018.11.01-19.54.13:468][  0]LogContentBrowser: Native class hierarchy updated for 'WidgetCarousel' in 0.0003 seconds. Added 0 classes and 0 folders.
[2018.11.01-19.54.14:692][  0]LogContentBrowser: Native class hierarchy updated for 'AddContentDialog' in 0.0004 seconds. Added 0 classes and 0 folders.
[2018.11.01-19.54.14:714][  0]LogSlate: Took 0.017595 seconds to synchronously load lazily loaded font '../../../Engine/Content/Slate/Fonts/Roboto-Regular.ttf' (155K)
[2018.11.01-19.54.14:752][  0]LogSlate: Took 0.032977 seconds to synchronously load lazily loaded font '../../../Engine/Content/Slate/Fonts/Roboto-Bold.ttf' (160K)
[2018.11.01-19.54.14:931][  0]LogRenderer: Reallocating scene render targets to support 832x744 Format 9 NumSamples 1 (Frame:1).
[2018.11.01-19.54.15:235][  0]LogContentBrowser: Native class hierarchy updated for 'HierarchicalLODOutliner' in 0.0004 seconds. Added 0 classes and 0 folders.
[2018.11.01-19.54.15:236][  0]LogLoad: (Engine Initialization) Total time: 82.28 seconds
[2018.11.01-19.54.15:236][  0]LogLoad: (Engine Initialization) Total Blueprint compile time: 0.00 seconds
[2018.11.01-19.54.15:600][  0]LogContentStreaming: Texture pool size now 600 MB
[2018.11.01-19.54.15:925][  1]LogAssetRegistry: Asset discovery search completed in 39.6941 seconds
[2018.11.01-19.54.15:948][  1]LogCollectionManager: Rebuilt the object cache for 0 collections in 0.000000 seconds (found 0 objects)
[2018.11.01-19.54.15:948][  1]LogCollectionManager: Fixed up redirectors for 0 collections in 0.000081 seconds (updated 0 objects)
[2018.11.01-19.59.34:889][196]LogSlate: FSceneViewport::OnFocusLost() reason 2
[2018.11.01-19.59.35:772][290]LogSlate: FSceneViewport::OnFocusLost() reason 2
[2018.11.01-19.59.35:924][290]LogSlate: Took 0.004993 seconds to synchronously load lazily loaded font '../../../Engine/Content/Slate/Fonts/Roboto-Light.ttf' (167K)
[2018.11.01-19.59.37:206][431]Cmd: MAP LOAD FILE="../../../../../Users/Gui/Documents/Unreal Projects/Demons_World_Game/Content/Maps/Prologo.umap" TEMPLATE=0 SHOWPROGRESS=1 FEATURELEVEL=3
[2018.11.01-19.59.37:211][431]LogSlate: Took 0.000302 seconds to synchronously load lazily loaded font '../../../Engine/Content/Slate/Fonts/Roboto-Light.ttf' (167K)
[2018.11.01-19.59.37:226][431]LightingResults: New page: Lighting Build
[2018.11.01-19.59.37:227][431]LoadErrors: New page: Loading map: Prologo.umap
[2018.11.01-19.59.37:236][431]MapCheck: New page: Map Check
[2018.11.01-19.59.37:236][431]LightingResults: New page: Lighting Build
[2018.11.01-19.59.37:504][431]LogAIModule: Creating AISystem for world Prologo
[2018.11.01-19.59.37:613][431]LogEditorServer: Finished looking for orphan Actors (0.000 secs)
[2018.11.01-19.59.37:695][431]Cmd: MAP CHECKDEP NOCLEARLOG
[2018.11.01-19.59.37:784][431]MapCheck: Map check complete: 0 Error(s), 0 Warning(s), took 88,9ms to complete.
[2018.11.01-19.59.37:785][431]LogFileHelpers: Loading map 'Prologo' took 0.595
[2018.11.01-19.59.37:787][431]LogSlate: Window 'Open Level' being destroyed
[2018.11.01-20.14.28:392][823]LogSlate: FSceneViewport::OnFocusLost() reason 0
[2018.11.01-20.14.41:676][ 61]Cmd: TRANSACTION UNDO
[2018.11.01-20.14.41:676][ 61]LogEditorTransaction: Undo Move Actors
[2018.11.01-20.14.41:714][ 61]LogActorComponent: ~FComponentReregisterContext: (/Game/Maps/Prologo.Prologo:PersistentLevel.BoxBrush41_40.BrushComponent0) Component already registered.
[2018.11.01-20.14.41:715][ 61]LogActorComponent: ~FComponentReregisterContext: (/Game/Maps/Prologo.Prologo:PersistentLevel.LinearStairBrush.BrushComponent0) Component already registered.
[2018.11.01-20.14.41:715][ 61]LogActorComponent: ~FComponentReregisterContext: (/Game/Maps/Prologo.Prologo:PersistentLevel.BoxBrush24.BrushComponent0) Component already registered.
[2018.11.01-20.14.41:716][ 61]LogActorComponent: ~FComponentReregisterContext: (/Game/Maps/Prologo.Prologo:PersistentLevel.CylinderBrush4.BrushComponent0) Component already registered.
[2018.11.01-20.14.41:717][ 61]LogActorComponent: ~FComponentReregisterContext: (/Game/Maps/Prologo.Prologo:PersistentLevel.BoxBrush16.BrushComponent0) Component already registered.
[2018.11.01-20.14.54:284][ 47]Cmd: TRANSACTION UNDO
[2018.11.01-20.14.54:284][ 47]LogEditorTransaction: Undo Move Actors
[2018.11.01-20.14.54:305][ 47]LogActorComponent: ~FComponentReregisterContext: (/Game/Maps/Prologo.Prologo:PersistentLevel.BoxBrush41_40.BrushComponent0) Component already registered.
[2018.11.01-20.14.54:306][ 47]LogActorComponent: ~FComponentReregisterContext: (/Game/Maps/Prologo.Prologo:PersistentLevel.LinearStairBrush.BrushComponent0) Component already registered.
[2018.11.01-20.14.54:307][ 47]LogActorComponent: ~FComponentReregisterContext: (/Game/Maps/Prologo.Prologo:PersistentLevel.BoxBrush24.BrushComponent0) Component already registered.
[2018.11.01-20.14.54:307][ 47]LogActorComponent: ~FComponentReregisterContext: (/Game/Maps/Prologo.Prologo:PersistentLevel.CylinderBrush4.BrushComponent0) Component already registered.
[2018.11.01-20.14.54:308][ 47]LogActorComponent: ~FComponentReregisterContext: (/Game/Maps/Prologo.Prologo:PersistentLevel.BoxBrush16.BrushComponent0) Component already registered.
[2018.11.01-20.15.18:305][866]Cmd: TRANSACTION UNDO
[2018.11.01-20.15.18:305][866]LogEditorTransaction: Undo Move Actors
[2018.11.01-20.15.18:322][866]LogActorComponent: ~FComponentReregisterContext: (/Game/Maps/Prologo.Prologo:PersistentLevel.BoxBrush21.BrushComponent0) Component already registered.
[2018.11.01-20.15.18:323][866]LogActorComponent: ~FComponentReregisterContext: (/Game/Maps/Prologo.Prologo:PersistentLevel.BoxBrush44.BrushComponent0) Component already registered.
[2018.11.01-20.15.18:335][866]LogActorComponent: ~FComponentReregisterContext: (/Game/Maps/Prologo.Prologo:PersistentLevel.BoxBrush41_40.BrushComponent0) Component already registered.
[2018.11.01-20.15.18:336][866]LogActorComponent: ~FComponentReregisterContext: (/Game/Maps/Prologo.Prologo:PersistentLevel.LinearStairBrush.BrushComponent0) Component already registered.
[2018.11.01-20.15.18:337][866]LogActorComponent: ~FComponentReregisterContext: (/Game/Maps/Prologo.Prologo:PersistentLevel.CylinderBrush3.BrushComponent0) Component already registered.
[2018.11.01-20.15.34:641][225]LogSlate: FSceneViewport::OnFocusLost() reason 0
[2018.11.01-20.15.44:656][219]LogSlate: FSceneViewport::OnFocusLost() reason 0
[2018.11.01-20.15.55:955][316]LogSlate: FSceneViewport::OnFocusLost() reason 0
[2018.11.01-20.15.57:588][471]LogTemp: Repeating last play command: New Editor Window (PIE)
[2018.11.01-20.15.57:629][471]LogPlayLevel: PlayLevel: No blueprints needed recompiling
[2018.11.01-20.15.57:671][471]PIE: New page: PIE session: Prologo (01/11/2018 15:15:57)
[2018.11.01-20.15.57:672][471]LogPlayLevel: Creating play world package: /Game/Maps/UEDPIE_0_Prologo
[2018.11.01-20.15.57:695][471]LogPlayLevel: PIE: StaticDuplicateObject took: (0.023356s)
[2018.11.01-20.15.57:696][471]LogAIModule: Creating AISystem for world Prologo
[2018.11.01-20.15.57:697][471]LogPlayLevel: PIE: World Init took: (0.001523s)
[2018.11.01-20.15.57:697][471]LogPlayLevel: PIE: Created PIE world by copying editor world from /Game/Maps/Prologo.Prologo to /Game/Maps/UEDPIE_0_Prologo.Prologo (0.025157s)
[2018.11.01-20.15.57:743][471]LogInit: XAudio2 using 'Speakers (Realtek High Definition Audio)' : 2 channels at 48 kHz using 16 bits per sample (channel mask 0x3)
[2018.11.01-20.15.57:763][471]LogInit: FAudioDevice initialized.
[2018.11.01-20.15.57:861][471]LogLoad: Game class is 'GameModeBase'
[2018.11.01-20.15.57:917][471]LogWorld: Bringing World /Game/Maps/UEDPIE_0_Prologo.Prologo up for play (max tick rate 0) at 2018.11.01-17.15.57
[2018.11.01-20.15.57:917][471]LogWorld: Bringing up level for play took: 0.002768
[2018.11.01-20.15.57:966][471]LogContentBrowser: Native class hierarchy updated for 'MovieSceneCapture' in 0.0006 seconds. Added 11 classes and 0 folders.
[2018.11.01-20.15.57:972][471]PIE: Play in editor start time for /Game/Maps/UEDPIE_0_Prologo 1,145
[2018.11.01-20.15.58:027][471]LogRenderer: Reallocating scene render targets to support 916x744 Format 9 NumSamples 1 (Frame:1).
[2018.11.01-20.16.13:501][253]LogSlate: Window 'Demons_World_Game Game Preview Standalone (64-bit/PCD3D_SM5)' being destroyed
[2018.11.01-20.16.27:350][587]LogSlate: FSceneViewport::OnFocusLost() reason 0
[2018.11.01-20.16.31:610][ 14]LogSlate: FSceneViewport::OnFocusLost() reason 0
[2018.11.01-20.16.41:110][904]LogSlate: FSceneViewport::OnFocusLost() reason 0
[2018.11.01-20.16.41:181][912]LogTemp: Repeating last play command: New Editor Window (PIE)
[2018.11.01-20.16.41:206][912]LogPlayLevel: PlayLevel: No blueprints needed recompiling
[2018.11.01-20.16.41:206][912]PIE: New page: PIE session: Prologo (01/11/2018 15:16:41)
[2018.11.01-20.16.41:206][912]LogPlayLevel: Creating play world package: /Game/Maps/UEDPIE_0_Prologo
[2018.11.01-20.16.41:227][912]LogPlayLevel: PIE: StaticDuplicateObject took: (0.021014s)
[2018.11.01-20.16.41:228][912]LogAIModule: Creating AISystem for world Prologo
[2018.11.01-20.16.41:228][912]LogPlayLevel: PIE: World Init took: (0.001105s)
[2018.11.01-20.16.41:228][912]LogPlayLevel: PIE: Created PIE world by copying editor world from /Game/Maps/Prologo.Prologo to /Game/Maps/UEDPIE_0_Prologo.Prologo (0.022285s)
[2018.11.01-20.16.41:273][912]LogInit: XAudio2 using 'Speakers (Realtek High Definition Audio)' : 2 channels at 48 kHz using 16 bits per sample (channel mask 0x3)
[2018.11.01-20.16.41:294][912]LogInit: FAudioDevice initialized.
[2018.11.01-20.16.41:345][912]LogLoad: Game class is 'GameModeBase'
[2018.11.01-20.16.41:348][912]LogWorld: Bringing World /Game/Maps/UEDPIE_0_Prologo.Prologo up for play (max tick rate 0) at 2018.11.01-17.16.41
[2018.11.01-20.16.41:349][912]LogWorld: Bringing up level for play took: 0.002514
[2018.11.01-20.16.41:354][912]PIE: Play in editor start time for /Game/Maps/UEDPIE_0_Prologo 0,527
[2018.11.01-20.16.45:021][315]LogSlate: Window 'Demons_World_Game Game Preview Standalone (64-bit/PCD3D_SM5)' being destroyed
[2018.11.01-20.16.46:861][483]LogSlate: FSceneViewport::OnFocusLost() reason 0
[2018.11.01-20.16.51:871][959]LogSlate: FSceneViewport::OnFocusLost() reason 0
[2018.11.01-20.16.51:933][966]LogTemp: Repeating last play command: New Editor Window (PIE)
[2018.11.01-20.16.51:958][966]LogPlayLevel: PlayLevel: No blueprints needed recompiling
[2018.11.01-20.16.51:958][966]PIE: New page: PIE session: Prologo (01/11/2018 15:16:51)
[2018.11.01-20.16.51:958][966]LogPlayLevel: Creating play world package: /Game/Maps/UEDPIE_0_Prologo
[2018.11.01-20.16.51:980][966]LogPlayLevel: PIE: StaticDuplicateObject took: (0.021746s)
[2018.11.01-20.16.51:981][966]LogAIModule: Creating AISystem for world Prologo
[2018.11.01-20.16.51:981][966]LogPlayLevel: PIE: World Init took: (0.000947s)
[2018.11.01-20.16.51:981][966]LogPlayLevel: PIE: Created PIE world by copying editor world from /Game/Maps/Prologo.Prologo to /Game/Maps/UEDPIE_0_Prologo.Prologo (0.022862s)
[2018.11.01-20.16.52:025][966]LogInit: XAudio2 using 'Speakers (Realtek High Definition Audio)' : 2 channels at 48 kHz using 16 bits per sample (channel mask 0x3)
[2018.11.01-20.16.52:045][966]LogInit: FAudioDevice initialized.
[2018.11.01-20.16.52:099][966]LogLoad: Game class is 'GameModeBase'
[2018.11.01-20.16.52:101][966]LogWorld: Bringing World /Game/Maps/UEDPIE_0_Prologo.Prologo up for play (max tick rate 0) at 2018.11.01-17.16.52
[2018.11.01-20.16.52:102][966]LogWorld: Bringing up level for play took: 0.002298
[2018.11.01-20.16.52:107][966]PIE: Play in editor start time for /Game/Maps/UEDPIE_0_Prologo -0,721
[2018.11.01-20.16.59:332][784]LogSlate: Window 'Demons_World_Game Game Preview Standalone (64-bit/PCD3D_SM5)' being destroyed
[2018.11.01-20.17.01:210][960]LogSlate: FSceneViewport::OnFocusLost() reason 0
[2018.11.01-20.17.05:808][399]LogSlate: FSceneViewport::OnFocusLost() reason 0
[2018.11.01-20.17.05:878][407]LogTemp: Repeating last play command: New Editor Window (PIE)
[2018.11.01-20.17.05:904][407]LogPlayLevel: PlayLevel: No blueprints needed recompiling
[2018.11.01-20.17.05:904][407]PIE: New page: PIE session: Prologo (01/11/2018 15:17:05)
[2018.11.01-20.17.05:904][407]LogPlayLevel: Creating play world package: /Game/Maps/UEDPIE_0_Prologo
[2018.11.01-20.17.05:925][407]LogPlayLevel: PIE: StaticDuplicateObject took: (0.021219s)
[2018.11.01-20.17.05:926][407]LogAIModule: Creating AISystem for world Prologo
[2018.11.01-20.17.05:926][407]LogPlayLevel: PIE: World Init took: (0.000984s)
[2018.11.01-20.17.05:926][407]LogPlayLevel: PIE: Created PIE world by copying editor world from /Game/Maps/Prologo.Prologo to /Game/Maps/UEDPIE_0_Prologo.Prologo (0.022379s)
[2018.11.01-20.17.05:970][407]LogInit: XAudio2 using 'Speakers (Realtek High Definition Audio)' : 2 channels at 48 kHz using 16 bits per sample (channel mask 0x3)
[2018.11.01-20.17.05:991][407]LogInit: FAudioDevice initialized.
[2018.11.01-20.17.06:037][407]LogLoad: Game class is 'GameModeBase'
[2018.11.01-20.17.06:040][407]LogWorld: Bringing World /Game/Maps/UEDPIE_0_Prologo.Prologo up for play (max tick rate 0) at 2018.11.01-17.17.06
[2018.11.01-20.17.06:040][407]LogWorld: Bringing up level for play took: 0.002462
[2018.11.01-20.17.06:046][407]PIE: Play in editor start time for /Game/Maps/UEDPIE_0_Prologo -0,782
[2018.11.01-20.17.14:601][380]LogSlate: Window 'Demons_World_Game Game Preview Standalone (64-bit/PCD3D_SM5)' being destroyed
[2018.11.01-20.17.22:494][131]LogSlate: FSceneViewport::OnFocusLost() reason 0
[2018.11.01-20.17.36:793][482]LogSlate: FSceneViewport::OnFocusLost() reason 0
[2018.11.01-20.17.49:029][634]LogSlate: FSceneViewport::OnFocusLost() reason 0
[2018.11.01-20.17.49:106][643]LogTemp: Repeating last play command: New Editor Window (PIE)
[2018.11.01-20.17.49:131][643]LogPlayLevel: PlayLevel: No blueprints needed recompiling
[2018.11.01-20.17.49:131][643]PIE: New page: PIE session: Prologo (01/11/2018 15:17:49)
[2018.11.01-20.17.49:131][643]LogPlayLevel: Creating play world package: /Game/Maps/UEDPIE_0_Prologo
[2018.11.01-20.17.49:153][643]LogPlayLevel: PIE: StaticDuplicateObject took: (0.021162s)
[2018.11.01-20.17.49:154][643]LogAIModule: Creating AISystem for world Prologo
[2018.11.01-20.17.49:154][643]LogPlayLevel: PIE: World Init took: (0.001192s)
[2018.11.01-20.17.49:154][643]LogPlayLevel: PIE: Created PIE world by copying editor world from /Game/Maps/Prologo.Prologo to /Game/Maps/UEDPIE_0_Prologo.Prologo (0.022520s)
[2018.11.01-20.17.49:194][643]LogInit: XAudio2 using 'Speakers (Realtek High Definition Audio)' : 2 channels at 48 kHz using 16 bits per sample (channel mask 0x3)
[2018.11.01-20.17.49:214][643]LogInit: FAudioDevice initialized.
[2018.11.01-20.17.49:261][643]LogLoad: Game class is 'GameModeBase'
[2018.11.01-20.17.49:264][643]LogWorld: Bringing World /Game/Maps/UEDPIE_0_Prologo.Prologo up for play (max tick rate 0) at 2018.11.01-17.17.49
[2018.11.01-20.17.49:265][643]LogWorld: Bringing up level for play took: 0.002517
[2018.11.01-20.17.49:271][643]PIE: Play in editor start time for /Game/Maps/UEDPIE_0_Prologo 0,443
[2018.11.01-20.17.55:739][371]LogSlate: Window 'Demons_World_Game Game Preview Standalone (64-bit/PCD3D_SM5)' being destroyed
[2018.11.01-20.17.59:396][696]LogSlate: FSceneViewport::OnFocusLost() reason 0
[2018.11.01-20.18.07:170][463]LogSlate: FSceneViewport::OnFocusLost() reason 0
[2018.11.01-20.18.13:539][ 62]LogSlate: FSceneViewport::OnFocusLost() reason 0
[2018.11.01-20.18.17:301][410]LogSlate: FSceneViewport::OnFocusLost() reason 0
[2018.11.01-20.18.28:741][438]LogSlate: FSceneViewport::OnFocusLost() reason 0
[2018.11.01-20.18.34:201][932]LogEditorViewport: Clicking on Actor (LMB): BP_Sky_Sphere_C (Sky Sphere)
[2018.11.01-20.18.34:268][932]LogSlate: Took 0.025541 seconds to synchronously load lazily loaded font '../../../Engine/Content/Editor/Slate/Fonts/FontAwesome.ttf' (139K)
[2018.11.01-20.18.40:175][443]LogEditorViewport: Clicking on Actor (LMB): BP_Sky_Sphere_C (Sky Sphere)
[2018.11.01-20.18.52:230][579]Cmd: TRANSACTION UNDO
[2018.11.01-20.18.52:230][579]LogEditorTransaction: Undo Move Actors
[2018.11.01-20.18.52:244][579]LogActorComponent: ~FComponentReregisterContext: (/Game/Maps/Prologo.Prologo:PersistentLevel.CylinderBrush3.BrushComponent0) Component already registered.
[2018.11.01-20.18.52:253][579]LogActorComponent: ~FComponentReregisterContext: (/Game/Maps/Prologo.Prologo:PersistentLevel.BoxBrush40.BrushComponent0) Component already registered.
[2018.11.01-20.18.52:253][579]LogActorComponent: ~FComponentReregisterContext: (/Game/Maps/Prologo.Prologo:PersistentLevel.BoxBrush36.BrushComponent0) Component already registered.
[2018.11.01-20.18.52:253][579]LogActorComponent: ~FComponentReregisterContext: (/Game/Maps/Prologo.Prologo:PersistentLevel.BoxBrush37.BrushComponent0) Component already registered.
[2018.11.01-20.18.52:253][579]LogActorComponent: ~FComponentReregisterContext: (/Game/Maps/Prologo.Prologo:PersistentLevel.BoxBrush47.BrushComponent0) Component already registered.
[2018.11.01-20.18.52:254][579]LogActorComponent: ~FComponentReregisterContext: (/Game/Maps/Prologo.Prologo:PersistentLevel.BoxBrush43.BrushComponent0) Component already registered.
[2018.11.01-20.18.52:254][579]LogActorComponent: ~FComponentReregisterContext: (/Game/Maps/Prologo.Prologo:PersistentLevel.BoxBrush26.BrushComponent0) Component already registered.
[2018.11.01-20.18.52:255][579]LogActorComponent: ~FComponentReregisterContext: (/Game/Maps/Prologo.Prologo:PersistentLevel.BoxBrush22.BrushComponent0) Component already registered.
[2018.11.01-20.18.52:255][579]LogActorComponent: ~FComponentReregisterContext: (/Game/Maps/Prologo.Prologo:PersistentLevel.BoxBrush23.BrushComponent0) Component already registered.
[2018.11.01-20.18.52:255][579]LogActorComponent: ~FComponentReregisterContext: (/Game/Maps/Prologo.Prologo:PersistentLevel.BoxBrush33.BrushComponent0) Component already registered.
[2018.11.01-20.18.52:256][579]LogActorComponent: ~FComponentReregisterContext: (/Game/Maps/Prologo.Prologo:PersistentLevel.BoxBrush29.BrushComponent0) Component already registered.
[2018.11.01-20.18.58:086][ 93]LogSlate: FSceneViewport::OnFocusLost() reason 0
[2018.11.01-20.19.07:347][928]LogSlate: FSceneViewport::OnFocusLost() reason 0
[2018.11.01-20.19.11:220][270]LogSlate: FSceneViewport::OnFocusLost() reason 0
[2018.11.01-20.19.18:547][937]LogEditorViewport: Clicking on Actor (LMB): BP_Sky_Sphere_C (Sky Sphere)
[2018.11.01-20.19.25:068][520]LogSlate: FSceneViewport::OnFocusLost() reason 0
[2018.11.01-20.19.25:124][526]LogTemp: Repeating last play command: New Editor Window (PIE)
[2018.11.01-20.19.25:150][526]LogPlayLevel: PlayLevel: No blueprints needed recompiling
[2018.11.01-20.19.25:150][526]PIE: New page: PIE session: Prologo (01/11/2018 15:19:25)
[2018.11.01-20.19.25:150][526]LogPlayLevel: Creating play world package: /Game/Maps/UEDPIE_0_Prologo
[2018.11.01-20.19.25:172][526]LogPlayLevel: PIE: StaticDuplicateObject took: (0.022125s)
[2018.11.01-20.19.25:173][526]LogAIModule: Creating AISystem for world Prologo
[2018.11.01-20.19.25:173][526]LogPlayLevel: PIE: World Init took: (0.001009s)
[2018.11.01-20.19.25:173][526]LogPlayLevel: PIE: Created PIE world by copying editor world from /Game/Maps/Prologo.Prologo to /Game/Maps/UEDPIE_0_Prologo.Prologo (0.023299s)
[2018.11.01-20.19.25:229][526]LogInit: XAudio2 using 'Speakers (Realtek High Definition Audio)' : 2 channels at 48 kHz using 16 bits per sample (channel mask 0x3)
[2018.11.01-20.19.25:249][526]LogInit: FAudioDevice initialized.
[2018.11.01-20.19.25:300][526]LogLoad: Game class is 'GameModeBase'
[2018.11.01-20.19.25:304][526]LogWorld: Bringing World /Game/Maps/UEDPIE_0_Prologo.Prologo up for play (max tick rate 0) at 2018.11.01-17.19.25
[2018.11.01-20.19.25:305][526]LogWorld: Bringing up level for play took: 0.002601
[2018.11.01-20.19.25:311][526]PIE: Play in editor start time for /Game/Maps/UEDPIE_0_Prologo 0,484
[2018.11.01-20.19.34:734][582]LogSlate: Window 'Demons_World_Game Game Preview Standalone (64-bit/PCD3D_SM5)' being destroyed
[2018.11.01-20.19.39:409][ 66]Cmd: OBJ SAVEPACKAGE PACKAGE="/Game/Maps/Prologo" FILE="../../../../../Users/Gui/Documents/Unreal Projects/Demons_World_Game/Content/Maps/Prologo.umap" SILENT=true AUTOSAVING=false KEEPDIRTY=false
[2018.11.01-20.19.39:743][ 66]LogSavePackage: Save=280.53ms
[2018.11.01-20.19.39:743][ 66]LogSavePackage: Moving '../../../../../Users/Gui/Documents/Unreal Projects/Demons_World_Game/Saved/Prologo15592DFF409F65599B094C9D4D0FCE7C.tmp' to '../../../../../Users/Gui/Documents/Unreal Projects/Demons_World_Game/Content/Maps/Prologo.umap'
[2018.11.01-20.19.39:775][ 66]LogSavePackage: Display: Finished SavePackage ../../../../../Users/Gui/Documents/Unreal Projects/Demons_World_Game/Content/Maps/Prologo.umap
[2018.11.01-20.19.39:844][ 66]LogFileHelpers: Saving map 'Prologo' took 0.526
[2018.11.01-20.19.50:430][314]LogEditorViewport: Clicking on Actor (LMB): BP_MainCharacter_C (BP_MainCharacter)
[2018.11.01-20.19.51:345][352]LogSlate: Took 0.015758 seconds to synchronously load lazily loaded font '../../../Engine/Content/Slate/Fonts/Roboto-Italic.ttf' (157K)
[2018.11.01-20.19.51:827][388]LogSlate: FSceneViewport::OnFocusLost() reason 2
[2018.11.01-20.19.52:418][446]LogSlate: FSceneViewport::OnFocusLost() reason 2
[2018.11.01-20.19.53:441][446]LogContentBrowser: Native class hierarchy updated for 'BlueprintGraph' in 0.0010 seconds. Added 116 classes and 0 folders.
[2018.11.01-20.19.54:142][446]LogUObjectGlobals: Created PersistentFrame Addr=0x000001b384f185b0, Size=4, Default__SKEL_PROTO_BP_AnimBlueprint_0_C Function /Engine/Transient.SKEL_PROTO_BP_AnimBlueprint_0_C:ExecuteUbergraph_PROTO_BP_AnimBlueprint_0
[2018.11.01-20.19.54:143][446]LogUObjectGlobals: Created PersistentFrame Addr=0x000001b384f185a8, Size=4, Default__PROTO_BP_AnimBlueprint_0_C Function /Engine/Transient.PROTO_BP_AnimBlueprint_0_C:ExecuteUbergraph_PROTO_BP_AnimBlueprint_0
[2018.11.01-20.19.55:476][446]LogSlate: Took 0.027681 seconds to synchronously load lazily loaded font '../../../Engine/Content/Slate/Fonts/Roboto-BoldCondensed.ttf' (158K)
[2018.11.01-20.20.48:609][110]LogSlate: Window 'Save Content' being destroyed
[2018.11.01-20.20.48:720][110]LogSlate: Window 'Demons_World_Game - Unreal Editor' being destroyed
[2018.11.01-20.20.49:030][111]Cmd: QUIT_EDITOR
[2018.11.01-20.20.49:192][111]LogWindowsTextInputMethodSystem: Display: IME system now deactivated.
[2018.11.01-20.20.49:211][111]LogSlate: Slate User Destroyed.  User Index 0, Is Virtual User: 0
[2018.11.01-20.20.49:211][111]LogExit: Preparing to exit.
[2018.11.01-20.20.49:931][111]LogDirectoryWatcher: A directory notification for 'E:/Users/Gui/Documents/Unreal Projects/Demons_World_Game/Content/' was aborted.
[2018.11.01-20.20.49:984][111]LogExit: Editor shut down
[2018.11.01-20.20.49:997][111]LogExit: Transaction tracking system shut down
[2018.11.01-20.20.49:998][111]LogUObjectGlobals: Destroyed PersistentFrame Addr=0x000001b366680480, Size=792
[2018.11.01-20.20.49:998][111]LogUObjectGlobals: Destroyed PersistentFrame Addr=0x000001b36f4a6480, Size=576
[2018.11.01-20.20.49:998][111]LogUObjectGlobals: Destroyed PersistentFrame Addr=0x000001b3712e1470, Size=4
[2018.11.01-20.20.50:003][111]LogUObjectGlobals: Destroyed PersistentFrame Addr=0x000001b384f185b0, Size=4
[2018.11.01-20.20.50:003][111]LogUObjectGlobals: Destroyed PersistentFrame Addr=0x000001b384f185a8, Size=4
[2018.11.01-20.20.50:105][111]LogDirectoryWatcher: A directory notification for '../../../Engine/Content/' was aborted.
[2018.11.01-20.20.50:105][111]LogDirectoryWatcher: A directory notification for '../../../../../Users/Gui/Documents/Unreal Projects/Demons_World_Game/Content/' was aborted.
[2018.11.01-20.20.50:105][111]LogDirectoryWatcher: A directory notification for '../../Plugins/2D/Paper2D/Content/' was aborted.
[2018.11.01-20.20.50:105][111]LogDirectoryWatcher: A directory notification for '../../Plugins/Enterprise/DatasmithContent/Content/' was aborted.
[2018.11.01-20.20.50:105][111]LogDirectoryWatcher: A directory notification for '../../Plugins/Media/MediaCompositing/Content/' was aborted.
[2018.11.01-20.20.50:105][111]LogDirectoryWatcher: A directory notification for '../../Plugins/Runtime/AppleARKit/Content/' was aborted.
[2018.11.01-20.20.50:105][111]LogDirectoryWatcher: A directory notification for '../../Plugins/Runtime/Oculus/OculusVR/Content/' was aborted.
[2018.11.01-20.20.50:105][111]LogDirectoryWatcher: A directory notification for '../../Plugins/Runtime/Steam/SteamVR/Content/' was aborted.
[2018.11.01-20.20.50:255][111]LogExit: Object subsystem successfully closed.
[2018.11.01-20.20.50:272][111]LogShaderCompilers: Display: Shaders left to compile 0
[2018.11.01-20.20.50:277][111]LogD3D11RHI: Shutdown
[2018.11.01-20.20.50:277][111]LogD3D11RHI: CleanupD3DDevice
[2018.11.01-20.20.50:280][111]LogD3D11RHI: ~FD3D11DynamicRHI
[2018.11.01-20.20.50:297][111]LogModuleManager: Shutting down and abandoning module BlueprintGraph (578)
[2018.11.01-20.20.50:297][111]LogModuleManager: Shutting down and abandoning module MovieSceneCapture (576)
[2018.11.01-20.20.50:297][111]LogModuleManager: Shutting down and abandoning module HierarchicalLODOutliner (574)
[2018.11.01-20.20.50:297][111]LogModuleManager: Shutting down and abandoning module AddContentDialog (572)
[2018.11.01-20.20.50:297][111]LogDirectoryWatcher: A directory notification for 'E:/Program Files (x86)/UE_4.19/FeaturePacks/' was aborted.
[2018.11.01-20.20.50:297][111]LogDirectoryWatcher: A directory notification for 'E:/Program Files (x86)/UE_4.19/Enterprise/FeaturePacks/' was aborted.
[2018.11.01-20.20.50:298][111]LogModuleManager: Shutting down and abandoning module WidgetCarousel (571)
[2018.11.01-20.20.50:299][111]LogModuleManager: Shutting down and abandoning module EditorWidgets (568)
[2018.11.01-20.20.50:299][111]LogModuleManager: Shutting down and abandoning module CollectionManager (566)
[2018.11.01-20.20.50:299][111]LogDirectoryWatcher: A directory notification for 'E:/Users/Gui/Documents/Unreal Projects/Demons_World_Game/Content/Collections/' was aborted.
[2018.11.01-20.20.50:299][111]LogDirectoryWatcher: A directory notification for 'E:/Users/Gui/Documents/Unreal Projects/Demons_World_Game/Content/Developers/guipf/Collections/' was aborted.
[2018.11.01-20.20.50:299][111]LogDirectoryWatcher: A directory notification for 'E:/Users/Gui/Documents/Unreal Projects/Demons_World_Game/Saved/Collections/' was aborted.
[2018.11.01-20.20.50:299][111]LogModuleManager: Shutting down and abandoning module SceneOutliner (564)
[2018.11.01-20.20.50:299][111]LogModuleManager: Shutting down and abandoning module StatsViewer (562)
[2018.11.01-20.20.50:299][111]LogModuleManager: Shutting down and abandoning module FoliageEdit (560)
[2018.11.01-20.20.50:299][111]LogModuleManager: Shutting down and abandoning module LandscapeEditor (558)
[2018.11.01-20.20.50:299][111]LogModuleManager: Shutting down and abandoning module MeshPaintMode (556)
[2018.11.01-20.20.50:299][111]LogModuleManager: Shutting down and abandoning module SceneDepthPickerMode (554)
[2018.11.01-20.20.50:299][111]LogModuleManager: Shutting down and abandoning module ActorPickerMode (552)
[2018.11.01-20.20.50:299][111]LogModuleManager: Shutting down and abandoning module GeometryMode (550)
[2018.11.01-20.20.50:299][111]LogModuleManager: Shutting down and abandoning module TextureAlignMode (548)
[2018.11.01-20.20.50:299][111]LogModuleManager: Shutting down and abandoning module BspMode (546)
[2018.11.01-20.20.50:299][111]LogModuleManager: Shutting down and abandoning module PIEPreviewDeviceProfileSelector (544)
[2018.11.01-20.20.50:299][111]LogModuleManager: Shutting down and abandoning module HardwareSurvey (542)
[2018.11.01-20.20.50:299][111]LogModuleManager: Shutting down and abandoning module SequenceRecorderSections (540)
[2018.11.01-20.20.50:300][111]LogModuleManager: Shutting down and abandoning module AutomationWorker (538)
[2018.11.01-20.20.50:300][111]LogModuleManager: Shutting down and abandoning module AudioCaptureEditor (536)
[2018.11.01-20.20.50:300][111]LogModuleManager: Shutting down and abandoning module SequenceRecorder (535)
[2018.11.01-20.20.50:300][111]LogModuleManager: Shutting down and abandoning module MatineeToLevelSequence (532)
[2018.11.01-20.20.50:300][111]LogModuleManager: Shutting down and abandoning module LevelSequenceEditor (530)
[2018.11.01-20.20.50:300][111]LogModuleManager: Shutting down and abandoning module PlacementMode (529)
[2018.11.01-20.20.50:300][111]LogModuleManager: Shutting down and abandoning module MaterialEditor (528)
[2018.11.01-20.20.50:300][111]LogModuleManager: Shutting down and abandoning module WmfMediaFactory (524)
[2018.11.01-20.20.50:300][111]LogModuleManager: Shutting down and abandoning module WmfMediaEditor (522)
[2018.11.01-20.20.50:300][111]LogModuleManager: Shutting down and abandoning module MediaPlayerEditor (520)
[2018.11.01-20.20.50:300][111]LogModuleManager: Shutting down and abandoning module OpenExrWrapper (518)
[2018.11.01-20.20.50:300][111]LogModuleManager: Shutting down and abandoning module ImgMediaFactory (516)
[2018.11.01-20.20.50:300][111]LogModuleManager: Shutting down and abandoning module ImgMediaEditor (514)
[2018.11.01-20.20.50:300][111]LogModuleManager: Shutting down and abandoning module AvfMediaFactory (512)
[2018.11.01-20.20.50:300][111]LogModuleManager: Shutting down and abandoning module AvfMediaEditor (510)
[2018.11.01-20.20.50:300][111]LogModuleManager: Shutting down and abandoning module AndroidMediaFactory (508)
[2018.11.01-20.20.50:300][111]LogModuleManager: Shutting down and abandoning module AndroidMediaEditor (506)
[2018.11.01-20.20.50:300][111]LogModuleManager: Shutting down and abandoning module CharacterAI (504)
[2018.11.01-20.20.50:300][111]LogModuleManager: Shutting down and abandoning module SmartSnapping (502)
[2018.11.01-20.20.50:300][111]LogModuleManager: Shutting down and abandoning module SessionServices (500)
[2018.11.01-20.20.50:300][111]LogModuleManager: Shutting down and abandoning module ViewportSnapping (498)
[2018.11.01-20.20.50:300][111]LogModuleManager: Shutting down and abandoning module ViewportInteraction (496)
[2018.11.01-20.20.50:300][111]LogModuleManager: Shutting down and abandoning module ClothPainter (494)
[2018.11.01-20.20.50:300][111]LogModuleManager: Shutting down and abandoning module SkeletalMeshEditor (493)
[2018.11.01-20.20.50:300][111]LogModuleManager: Shutting down and abandoning module LogVisualizer (490)
[2018.11.01-20.20.50:301][111]LogModuleManager: Shutting down and abandoning module IntroTutorials (488)
[2018.11.01-20.20.50:301][111]LogModuleManager: Shutting down and abandoning module GameProjectGeneration (487)
[2018.11.01-20.20.50:301][111]LogModuleManager: Shutting down and abandoning module IOSPlatformEditor (484)
[2018.11.01-20.20.50:301][111]LogModuleManager: Shutting down and abandoning module HTML5PlatformEditor (482)
[2018.11.01-20.20.50:301][111]LogModuleManager: Shutting down and abandoning module AndroidPlatformEditor (480)
[2018.11.01-20.20.50:301][111]LogModuleManager: Shutting down and abandoning module AndroidDeviceDetection (479)
[2018.11.01-20.20.50:371][111]LogModuleManager: Shutting down and abandoning module WindowsPlatformEditor (476)
[2018.11.01-20.20.50:371][111]LogModuleManager: Shutting down and abandoning module IOSRuntimeSettings (474)
[2018.11.01-20.20.50:371][111]LogModuleManager: Shutting down and abandoning module AndroidRuntimeSettings (472)
[2018.11.01-20.20.50:371][111]LogModuleManager: Shutting down and abandoning module InputBindingEditor (470)
[2018.11.01-20.20.50:372][111]LogModuleManager: Shutting down and abandoning module MergeActors (468)
[2018.11.01-20.20.50:372][111]LogModuleManager: Shutting down and abandoning module LocalizationDashboard (466)
[2018.11.01-20.20.50:372][111]LogModuleManager: Shutting down and abandoning module LocalizationService (465)
[2018.11.01-20.20.50:372][111]LogModuleManager: Shutting down and abandoning module HardwareTargeting (462)
[2018.11.01-20.20.50:372][111]LogModuleManager: Shutting down and abandoning module DeviceProfileEditor (460)
[2018.11.01-20.20.50:372][111]LogModuleManager: Shutting down and abandoning module UndoHistory (458)
[2018.11.01-20.20.50:372][111]LogModuleManager: Shutting down and abandoning module XmlParser (456)
[2018.11.01-20.20.50:372][111]LogModuleManager: Shutting down and abandoning module Blutility (454)
[2018.11.01-20.20.50:372][111]LogModuleManager: Shutting down and abandoning module ProjectSettingsViewer (452)
[2018.11.01-20.20.50:372][111]LogModuleManager: Shutting down and abandoning module ProjectTargetPlatformEditor (451)
[2018.11.01-20.20.50:372][111]LogModuleManager: Shutting down and abandoning module EditorSettingsViewer (448)
[2018.11.01-20.20.50:372][111]LogModuleManager: Shutting down and abandoning module SettingsEditor (446)
[2018.11.01-20.20.50:372][111]LogModuleManager: Shutting down and abandoning module ProjectLauncher (444)
[2018.11.01-20.20.50:372][111]LogModuleManager: Shutting down and abandoning module SessionFrontend (442)
[2018.11.01-20.20.50:372][111]LogModuleManager: Shutting down and abandoning module ProfilerClient (440)
[2018.11.01-20.20.50:372][111]LogModuleManager: Shutting down and abandoning module DeviceManager (438)
[2018.11.01-20.20.50:372][111]LogModuleManager: Shutting down and abandoning module TargetDeviceServices (437)
[2018.11.01-20.20.50:438][111]LogModuleManager: Shutting down and abandoning module AutomationController (434)
[2018.11.01-20.20.50:438][111]LogModuleManager: Shutting down and abandoning module AutomationWindow (432)
[2018.11.01-20.20.50:438][111]LogModuleManager: Shutting down and abandoning module Layers (430)
[2018.11.01-20.20.50:438][111]LogModuleManager: Shutting down and abandoning module ComponentVisualizers (428)
[2018.11.01-20.20.50:438][111]LogModuleManager: Shutting down and abandoning module DetailCustomizations (426)
[2018.11.01-20.20.50:438][111]LogModuleManager: Shutting down and abandoning module PackagesDialog (424)
[2018.11.01-20.20.50:438][111]LogModuleManager: Shutting down and abandoning module Persona (422)
[2018.11.01-20.20.50:439][111]LogModuleManager: Shutting down and abandoning module AdvancedPreviewScene (421)
[2018.11.01-20.20.50:439][111]LogModuleManager: Shutting down and abandoning module AnimGraph (419)
[2018.11.01-20.20.50:439][111]LogModuleManager: Shutting down and abandoning module Kismet (416)
[2018.11.01-20.20.50:449][111]LogModuleManager: Shutting down and abandoning module GraphEditor (414)
[2018.11.01-20.20.50:449][111]LogModuleManager: Shutting down and abandoning module ClassViewer (412)
[2018.11.01-20.20.50:449][111]LogModuleManager: Shutting down and abandoning module Toolbox (410)
[2018.11.01-20.20.50:449][111]LogModuleManager: Shutting down and abandoning module ModuleUI (408)
[2018.11.01-20.20.50:450][111]LogModuleManager: Shutting down and abandoning module MovieSceneTools (406)
[2018.11.01-20.20.50:450][111]LogModuleManager: Shutting down and abandoning module OutputLog (404)
[2018.11.01-20.20.50:450][111]LogModuleManager: Shutting down and abandoning module GammaUI (402)
[2018.11.01-20.20.50:450][111]LogModuleManager: Shutting down and abandoning module Documentation (400)
[2018.11.01-20.20.50:450][111]LogModuleManager: Shutting down and abandoning module MovieSceneTracks (398)
[2018.11.01-20.20.50:450][111]LogModuleManager: Shutting down and abandoning module MovieScene (396)
[2018.11.01-20.20.50:450][111]LogModuleManager: Shutting down and abandoning module StreamingPauseRendering (394)
[2018.11.01-20.20.50:450][111]LogModuleManager: Shutting down and abandoning module LauncherPlatform (392)
[2018.11.01-20.20.50:450][111]LogModuleManager: Shutting down and abandoning module AnalyticsET (390)
[2018.11.01-20.20.50:450][111]LogModuleManager: Shutting down and abandoning module PortalServices (388)
[2018.11.01-20.20.50:450][111]LogModuleManager: Shutting down and abandoning module PortalRpc (386)
[2018.11.01-20.20.50:450][111]LogModuleManager: Shutting down and abandoning module MessagingRpc (384)
[2018.11.01-20.20.50:450][111]LogModuleManager: Shutting down and abandoning module AIModule (382)
[2018.11.01-20.20.50:450][111]LogModuleManager: Shutting down and abandoning module GameplayDebugger (381)
[2018.11.01-20.20.50:450][111]LogModuleManager: Shutting down and abandoning module AITestSuite (379)
[2018.11.01-20.20.50:450][111]LogModuleManager: Shutting down and abandoning module DesktopPlatform (376)
[2018.11.01-20.20.50:450][111]LogModuleManager: Shutting down and abandoning module ProfilerService (374)
[2018.11.01-20.20.50:521][111]LogModuleManager: Shutting down and abandoning module TaskGraph (372)
[2018.11.01-20.20.50:522][111]LogModuleManager: Shutting down and abandoning module SteamVRController (370)
[2018.11.01-20.20.50:522][111]LogModuleManager: Shutting down and abandoning module ProceduralMeshComponentEditor (368)
[2018.11.01-20.20.50:522][111]LogModuleManager: Shutting down and abandoning module ProceduralMeshComponent (366)
[2018.11.01-20.20.50:522][111]LogModuleManager: Shutting down and abandoning module OculusInput (364)
[2018.11.01-20.20.50:522][111]LogModuleManager: Shutting down and abandoning module MobilePatchingUtils (362)
[2018.11.01-20.20.50:522][111]LogModuleManager: Shutting down and abandoning module CustomMeshComponent (360)
[2018.11.01-20.20.50:522][111]LogModuleManager: Shutting down and abandoning module CableComponent (358)
[2018.11.01-20.20.50:522][111]LogModuleManager: Shutting down and abandoning module AudioCapture (356)
[2018.11.01-20.20.50:522][111]LogModuleManager: Shutting down and abandoning module ArchVisCharacter (354)
[2018.11.01-20.20.50:522][111]LogModuleManager: Shutting down and abandoning module AndroidPermission (352)
[2018.11.01-20.20.50:522][111]LogModuleManager: Shutting down and abandoning module NUTUnrealEngine4 (348)
[2018.11.01-20.20.50:522][111]LogModuleManager: Shutting down and abandoning module NetcodeUnitTest (346)
[2018.11.01-20.20.50:522][111]LogModuleManager: Shutting down and abandoning module MediaCompositingEditor (344)
[2018.11.01-20.20.50:522][111]LogModuleManager: Shutting down and abandoning module MediaCompositing (342)
[2018.11.01-20.20.50:522][111]LogModuleManager: Shutting down and abandoning module LinearTimecode (340)
[2018.11.01-20.20.50:522][111]LogModuleManager: Shutting down and abandoning module ImgMedia (338)
[2018.11.01-20.20.50:527][111]LogModuleManager: Shutting down and abandoning module HTML5Networking (336)
[2018.11.01-20.20.50:527][111]LogModuleManager: Shutting down and abandoning module AlembicImporter (334)
[2018.11.01-20.20.50:527][111]LogModuleManager: Shutting down and abandoning module AlembicLibrary (333)
[2018.11.01-20.20.50:527][111]LogModuleManager: Shutting down and abandoning module GeometryCache (332)
[2018.11.01-20.20.50:527][111]LogModuleManager: Shutting down and abandoning module GeometryCacheEd (331)
[2018.11.01-20.20.50:527][111]LogModuleManager: Shutting down and abandoning module DatasmithContent (326)
[2018.11.01-20.20.50:527][111]LogModuleManager: Shutting down and abandoning module SpeedTreeImporter (324)
[2018.11.01-20.20.50:527][111]LogModuleManager: Shutting down and abandoning module PluginBrowser (322)
[2018.11.01-20.20.50:527][111]LogModuleManager: Shutting down and abandoning module MobileLauncherProfileWizard (320)
[2018.11.01-20.20.50:527][111]LogModuleManager: Shutting down and abandoning module CryptoKeysOpenSSL (318)
[2018.11.01-20.20.50:527][111]LogModuleManager: Shutting down and abandoning module CryptoKeys (316)
[2018.11.01-20.20.50:527][111]LogModuleManager: Shutting down and abandoning module VisualStudioSourceCodeAccess (314)
[2018.11.01-20.20.50:527][111]LogModuleManager: Shutting down and abandoning module VisualStudioCodeSourceCodeAccess (312)
[2018.11.01-20.20.50:527][111]LogModuleManager: Shutting down and abandoning module UObjectPlugin (310)
[2018.11.01-20.20.50:528][111]LogModuleManager: Shutting down and abandoning module SubversionSourceControl (308)
[2018.11.01-20.20.50:528][111]LogModuleManager: Shutting down and abandoning module PerforceSourceControl (306)
[2018.11.01-20.20.50:528][111]LogModuleManager: Shutting down and abandoning module GitSourceControl (304)
[2018.11.01-20.20.50:528][111]LogModuleManager: Shutting down and abandoning module SourceControl (303)
[2018.11.01-20.20.50:528][111]LogModuleManager: Shutting down and abandoning module CLionSourceCodeAccess (300)
[2018.11.01-20.20.50:528][111]LogModuleManager: Shutting down and abandoning module LightPropagationVolumeEditor (298)
[2018.11.01-20.20.50:528][111]LogModuleManager: Shutting down and abandoning module PaperTiledImporter (296)
[2018.11.01-20.20.50:528][111]LogModuleManager: Shutting down and abandoning module PaperSpriteSheetImporter (294)
[2018.11.01-20.20.50:528][111]LogModuleManager: Shutting down and abandoning module Paper2DEditor (292)
[2018.11.01-20.20.50:528][111]LogModuleManager: Shutting down and abandoning module MeshPaint (291)
[2018.11.01-20.20.50:528][111]LogModuleManager: Shutting down and abandoning module RuntimePhysXCooking (288)
[2018.11.01-20.20.50:528][111]LogModuleManager: Shutting down and abandoning module PhysXVehiclesEditor (286)
[2018.11.01-20.20.50:528][111]LogModuleManager: Shutting down and abandoning module PhysXVehicles (284)
[2018.11.01-20.20.50:528][111]LogModuleManager: Shutting down and abandoning module OculusEditor (282)
[2018.11.01-20.20.50:528][111]LogModuleManager: Shutting down and abandoning module LocationServicesBPLibrary (280)
[2018.11.01-20.20.50:528][111]LogModuleManager: Shutting down and abandoning module ImmediatePhysicsEditor (278)
[2018.11.01-20.20.50:528][111]LogModuleManager: Shutting down and abandoning module ImmediatePhysics (276)
[2018.11.01-20.20.50:528][111]LogModuleManager: Shutting down and abandoning module ActorSequence (274)
[2018.11.01-20.20.50:528][111]LogModuleManager: Shutting down and abandoning module UdpMessaging (272)
[2018.11.01-20.20.50:629][111]LogModuleManager: Shutting down and abandoning module TcpMessaging (270)
[2018.11.01-20.20.50:730][111]LogModuleManager: Shutting down and abandoning module GameplayTagsEditor (268)
[2018.11.01-20.20.50:730][111]LogModuleManager: Shutting down and abandoning module FacialAnimationEditor (266)
[2018.11.01-20.20.50:730][111]LogModuleManager: Shutting down and abandoning module FacialAnimation (264)
[2018.11.01-20.20.50:730][111]LogModuleManager: Shutting down and abandoning module DataValidation (262)
[2018.11.01-20.20.50:730][111]LogModuleManager: Shutting down and abandoning module AssetManagerEditor (260)
[2018.11.01-20.20.50:730][111]LogModuleManager: Shutting down and abandoning module LevelEditor (259)
[2018.11.01-20.20.50:731][111]LogModuleManager: Shutting down and abandoning module PixelInspectorModule (258)
[2018.11.01-20.20.50:731][111]LogModuleManager: Shutting down and abandoning module CommonMenuExtensions (256)
[2018.11.01-20.20.50:731][111]LogModuleManager: Shutting down and abandoning module MainFrame (254)
[2018.11.01-20.20.50:732][111]LogModuleManager: Shutting down and abandoning module HotReload (253)
[2018.11.01-20.20.50:732][111]LogModuleManager: Shutting down and abandoning module ContentBrowser (249)
[2018.11.01-20.20.50:734][111]LogModuleManager: Shutting down and abandoning module TreeMap (247)
[2018.11.01-20.20.50:734][111]LogModuleManager: Shutting down and abandoning module LightPropagationVolumeRuntime (244)
[2018.11.01-20.20.50:734][111]LogModuleManager: Shutting down and abandoning module LiveLinkEditor (242)
[2018.11.01-20.20.50:734][111]LogModuleManager: Shutting down and abandoning module LiveLink (240)
[2018.11.01-20.20.51:174][111]LogModuleManager: Shutting down and abandoning module Paper2D (238)
[2018.11.01-20.20.51:175][111]LogModuleManager: Shutting down and abandoning module WindowsMoviePlayer (236)
[2018.11.01-20.20.51:175][111]LogModuleManager: Shutting down and abandoning module WmfMedia (234)
[2018.11.01-20.20.51:176][111]LogModuleManager: Shutting down and abandoning module Media (233)
[2018.11.01-20.20.51:182][111]LogModuleManager: Shutting down and abandoning module PacketHandler (230)
[2018.11.01-20.20.51:182][111]LogModuleManager: Shutting down and abandoning module ClothingSystemEditor (228)
[2018.11.01-20.20.51:182][111]LogModuleManager: Shutting down and abandoning module ClothingSystemRuntime (226)
[2018.11.01-20.20.51:182][111]LogModuleManager: Shutting down and abandoning module MediaAssets (224)
[2018.11.01-20.20.51:182][111]LogModuleManager: Shutting down and abandoning module Overlay (222)
[2018.11.01-20.20.51:182][111]LogModuleManager: Shutting down and abandoning module OverlayEditor (221)
[2018.11.01-20.20.51:182][111]LogModuleManager: Shutting down and abandoning module VREditor (218)
[2018.11.01-20.20.51:182][111]LogModuleManager: Shutting down and abandoning module StringTableEditor (216)
[2018.11.01-20.20.51:182][111]LogModuleManager: Shutting down and abandoning module GameplayTasksEditor (214)
[2018.11.01-20.20.51:182][111]LogModuleManager: Shutting down and abandoning module BehaviorTreeEditor (212)
[2018.11.01-20.20.51:183][111]LogModuleManager: Shutting down and abandoning module FunctionalTesting (210)
[2018.11.01-20.20.51:183][111]LogModuleManager: Shutting down and abandoning module CollisionAnalyzer (208)
[2018.11.01-20.20.51:183][111]LogModuleManager: Shutting down and abandoning module WorkspaceMenuStructure (207)
[2018.11.01-20.20.51:183][111]LogModuleManager: Shutting down and abandoning module UMG (204)
[2018.11.01-20.20.51:183][111]LogModuleManager: Shutting down and abandoning module UMGEditor (203)
[2018.11.01-20.20.51:183][111]LogModuleManager: Shutting down and abandoning module Sequencer (202)
[2018.11.01-20.20.51:183][111]LogModuleManager: Shutting down and abandoning module MessageLog (199)
[2018.11.01-20.20.51:183][111]LogModuleManager: Shutting down and abandoning module SlateReflector (194)
[2018.11.01-20.20.51:183][111]LogModuleManager: Shutting down and abandoning module Slate (192)
[2018.11.01-20.20.51:183][111]LogModuleManager: Shutting down and abandoning module EditorStyle (190)
[2018.11.01-20.20.51:185][111]LogModuleManager: Shutting down and abandoning module MRMesh (188)
[2018.11.01-20.20.51:185][111]LogModuleManager: Shutting down and abandoning module SourceCodeAccess (186)
[2018.11.01-20.20.51:185][111]LogModuleManager: Shutting down and abandoning module HeadMountedDisplay (184)
[2018.11.01-20.20.51:185][111]LogModuleManager: Shutting down and abandoning module XAudio2 (182)
[2018.11.01-20.20.51:185][111]LogModuleManager: Shutting down and abandoning module Networking (180)
[2018.11.01-20.20.51:185][111]LogModuleManager: Shutting down and abandoning module Core (178)
[2018.11.01-20.20.51:185][111]LogModuleManager: Shutting down and abandoning module LevelSequence (176)
[2018.11.01-20.20.51:185][111]LogModuleManager: Shutting down and abandoning module KismetCompiler (174)
[2018.11.01-20.20.51:185][111]LogModuleManager: Shutting down and abandoning module MeshUtilities (172)
[2018.11.01-20.20.51:185][111]LogModuleManager: Shutting down and abandoning module MeshMergeUtilities (171)
[2018.11.01-20.20.51:185][111]LogModuleManager: Shutting down and abandoning module MeshReductionInterface (170)
[2018.11.01-20.20.51:185][111]LogModuleManager: Shutting down and abandoning module SimplygonSwarm (169)
[2018.11.01-20.20.51:185][111]LogModuleManager: Shutting down and abandoning module SimplygonMeshReduction (167)
[2018.11.01-20.20.51:185][111]LogModuleManager: Shutting down and abandoning module QuadricMeshReduction (165)
[2018.11.01-20.20.51:185][111]LogModuleManager: Shutting down and abandoning module MaterialBaking (161)
[2018.11.01-20.20.51:185][111]LogModuleManager: Shutting down and abandoning module DirectoryWatcher (157)
[2018.11.01-20.20.51:188][111]LogModuleManager: Shutting down and abandoning module DerivedDataCache (154)
[2018.11.01-20.20.51:190][111]LogDerivedDataCache: Shutdown
[2018.11.01-20.20.51:191][111]LogModuleManager: Shutting down and abandoning module XGEController (152)
[2018.11.01-20.20.51:191][111]LogXGEController: Cleaning working directory: C:/Users/guipf/AppData/Local/Temp/UnrealXGEWorkingDir/
[2018.11.01-20.20.51:191][111]LogModuleManager: Shutting down and abandoning module TargetPlatform (150)
[2018.11.01-20.20.51:191][111]LogModuleManager: Shutting down and abandoning module VulkanShaderFormat (149)
[2018.11.01-20.20.51:191][111]LogModuleManager: Shutting down and abandoning module ShaderFormatVectorVM (147)
[2018.11.01-20.20.51:191][111]LogModuleManager: Shutting down and abandoning module ShaderFormatOpenGL (145)
[2018.11.01-20.20.51:191][111]LogModuleManager: Shutting down and abandoning module ShaderFormatD3D (143)
[2018.11.01-20.20.51:191][111]LogModuleManager: Shutting down and abandoning module MetalShaderFormat (141)
[2018.11.01-20.20.51:191][111]LogModuleManager: Shutting down and abandoning module TextureFormatUncompressed (139)
[2018.11.01-20.20.51:191][111]LogModuleManager: Shutting down and abandoning module TextureFormatPVR (137)
[2018.11.01-20.20.51:191][111]LogModuleManager: Shutting down and abandoning module TextureFormatDXT (135)
[2018.11.01-20.20.51:191][111]LogModuleManager: Shutting down and abandoning module TextureFormatIntelISPCTexComp (133)
[2018.11.01-20.20.51:191][111]LogModuleManager: Shutting down and abandoning module TextureFormatASTC (131)
[2018.11.01-20.20.51:191][111]LogModuleManager: Shutting down and abandoning module ImageWrapper (130)
[2018.11.01-20.20.51:191][111]LogModuleManager: Shutting down and abandoning module TextureFormatAndroid (127)
[2018.11.01-20.20.51:191][111]LogModuleManager: Shutting down and abandoning module AudioFormatOpus (125)
[2018.11.01-20.20.51:191][111]LogModuleManager: Shutting down and abandoning module AudioFormatOgg (123)
[2018.11.01-20.20.51:191][111]LogModuleManager: Shutting down and abandoning module AudioFormatADPCM (121)
[2018.11.01-20.20.51:192][111]LogModuleManager: Shutting down and abandoning module LinuxTargetPlatform (119)
[2018.11.01-20.20.51:192][111]LogModuleManager: Shutting down and abandoning module LinuxServerTargetPlatform (117)
[2018.11.01-20.20.51:192][111]LogModuleManager: Shutting down and abandoning module LinuxNoEditorTargetPlatform (115)
[2018.11.01-20.20.51:192][111]LogModuleManager: Shutting down and abandoning module LinuxClientTargetPlatform (113)
[2018.11.01-20.20.51:192][111]LogModuleManager: Shutting down and abandoning module TVOSTargetPlatform (111)
[2018.11.01-20.20.51:192][111]LogModuleManager: Shutting down and abandoning module Messaging (109)
[2018.11.01-20.20.51:192][111]LogModuleManager: Shutting down and abandoning module IOSTargetPlatform (107)
[2018.11.01-20.20.51:192][111]LogModuleManager: Shutting down and abandoning module HTML5TargetPlatform (105)
[2018.11.01-20.20.51:192][111]LogModuleManager: Shutting down and abandoning module AndroidTargetPlatform (103)
[2018.11.01-20.20.51:192][111]LogModuleManager: Shutting down and abandoning module Android_PVRTCTargetPlatform (101)
[2018.11.01-20.20.51:192][111]LogModuleManager: Shutting down and abandoning module Android_MultiTargetPlatform (99)
[2018.11.01-20.20.51:192][111]LogModuleManager: Shutting down and abandoning module Android_ETC2TargetPlatform (97)
[2018.11.01-20.20.51:192][111]LogModuleManager: Shutting down and abandoning module Android_ETC1TargetPlatform (95)
[2018.11.01-20.20.51:192][111]LogModuleManager: Shutting down and abandoning module Android_ETC1aTargetPlatform (93)
[2018.11.01-20.20.51:192][111]LogModuleManager: Shutting down and abandoning module Android_DXTTargetPlatform (91)
[2018.11.01-20.20.51:192][111]LogModuleManager: Shutting down and abandoning module Android_ATCTargetPlatform (89)
[2018.11.01-20.20.51:192][111]LogModuleManager: Shutting down and abandoning module Android_ASTCTargetPlatform (87)
[2018.11.01-20.20.51:192][111]LogModuleManager: Shutting down and abandoning module WindowsTargetPlatform (85)
[2018.11.01-20.20.51:192][111]LogModuleManager: Shutting down and abandoning module WindowsServerTargetPlatform (83)
[2018.11.01-20.20.51:192][111]LogModuleManager: Shutting down and abandoning module WindowsNoEditorTargetPlatform (81)
[2018.11.01-20.20.51:192][111]LogModuleManager: Shutting down and abandoning module WindowsClientTargetPlatform (79)
[2018.11.01-20.20.51:192][111]LogModuleManager: Shutting down and abandoning module MacTargetPlatform (77)
[2018.11.01-20.20.51:192][111]LogModuleManager: Shutting down and abandoning module MacServerTargetPlatform (75)
[2018.11.01-20.20.51:192][111]LogModuleManager: Shutting down and abandoning module MacNoEditorTargetPlatform (73)
[2018.11.01-20.20.51:192][111]LogModuleManager: Shutting down and abandoning module MacClientTargetPlatform (71)
[2018.11.01-20.20.51:192][111]LogModuleManager: Shutting down and abandoning module AllDesktopTargetPlatform (69)
[2018.11.01-20.20.51:192][111]LogModuleManager: Shutting down and abandoning module InputCore (66)
[2018.11.01-20.20.51:192][111]LogModuleManager: Shutting down and abandoning module Settings (64)
[2018.11.01-20.20.51:192][111]LogModuleManager: Shutting down and abandoning module PhysXCooking (62)
[2018.11.01-20.20.51:192][111]LogModuleManager: Shutting down and abandoning module SteamVR (60)
[2018.11.01-20.20.51:192][111]LogModuleManager: Shutting down and abandoning module OculusHMD (58)
[2018.11.01-20.20.51:192][111]LogModuleManager: Shutting down and abandoning module ExampleDeviceProfileSelector (56)
[2018.11.01-20.20.51:192][111]LogModuleManager: Shutting down and abandoning module AppleARKit (54)
[2018.11.01-20.20.51:192][111]LogModuleManager: Shutting down and abandoning module AugmentedReality (51)
[2018.11.01-20.20.51:192][111]LogModuleManager: Shutting down and abandoning module OnlineBlueprintSupport (48)
[2018.11.01-20.20.51:192][111]LogModuleManager: Shutting down and abandoning module OnlineSubsystem (44)
[2018.11.01-20.20.51:192][111]LogModuleManager: Shutting down and abandoning module XMPP (43)
[2018.11.01-20.20.51:193][111]LogModuleManager: Shutting down and abandoning module HTTP (41)
[2018.11.01-20.20.51:193][111]LogHttp: Display: Http module shutting down, but needs to wait on 1 outstanding Http requests:
[2018.11.01-20.20.51:193][111]LogHttp: Display: 	verb=[POST] url=[https://datarouter.ol.epicgames.com/datarouter/api/v1/public/data?SessionID=%7B41CD3AB1-49FB-CED9-20C3-56A21B3502CE%7D&AppID=UEEditor.Rocket.Release&AppVersion=4.19.2-4033788%2B%2B%2BUE4%2BRelease-4.19&UserID=fc36b0864e2bb861c90dd4ba8b0c9ed9%7C1bc9c48cd55446529a13535f15fd95f5%7Cb916b67c-d2e9-41fc-8e46-ba981e35687a&AppEnvironment=datacollector-binary&UploadType=eteventstream] status=Processing
[2018.11.01-20.20.51:226][111]LogModuleManager: Shutting down and abandoning module SSL (40)
[2018.11.01-20.20.51:228][111]LogModuleManager: Shutting down and abandoning module AnimationModifiers (36)
[2018.11.01-20.20.51:228][111]LogModuleManager: Shutting down and abandoning module PropertyEditor (35)
[2018.11.01-20.20.51:228][111]LogModuleManager: Shutting down and abandoning module AudioEditor (32)
[2018.11.01-20.20.51:228][111]LogModuleManager: Shutting down and abandoning module TextureCompressor (30)
[2018.11.01-20.20.51:229][111]LogModuleManager: Shutting down and abandoning module ShaderCore (28)
[2018.11.01-20.20.51:229][111]LogModuleManager: Shutting down and abandoning module Landscape (26)
[2018.11.01-20.20.51:229][111]LogModuleManager: Shutting down and abandoning module SlateRHIRenderer (24)
[2018.11.01-20.20.51:231][111]LogModuleManager: Shutting down and abandoning module OpenGLDrv (22)
[2018.11.01-20.20.51:231][111]LogModuleManager: Shutting down and abandoning module D3D11RHI (20)
[2018.11.01-20.20.51:231][111]LogModuleManager: Shutting down and abandoning module AnimGraphRuntime (18)
[2018.11.01-20.20.51:231][111]LogModuleManager: Shutting down and abandoning module Renderer (16)
[2018.11.01-20.20.51:231][111]LogModuleManager: Shutting down and abandoning module Engine (14)
[2018.11.01-20.20.51:231][111]LogModuleManager: Shutting down and abandoning module CoreUObject (12)
[2018.11.01-20.20.51:231][111]LogModuleManager: Shutting down and abandoning module NetworkFile (10)
[2018.11.01-20.20.51:231][111]LogModuleManager: Shutting down and abandoning module CookedIterativeFile (8)
[2018.11.01-20.20.51:231][111]LogModuleManager: Shutting down and abandoning module StreamingFile (6)
[2018.11.01-20.20.51:231][111]LogModuleManager: Shutting down and abandoning module SandboxFile (4)
[2018.11.01-20.20.51:231][111]LogModuleManager: Shutting down and abandoning module PakFile (2)
[2018.11.01-20.20.51:241][111]LogExit: Exiting.
[2018.11.01-20.20.51:269][111]Log file closed, 11/01/18 17:20:51
